2018-10-31 11:53:12,762 INFO    - - - Started execution
2018-10-31 11:53:12,763 INFO    - - - Checking effective user permissions
2018-10-31 11:53:12,764 INFO    - - - Confirmed superuser privileges, running...
2018-10-31 11:53:12,764 INFO    - - - KERNEL_NAME_VERSION | command: uname -rs
2018-10-31 11:53:13,598 INFO    - - - Saving output to kernel_name_version/uname_-rs.dat
2018-10-31 11:53:17,204 WARNING - - - Unknown command: kernel_name_version/uname_-rs.dat
2018-10-31 11:53:19,613 INFO    - - - KERNEL MODULES | command: lsmod
2018-10-31 11:53:22,077 WARNING - - - Unknown command: lsmod
2018-10-31 12:28:33,339 INFO    - - - NETWORK INTERFACES | command: ifconfig -a
2018-10-31 12:28:33,367 INFO    - - - Saving output to network_interfaces/ifconfig_-a.dat
2018-10-31 12:28:33,369 WARNING - - - Unknown command: network_interfaces/ifconfig_-a.dat
2018-10-31 12:28:33,370 INFO    - - - NETWORKING INFORMATION | command: find /etc/hosts -type f -exec cat {} +
2018-10-31 12:28:33,395 INFO    - - - Saving output to networking_information/find_//etc//hosts_-type_f_-exec_cat_{}_+.dat
2018-10-31 12:28:33,398 WARNING - - - Unknown command: networking_information/find_//etc//hosts_-type_f_-exec_cat_{}_+.dat
2018-10-31 12:28:33,400 INFO    - - - NETWORKING INFORMATION | command: find /etc/networks -type f -exec cat {} +
2018-10-31 12:28:33,431 INFO    - - - Saving output to networking_information/find_//etc//networks_-type_f_-exec_cat_{}_+.dat
2018-10-31 12:28:33,433 WARNING - - - Unknown command: networking_information/find_//etc//networks_-type_f_-exec_cat_{}_+.dat
2018-10-31 12:28:33,435 INFO    - - - NETWORKING INFORMATION | command: find /etc/protocols -type f -exec cat {} +
2018-10-31 12:28:33,459 INFO    - - - Saving output to networking_information/find_//etc//protocols_-type_f_-exec_cat_{}_+.dat
2018-10-31 12:28:33,461 WARNING - - - Unknown command: networking_information/find_//etc//protocols_-type_f_-exec_cat_{}_+.dat
2018-10-31 12:28:33,463 INFO    - - - NETWORKING INFORMATION | command: find /etc/ethers -type f -exec cat {} +
2018-10-31 12:28:33,480 INFO    - - - Saving output to networking_information/find_//etc//ethers_-type_f_-exec_cat_{}_+.dat
2018-10-31 12:28:33,482 WARNING - - - Unknown command: networking_information/find_//etc//ethers_-type_f_-exec_cat_{}_+.dat
2018-10-31 12:28:33,484 INFO    - - - NETWORKING INFORMATION | command: find /etc/netgroup -type f -exec cat {} +
2018-10-31 12:28:33,509 INFO    - - - Saving output to networking_information/find_//etc//netgroup_-type_f_-exec_cat_{}_+.dat
2018-10-31 12:28:33,511 WARNING - - - Unknown command: networking_information/find_//etc//netgroup_-type_f_-exec_cat_{}_+.dat
2018-10-31 12:28:33,514 INFO    - - - NETWORKING INFORMATION | command: find /etc/dhclients -type f -exec cat {} +
2018-10-31 12:28:33,535 INFO    - - - Saving output to networking_information/find_//etc//dhclients_-type_f_-exec_cat_{}_+.dat
2018-10-31 12:28:33,537 WARNING - - - Unknown command: networking_information/find_//etc//dhclients_-type_f_-exec_cat_{}_+.dat
2018-10-31 12:28:33,538 INFO    - - - HOSTNAME | command: hostname
2018-10-31 12:28:33,561 INFO    - - - Saving output to hostname/hostname.dat
2018-10-31 12:28:33,563 WARNING - - - Unknown command: hostname/hostname.dat
2018-10-31 12:28:33,564 INFO    - - - HOSTNAME | command: find /etc/hostname -type f -exec cat {} +
2018-10-31 12:28:33,584 INFO    - - - Saving output to hostname/find_//etc//hostname_-type_f_-exec_cat_{}_+.dat
2018-10-31 12:28:33,586 WARNING - - - Unknown command: hostname/find_//etc//hostname_-type_f_-exec_cat_{}_+.dat
2018-10-31 12:28:33,589 INFO    - - - LOGIN HISTORY | command: last -Faixw
2018-10-31 12:28:33,605 INFO    - - - Saving output to login_history/last_-Faixw.dat
2018-10-31 12:28:33,607 WARNING - - - Unknown command: login_history/last_-Faixw.dat
2018-10-31 12:28:33,609 INFO    - - - LOGIN HISTORY | command: find /etc/logs/auth.log -type f -exec cat {} +
2018-10-31 12:28:33,627 INFO    - - - Saving output to login_history/find_//etc//logs//auth.log_-type_f_-exec_cat_{}_+.dat
2018-10-31 12:28:33,629 WARNING - - - Unknown command: login_history/find_//etc//logs//auth.log_-type_f_-exec_cat_{}_+.dat
2018-10-31 12:28:33,631 INFO    - - - LOGIN HISTORY | command: find /etc/logs/secure -type f -exec cat {} +
2018-10-31 12:28:33,647 INFO    - - - Saving output to login_history/find_//etc//logs//secure_-type_f_-exec_cat_{}_+.dat
2018-10-31 12:28:33,649 WARNING - - - Unknown command: login_history/find_//etc//logs//secure_-type_f_-exec_cat_{}_+.dat
2018-10-31 12:28:33,650 INFO    - - - LOGIN HISTORY | command: find /etc/logs/audit.log -type f -exec cat {} +
2018-10-31 12:28:33,669 INFO    - - - Saving output to login_history/find_//etc//logs//audit.log_-type_f_-exec_cat_{}_+.dat
2018-10-31 12:28:33,672 WARNING - - - Unknown command: login_history/find_//etc//logs//audit.log_-type_f_-exec_cat_{}_+.dat
2018-10-31 12:28:33,673 INFO    - - - UNIX DISTRIBUTION | command: find /etc/*release -type f -exec cat {} +
2018-10-31 12:28:33,694 INFO    - - - Saving output to unix_distribution/find_//etc//*release_-type_f_-exec_cat_{}_+.dat
2018-10-31 12:28:33,696 WARNING - - - Unknown command: unix_distribution/find_//etc//*release_-type_f_-exec_cat_{}_+.dat
2018-10-31 12:28:33,697 INFO    - - - SOCKET CONNECTIONS | command: ss -p
2018-10-31 12:28:33,714 WARNING - - - Unknown command: ss
2018-10-31 12:28:33,718 INFO    - - - SOCKET CONNECTIONS | command: ss -naop
2018-10-31 12:28:33,734 WARNING - - - Unknown command: ss
2018-10-31 12:28:33,737 INFO    - - - PROCESSES | command: ps -eww
2018-10-31 12:28:33,804 INFO    - - - Saving output to processes/ps_-eww.dat
2018-10-31 12:28:33,806 WARNING - - - Unknown command: processes/ps_-eww.dat
2018-10-31 12:28:33,808 INFO    - - - PASSWORD FILES | command: find /etc/shadow -type f -exec cat {} +
2018-10-31 12:28:33,825 INFO    - - - Saving output to password_files/find_//etc//shadow_-type_f_-exec_cat_{}_+.dat
2018-10-31 12:28:33,827 WARNING - - - Unknown command: password_files/find_//etc//shadow_-type_f_-exec_cat_{}_+.dat
2018-10-31 12:28:33,829 INFO    - - - PASSWORD FILES | command: find /etc/passwd -type f -exec cat {} +
2018-10-31 12:28:33,857 INFO    - - - Saving output to password_files/find_//etc//passwd_-type_f_-exec_cat_{}_+.dat
2018-10-31 12:28:33,859 WARNING - - - Unknown command: password_files/find_//etc//passwd_-type_f_-exec_cat_{}_+.dat
2018-10-31 12:28:33,860 INFO    - - - SCHEDULED JOBS | command: find /etc/cron* -type f -exec cat {} +
2018-10-31 12:28:33,877 INFO    - - - Saving output to scheduled_jobs/find_//etc//cron*_-type_f_-exec_cat_{}_+.dat
2018-10-31 12:28:33,879 WARNING - - - Unknown command: scheduled_jobs/find_//etc//cron*_-type_f_-exec_cat_{}_+.dat
2018-10-31 12:28:33,881 INFO    - - - SCHEDULED JOBS | command: find /var/spool/cron/* -type f -exec cat {} +
2018-10-31 12:28:33,898 INFO    - - - Saving output to scheduled_jobs/find_//var//spool//cron//*_-type_f_-exec_cat_{}_+.dat
2018-10-31 12:28:33,900 WARNING - - - Unknown command: scheduled_jobs/find_//var//spool//cron//*_-type_f_-exec_cat_{}_+.dat
2018-10-31 12:28:33,902 INFO    - - - X WINDOW CONFIG FILES | command: find /etc/X11/* -type f -exec cat {} +
2018-10-31 12:28:33,919 INFO    - - - Saving output to x_window_config_files/find_//etc//X11//*_-type_f_-exec_cat_{}_+.dat
2018-10-31 12:28:33,923 WARNING - - - Unknown command: x_window_config_files/find_//etc//X11//*_-type_f_-exec_cat_{}_+.dat
2018-10-31 12:28:33,924 INFO    - - - YUM REPOSITORIES | command: find /etc/yum.repos.d/* -type f -exec cat {} +
2018-10-31 12:28:33,977 INFO    - - - Saving output to yum_repositories/find_//etc//yum.repos.d//*_-type_f_-exec_cat_{}_+.dat
2018-10-31 12:28:33,979 WARNING - - - Unknown command: yum_repositories/find_//etc//yum.repos.d//*_-type_f_-exec_cat_{}_+.dat
2018-10-31 12:28:33,981 INFO    - - - CACHED YUM DATA FILES | command: find /var/cache/yum -type f -exec ls {} +
2018-10-31 12:28:34,000 INFO    - - - Saving output to cached_yum_data_files/find_//var//cache//yum_-type_f_-exec_ls_{}_+.dat
2018-10-31 12:28:34,002 WARNING - - - Unknown command: cached_yum_data_files/find_//var//cache//yum_-type_f_-exec_ls_{}_+.dat
2018-10-31 12:28:34,004 INFO    - - - INSTALLED YUM PACKAGES | command: yum list installed
2018-10-31 12:28:34,026 WARNING - - - Unknown command: yum
2018-10-31 12:28:34,028 INFO    - - - STARTUP SCRIPTS | command: find /etc/rc.d/* -type f -exec cat {} +
2018-10-31 12:28:34,045 INFO    - - - Saving output to startup_scripts/find_//etc//rc.d//*_-type_f_-exec_cat_{}_+.dat
2018-10-31 12:28:34,048 WARNING - - - Unknown command: startup_scripts/find_//etc//rc.d//*_-type_f_-exec_cat_{}_+.dat
2018-10-31 12:28:34,050 INFO    - - - STARTUP SCRIPTS | command: find /etc/init* -type f -exec cat {} +
2018-10-31 12:28:34,074 INFO    - - - Saving output to startup_scripts/find_//etc//init*_-type_f_-exec_cat_{}_+.dat
2018-10-31 12:28:34,076 WARNING - - - Unknown command: startup_scripts/find_//etc//init*_-type_f_-exec_cat_{}_+.dat
2018-10-31 12:28:34,077 INFO    - - - OPEN FILES | command: lsof -R
2018-10-31 12:33:24,626 INFO    - - - Saving output to open_files/lsof_-R.dat
2018-10-31 12:33:24,628 WARNING - - - Unknown command: open_files/lsof_-R.dat
2018-10-31 12:33:24,629 INFO    - - - SSH CONFIGURATION | command: find $HOME/.ssh -type f -exec cat {} +
2018-10-31 12:33:24,638 INFO    - - - Saving output to ssh_configuration/find_$HOME//.ssh_-type_f_-exec_cat_{}_+.dat
2018-10-31 12:33:24,639 WARNING - - - Unknown command: ssh_configuration/find_$HOME//.ssh_-type_f_-exec_cat_{}_+.dat
2018-10-31 12:33:24,641 INFO    - - - USER COMMANDS | command: find /usr/bin -type f -exec ls {} +
2018-10-31 12:33:24,664 INFO    - - - Saving output to user_commands/find_//usr//bin_-type_f_-exec_ls_{}_+.dat
2018-10-31 12:33:24,665 WARNING - - - Unknown command: user_commands/find_//usr//bin_-type_f_-exec_ls_{}_+.dat
2018-10-31 12:33:24,666 INFO    - - - USER COMMANDS | command: find /usr/local/bin -type f -exec ls {} +
2018-10-31 12:33:24,680 INFO    - - - Saving output to user_commands/find_//usr//local//bin_-type_f_-exec_ls_{}_+.dat
2018-10-31 12:33:24,681 WARNING - - - Unknown command: user_commands/find_//usr//local//bin_-type_f_-exec_ls_{}_+.dat
2018-10-31 12:33:24,682 INFO    - - - PROCESS TREE | command: pstree -alp
2018-10-31 12:33:24,687 WARNING - - - Unknown command: pstree
