2018-11-05 10:34:23,232 INFO    - - - Started execution
2018-11-05 10:34:23,232 INFO    - - - Checking effective user permissions
2018-11-05 10:34:23,232 INFO    - - - Confirmed superuser privileges, running...
2018-11-05 10:34:23,232 INFO    - - - SSH CONFIGURATION | command: find $HOME/.ssh -type f -exec cat {} +
2018-11-05 10:34:23,237 INFO    - - - Saving output to ssh_configuration/find_$HOME_.ssh_-type_f_-exec_cat_{}_+.txt
2018-11-05 10:34:23,237 WARNING - - - Unknown command or file -  [Errno 2] No such file or directory
2018-11-05 10:34:23,237 INFO    - - - YUM REPOSITORIES | command: find /etc/yum.repos.d/* -type f -exec cat {} +
2018-11-05 10:34:23,241 INFO    - - - Saving output to yum_repositories/find__etc_yum.repos.d_*_-type_f_-exec_cat_{}_+.txt
2018-11-05 10:34:23,241 WARNING - - - Unknown command or file -  [Errno 2] No such file or directory
2018-11-05 10:34:23,241 INFO    - - - PROCESSES | command: ps -eww
2018-11-05 10:34:23,291 INFO    - - - Saving output to processes/ps_-eww.txt
2018-11-05 10:34:23,291 WARNING - - - Unknown command or file -  [Errno 2] No such file or directory
2018-11-05 10:34:23,291 INFO    - - - USER COMMANDS | command: find /usr/bin -type f -exec ls {} +
2018-11-05 10:34:23,318 INFO    - - - Saving output to user_commands/find__usr_bin_-type_f_-exec_ls_{}_+.txt
2018-11-05 10:34:23,318 WARNING - - - Unknown command or file -  [Errno 2] No such file or directory
2018-11-05 10:34:23,318 INFO    - - - USER COMMANDS | command: find /usr/local/bin -type f -exec ls {} +
2018-11-05 10:34:23,328 INFO    - - - Saving output to user_commands/find__usr_local_bin_-type_f_-exec_ls_{}_+.txt
2018-11-05 10:34:23,328 WARNING - - - Unknown command or file -  [Errno 2] No such file or directory
2018-11-05 10:34:23,328 INFO    - - - NETWORKING INFORMATION | command: find /etc/hosts -type f -exec cat {} +
2018-11-05 10:34:23,335 INFO    - - - Saving output to networking_information/find__etc_hosts_-type_f_-exec_cat_{}_+.txt
2018-11-05 10:34:23,335 WARNING - - - Unknown command or file -  [Errno 2] No such file or directory
2018-11-05 10:34:23,335 INFO    - - - NETWORKING INFORMATION | command: find /etc/networks -type f -exec cat {} +
2018-11-05 10:34:23,341 INFO    - - - Saving output to networking_information/find__etc_networks_-type_f_-exec_cat_{}_+.txt
2018-11-05 10:34:23,341 WARNING - - - Unknown command or file -  [Errno 2] No such file or directory
2018-11-05 10:34:23,342 INFO    - - - NETWORKING INFORMATION | command: find /etc/protocols -type f -exec cat {} +
2018-11-05 10:34:23,348 INFO    - - - Saving output to networking_information/find__etc_protocols_-type_f_-exec_cat_{}_+.txt
2018-11-05 10:34:23,348 WARNING - - - Unknown command or file -  [Errno 2] No such file or directory
2018-11-05 10:34:23,348 INFO    - - - NETWORKING INFORMATION | command: find /etc/ethers -type f -exec cat {} +
2018-11-05 10:34:23,352 INFO    - - - Saving output to networking_information/find__etc_ethers_-type_f_-exec_cat_{}_+.txt
2018-11-05 10:34:23,352 WARNING - - - Unknown command or file -  [Errno 2] No such file or directory
2018-11-05 10:34:23,353 INFO    - - - NETWORKING INFORMATION | command: find /etc/netgroup -type f -exec cat {} +
2018-11-05 10:34:23,356 INFO    - - - Saving output to networking_information/find__etc_netgroup_-type_f_-exec_cat_{}_+.txt
2018-11-05 10:34:23,357 WARNING - - - Unknown command or file -  [Errno 2] No such file or directory
2018-11-05 10:34:23,357 INFO    - - - NETWORKING INFORMATION | command: find /etc/dhclients -type f -exec cat {} +
2018-11-05 10:34:23,361 INFO    - - - Saving output to networking_information/find__etc_dhclients_-type_f_-exec_cat_{}_+.txt
2018-11-05 10:34:23,361 WARNING - - - Unknown command or file -  [Errno 2] No such file or directory
2018-11-05 10:34:23,361 INFO    - - - KERNEL MODULES | command: lsmod
2018-11-05 10:34:23,373 WARNING - - - Unknown command or file -  [Errno 2] No such file or directory
2018-11-05 10:34:23,373 INFO    - - - STARTUP SCRIPTS | command: find /etc/rc.d/* -type f -exec cat {} +
2018-11-05 10:34:23,378 INFO    - - - Saving output to startup_scripts/find__etc_rc.d_*_-type_f_-exec_cat_{}_+.txt
2018-11-05 10:34:23,378 WARNING - - - Unknown command or file -  [Errno 2] No such file or directory
2018-11-05 10:34:23,378 INFO    - - - STARTUP SCRIPTS | command: find /etc/init* -type f -exec cat {} +
2018-11-05 10:34:23,382 INFO    - - - Saving output to startup_scripts/find__etc_init*_-type_f_-exec_cat_{}_+.txt
2018-11-05 10:34:23,382 WARNING - - - Unknown command or file -  [Errno 2] No such file or directory
2018-11-05 10:34:23,382 INFO    - - - INSTALLED YUM PACKAGES | command: yum list installed
2018-11-05 10:34:23,386 WARNING - - - Unknown command or file -  [Errno 2] No such file or directory
2018-11-05 10:34:23,387 INFO    - - - PROCESS TREE | command: pstree -alp
2018-11-05 10:34:23,391 WARNING - - - Unknown command or file -  [Errno 2] No such file or directory
2018-11-05 10:34:23,391 INFO    - - - HOSTNAME | command: hostname
2018-11-05 10:34:23,394 INFO    - - - Saving output to hostname/hostname.txt
2018-11-05 10:34:23,395 WARNING - - - Unknown command or file -  [Errno 2] No such file or directory
2018-11-05 10:34:23,395 INFO    - - - HOSTNAME | command: find /etc/hostname -type f -exec cat {} +
2018-11-05 10:34:23,399 INFO    - - - Saving output to hostname/find__etc_hostname_-type_f_-exec_cat_{}_+.txt
2018-11-05 10:34:23,399 WARNING - - - Unknown command or file -  [Errno 2] No such file or directory
2018-11-05 10:34:23,399 INFO    - - - OPEN FILES | command: lsof -R
