2018-11-05 11:24:38,197 INFO    - - - Started execution
2018-11-05 11:24:38,197 INFO    - - - Checking effective user permissions
2018-11-05 11:24:38,197 INFO    - - - Confirmed superuser privileges, running...
2018-11-05 11:24:38,197 INFO    - - - Checking directory structure...
2018-11-05 11:24:38,198 INFO    - - - Directory %s does not exist, creating...
2018-11-05 11:24:38,198 INFO    - - - Directory %s does not exist, creating...
2018-11-05 11:24:38,198 INFO    - - - Directory %s does not exist, creating...
2018-11-05 11:24:38,198 INFO    - - - Directory %s does not exist, creating...
2018-11-05 11:24:38,199 INFO    - - - Directory %s does not exist, creating...
2018-11-05 11:24:38,199 INFO    - - - Directory %s does not exist, creating...
2018-11-05 11:24:38,199 INFO    - - - Directory %s does not exist, creating...
2018-11-05 11:24:38,199 INFO    - - - Directory %s does not exist, creating...
2018-11-05 11:24:38,199 INFO    - - - Directory %s does not exist, creating...
2018-11-05 11:24:38,199 INFO    - - - Directory %s does not exist, creating...
2018-11-05 11:24:38,200 INFO    - - - Directory %s does not exist, creating...
2018-11-05 11:24:38,200 INFO    - - - Directory %s does not exist, creating...
2018-11-05 11:24:38,200 INFO    - - - Directory %s does not exist, creating...
2018-11-05 11:24:38,200 INFO    - - - Directory %s does not exist, creating...
2018-11-05 11:24:38,200 INFO    - - - Directory %s does not exist, creating...
2018-11-05 11:24:38,200 INFO    - - - Directory %s does not exist, creating...
2018-11-05 11:24:38,201 INFO    - - - Directory %s does not exist, creating...
2018-11-05 11:24:38,201 INFO    - - - Directory %s does not exist, creating...
2018-11-05 11:24:38,201 INFO    - - - Directory %s does not exist, creating...
2018-11-05 11:24:38,201 INFO    - - - Directory %s does not exist, creating...
2018-11-05 11:24:38,201 INFO    - - - KERNEL_NAME_VERSION | command: uname -rs
2018-11-05 11:24:38,206 INFO    - - - Saving output to kernel_name_version/uname_-rs.txt
2018-11-05 11:24:38,206 WARNING - - - Unknown command or file -  [Errno 22] Invalid argument
2018-11-05 11:24:38,206 INFO    - - - KERNEL MODULES | command: lsmod
2018-11-05 11:24:38,210 WARNING - - - Unknown command or file -  [Errno 2] No such file or directory: 'lsmod': 'lsmod'
2018-11-05 11:24:38,210 INFO    - - - NETWORK INTERFACES | command: ifconfig -a
2018-11-05 11:24:38,217 INFO    - - - Saving output to network_interfaces/ifconfig_-a.txt
2018-11-05 11:24:38,217 WARNING - - - Unknown command or file -  [Errno 22] Invalid argument
2018-11-05 11:24:38,217 INFO    - - - NETWORKING INFORMATION | command: find /etc/hosts -type f -exec cat {} +
2018-11-05 11:24:38,224 INFO    - - - Saving output to networking_information/find__etc_hosts_-type_f_-exec_cat_{}_+.txt
2018-11-05 11:24:38,224 WARNING - - - Unknown command or file -  [Errno 22] Invalid argument
2018-11-05 11:24:38,224 INFO    - - - NETWORKING INFORMATION | command: find /etc/networks -type f -exec cat {} +
2018-11-05 11:24:38,231 INFO    - - - Saving output to networking_information/find__etc_networks_-type_f_-exec_cat_{}_+.txt
2018-11-05 11:24:38,231 WARNING - - - Unknown command or file -  [Errno 22] Invalid argument
2018-11-05 11:24:38,231 INFO    - - - NETWORKING INFORMATION | command: find /etc/protocols -type f -exec cat {} +
2018-11-05 11:24:38,237 INFO    - - - Saving output to networking_information/find__etc_protocols_-type_f_-exec_cat_{}_+.txt
2018-11-05 11:24:38,238 WARNING - - - Unknown command or file -  [Errno 22] Invalid argument
2018-11-05 11:24:38,238 INFO    - - - NETWORKING INFORMATION | command: find /etc/ethers -type f -exec cat {} +
2018-11-05 11:24:38,242 INFO    - - - Saving output to networking_information/find__etc_ethers_-type_f_-exec_cat_{}_+.txt
2018-11-05 11:24:38,243 WARNING - - - Unknown command or file -  [Errno 22] Invalid argument
2018-11-05 11:24:38,243 INFO    - - - NETWORKING INFORMATION | command: find /etc/netgroup -type f -exec cat {} +
2018-11-05 11:24:38,247 INFO    - - - Saving output to networking_information/find__etc_netgroup_-type_f_-exec_cat_{}_+.txt
2018-11-05 11:24:38,247 WARNING - - - Unknown command or file -  [Errno 22] Invalid argument
2018-11-05 11:24:38,247 INFO    - - - NETWORKING INFORMATION | command: find /etc/dhclients -type f -exec cat {} +
2018-11-05 11:24:38,251 INFO    - - - Saving output to networking_information/find__etc_dhclients_-type_f_-exec_cat_{}_+.txt
2018-11-05 11:24:38,252 WARNING - - - Unknown command or file -  [Errno 22] Invalid argument
2018-11-05 11:24:38,252 INFO    - - - HOSTNAME | command: hostname
2018-11-05 11:24:38,255 INFO    - - - Saving output to hostname/hostname.txt
2018-11-05 11:24:38,256 WARNING - - - Unknown command or file -  [Errno 22] Invalid argument
2018-11-05 11:24:38,256 INFO    - - - HOSTNAME | command: find /etc/hostname -type f -exec cat {} +
2018-11-05 11:24:38,260 INFO    - - - Saving output to hostname/find__etc_hostname_-type_f_-exec_cat_{}_+.txt
2018-11-05 11:24:38,260 WARNING - - - Unknown command or file -  [Errno 22] Invalid argument
2018-11-05 11:24:38,261 INFO    - - - LOGIN HISTORY | command: last -Faixw
2018-11-05 11:24:38,264 INFO    - - - Saving output to login_history/last_-Faixw.txt
2018-11-05 11:24:38,265 WARNING - - - Unknown command or file -  [Errno 22] Invalid argument
2018-11-05 11:24:38,265 INFO    - - - LOGIN HISTORY | command: find /etc/logs/auth.log -type f -exec cat {} +
2018-11-05 11:24:38,269 INFO    - - - Saving output to login_history/find__etc_logs_auth.log_-type_f_-exec_cat_{}_+.txt
2018-11-05 11:24:38,269 WARNING - - - Unknown command or file -  [Errno 22] Invalid argument
2018-11-05 11:24:38,269 INFO    - - - LOGIN HISTORY | command: find /etc/logs/secure -type f -exec cat {} +
2018-11-05 11:24:38,274 INFO    - - - Saving output to login_history/find__etc_logs_secure_-type_f_-exec_cat_{}_+.txt
2018-11-05 11:24:38,274 WARNING - - - Unknown command or file -  [Errno 22] Invalid argument
2018-11-05 11:24:38,274 INFO    - - - LOGIN HISTORY | command: find /etc/logs/audit.log -type f -exec cat {} +
2018-11-05 11:24:38,278 INFO    - - - Saving output to login_history/find__etc_logs_audit.log_-type_f_-exec_cat_{}_+.txt
2018-11-05 11:24:38,278 WARNING - - - Unknown command or file -  [Errno 22] Invalid argument
2018-11-05 11:24:38,279 INFO    - - - UNIX DISTRIBUTION | command: find /etc/*release -type f -exec cat {} +
2018-11-05 11:24:38,283 INFO    - - - Saving output to unix_distribution/find__etc_*release_-type_f_-exec_cat_{}_+.txt
2018-11-05 11:24:38,283 WARNING - - - Unknown command or file -  [Errno 22] Invalid argument
2018-11-05 11:24:38,283 INFO    - - - SOCKET CONNECTIONS | command: ss -p
2018-11-05 11:24:38,286 WARNING - - - Unknown command or file -  [Errno 2] No such file or directory: 'ss': 'ss'
2018-11-05 11:24:38,286 INFO    - - - SOCKET CONNECTIONS | command: ss -naop
2018-11-05 11:24:38,290 WARNING - - - Unknown command or file -  [Errno 2] No such file or directory: 'ss': 'ss'
2018-11-05 11:24:38,290 INFO    - - - PROCESSES | command: ps -eww
2018-11-05 11:24:38,342 INFO    - - - Saving output to processes/ps_-eww.txt
2018-11-05 11:24:38,343 WARNING - - - Unknown command or file -  [Errno 22] Invalid argument
2018-11-05 11:24:38,343 INFO    - - - PASSWORD FILES | command: find /etc/shadow -type f -exec cat {} +
2018-11-05 11:24:38,347 INFO    - - - Saving output to password_files/find__etc_shadow_-type_f_-exec_cat_{}_+.txt
2018-11-05 11:24:38,347 WARNING - - - Unknown command or file -  [Errno 22] Invalid argument
2018-11-05 11:24:38,347 INFO    - - - PASSWORD FILES | command: find /etc/passwd -type f -exec cat {} +
2018-11-05 11:24:38,354 INFO    - - - Saving output to password_files/find__etc_passwd_-type_f_-exec_cat_{}_+.txt
2018-11-05 11:24:38,354 WARNING - - - Unknown command or file -  [Errno 22] Invalid argument
2018-11-05 11:24:38,354 INFO    - - - SCHEDULED JOBS | command: find /etc/cron* -type f -exec cat {} +
2018-11-05 11:24:38,358 INFO    - - - Saving output to scheduled_jobs/find__etc_cron*_-type_f_-exec_cat_{}_+.txt
2018-11-05 11:24:38,359 WARNING - - - Unknown command or file -  [Errno 22] Invalid argument
2018-11-05 11:24:38,359 INFO    - - - SCHEDULED JOBS | command: find /var/spool/cron/* -type f -exec cat {} +
2018-11-05 11:24:38,363 INFO    - - - Saving output to scheduled_jobs/find__var_spool_cron_*_-type_f_-exec_cat_{}_+.txt
2018-11-05 11:24:38,363 WARNING - - - Unknown command or file -  [Errno 22] Invalid argument
2018-11-05 11:24:38,363 INFO    - - - X WINDOW CONFIG FILES | command: find /etc/X11/* -type f -exec cat {} +
2018-11-05 11:24:38,367 INFO    - - - Saving output to x_window_config_files/find__etc_X11_*_-type_f_-exec_cat_{}_+.txt
2018-11-05 11:24:38,368 WARNING - - - Unknown command or file -  [Errno 22] Invalid argument
2018-11-05 11:24:38,368 INFO    - - - YUM REPOSITORIES | command: find /etc/yum.repos.d/* -type f -exec cat {} +
2018-11-05 11:24:38,372 INFO    - - - Saving output to yum_repositories/find__etc_yum.repos.d_*_-type_f_-exec_cat_{}_+.txt
2018-11-05 11:24:38,372 WARNING - - - Unknown command or file -  [Errno 22] Invalid argument
2018-11-05 11:24:38,372 INFO    - - - CACHED YUM DATA FILES | command: find /var/cache/yum -type f -exec ls {} +
2018-11-05 11:24:38,377 INFO    - - - Saving output to cached_yum_data_files/find__var_cache_yum_-type_f_-exec_ls_{}_+.txt
2018-11-05 11:24:38,377 WARNING - - - Unknown command or file -  [Errno 22] Invalid argument
2018-11-05 11:24:38,377 INFO    - - - INSTALLED YUM PACKAGES | command: yum list installed
2018-11-05 11:24:38,380 WARNING - - - Unknown command or file -  [Errno 2] No such file or directory: 'yum': 'yum'
2018-11-05 11:24:38,380 INFO    - - - STARTUP SCRIPTS | command: find /etc/rc.d/* -type f -exec cat {} +
2018-11-05 11:24:38,385 INFO    - - - Saving output to startup_scripts/find__etc_rc.d_*_-type_f_-exec_cat_{}_+.txt
2018-11-05 11:24:38,385 WARNING - - - Unknown command or file -  [Errno 22] Invalid argument
2018-11-05 11:24:38,385 INFO    - - - STARTUP SCRIPTS | command: find /etc/init* -type f -exec cat {} +
2018-11-05 11:24:38,389 INFO    - - - Saving output to startup_scripts/find__etc_init*_-type_f_-exec_cat_{}_+.txt
2018-11-05 11:24:38,390 WARNING - - - Unknown command or file -  [Errno 22] Invalid argument
2018-11-05 11:24:38,390 INFO    - - - OPEN FILES | command: lsof -R
2018-11-05 11:25:03,750 INFO    - - - Saving output to open_files/lsof_-R.txt
2018-11-05 11:25:03,760 WARNING - - - Unknown command or file -  [Errno 22] Invalid argument
2018-11-05 11:25:03,760 INFO    - - - SSH CONFIGURATION | command: find $HOME/.ssh -type f -exec cat {} +
2018-11-05 11:25:03,766 INFO    - - - Saving output to ssh_configuration/find_$HOME_.ssh_-type_f_-exec_cat_{}_+.txt
2018-11-05 11:25:03,766 WARNING - - - Unknown command or file -  [Errno 22] Invalid argument
2018-11-05 11:25:03,766 INFO    - - - USER COMMANDS | command: find /usr/bin -type f -exec ls {} +
2018-11-05 11:25:03,785 INFO    - - - Saving output to user_commands/find__usr_bin_-type_f_-exec_ls_{}_+.txt
2018-11-05 11:25:03,785 WARNING - - - Unknown command or file -  [Errno 22] Invalid argument
2018-11-05 11:25:03,785 INFO    - - - USER COMMANDS | command: find /usr/local/bin -type f -exec ls {} +
2018-11-05 11:25:03,795 INFO    - - - Saving output to user_commands/find__usr_local_bin_-type_f_-exec_ls_{}_+.txt
2018-11-05 11:25:03,795 WARNING - - - Unknown command or file -  [Errno 22] Invalid argument
2018-11-05 11:25:03,795 INFO    - - - PROCESS TREE | command: pstree -alp
2018-11-05 11:25:03,798 WARNING - - - Unknown command or file -  [Errno 2] No such file or directory: 'pstree': 'pstree'
