2018-11-07 10:44:53,121 INFO    - - - Started execution
2018-11-07 10:44:53,121 INFO    - - - Checking effective user permissions
2018-11-07 10:44:53,121 INFO    - - - Confirmed superuser privileges, running...
2018-11-07 10:44:53,121 INFO    - - - Checking directory structure...
2018-11-07 10:44:53,121 INFO    - - - Directory kernel_name_version exists
2018-11-07 10:44:53,121 INFO    - - - Directory kernel_modules exists
2018-11-07 10:44:53,122 INFO    - - - Directory network_interfaces exists
2018-11-07 10:44:53,122 INFO    - - - Directory networking_information exists
2018-11-07 10:44:53,122 INFO    - - - Directory hostname exists
2018-11-07 10:44:53,122 INFO    - - - Directory login_history exists
2018-11-07 10:44:53,122 INFO    - - - Directory unix_distribution exists
2018-11-07 10:44:53,122 INFO    - - - Directory socket_connections exists
2018-11-07 10:44:53,122 INFO    - - - Directory processes exists
2018-11-07 10:44:53,122 INFO    - - - Directory password_files exists
2018-11-07 10:44:53,122 INFO    - - - Directory scheduled_jobs exists
2018-11-07 10:44:53,122 INFO    - - - Directory x_window_config_files exists
2018-11-07 10:44:53,122 INFO    - - - Directory yum_repositories exists
2018-11-07 10:44:53,122 INFO    - - - Directory cached_yum_data_files exists
2018-11-07 10:44:53,123 INFO    - - - Directory installed_yum_packages exists
2018-11-07 10:44:53,123 INFO    - - - Directory startup_scripts exists
2018-11-07 10:44:53,123 INFO    - - - Directory open_files exists
2018-11-07 10:44:53,123 INFO    - - - Directory ssh_configuration exists
2018-11-07 10:44:53,123 INFO    - - - Directory user_commands exists
2018-11-07 10:44:53,123 INFO    - - - Directory process_tree exists
2018-11-07 10:44:53,123 INFO    - - - KERNEL_NAME_VERSION | command: uname -rs
2018-11-07 10:44:53,127 INFO    - - - Saving output to output/kernel_name_version/uname_-rs.txt
2018-11-07 10:44:53,128 INFO    - - - Saved ./kernel_name_version/uname -rs successfully
2018-11-07 10:44:53,128 INFO    - - - KERNEL MODULES | command: lsmod
2018-11-07 10:44:53,131 WARNING - - - Unknown command or file -  [Errno 2] No such file or directory: 'lsmod': 'lsmod'
2018-11-07 10:44:53,131 INFO    - - - NETWORK INTERFACES | command: ifconfig -a
2018-11-07 10:44:53,138 INFO    - - - Saving output to output/network_interfaces/ifconfig_-a.txt
2018-11-07 10:44:53,139 INFO    - - - Saved ./network interfaces/ifconfig -a successfully
2018-11-07 10:44:53,139 INFO    - - - NETWORKING INFORMATION | command: find /etc/hosts -type f -exec cat {} +
2018-11-07 10:44:53,145 INFO    - - - Saving output to output/networking_information/find__etc_hosts_-type_f_-exec_cat_{}_+.txt
2018-11-07 10:44:53,146 INFO    - - - Saved ./networking information/find /etc/hosts -type f -exec cat {} + successfully
2018-11-07 10:44:53,146 INFO    - - - NETWORKING INFORMATION | command: find /etc/networks -type f -exec cat {} +
2018-11-07 10:44:53,153 INFO    - - - Saving output to output/networking_information/find__etc_networks_-type_f_-exec_cat_{}_+.txt
2018-11-07 10:44:53,153 INFO    - - - Saved ./networking information/find /etc/networks -type f -exec cat {} + successfully
2018-11-07 10:44:53,153 INFO    - - - NETWORKING INFORMATION | command: find /etc/protocols -type f -exec cat {} +
2018-11-07 10:44:53,160 INFO    - - - Saving output to output/networking_information/find__etc_protocols_-type_f_-exec_cat_{}_+.txt
2018-11-07 10:44:53,160 INFO    - - - Saved ./networking information/find /etc/protocols -type f -exec cat {} + successfully
2018-11-07 10:44:53,160 INFO    - - - NETWORKING INFORMATION | command: find /etc/ethers -type f -exec cat {} +
2018-11-07 10:44:53,165 INFO    - - - Saving output to output/networking_information/find__etc_ethers_-type_f_-exec_cat_{}_+.txt
2018-11-07 10:44:53,165 INFO    - - - Saved ./networking information/find /etc/ethers -type f -exec cat {} + successfully
2018-11-07 10:44:53,165 INFO    - - - NETWORKING INFORMATION | command: find /etc/netgroup -type f -exec cat {} +
2018-11-07 10:44:53,169 INFO    - - - Saving output to output/networking_information/find__etc_netgroup_-type_f_-exec_cat_{}_+.txt
2018-11-07 10:44:53,170 INFO    - - - Saved ./networking information/find /etc/netgroup -type f -exec cat {} + successfully
2018-11-07 10:44:53,170 INFO    - - - NETWORKING INFORMATION | command: find /etc/dhclients -type f -exec cat {} +
2018-11-07 10:44:53,174 INFO    - - - Saving output to output/networking_information/find__etc_dhclients_-type_f_-exec_cat_{}_+.txt
2018-11-07 10:44:53,174 INFO    - - - Saved ./networking information/find /etc/dhclients -type f -exec cat {} + successfully
2018-11-07 10:44:53,174 INFO    - - - HOSTNAME | command: hostname
2018-11-07 10:44:53,178 INFO    - - - Saving output to output/hostname/hostname.txt
2018-11-07 10:44:53,179 INFO    - - - Saved ./hostname/hostname successfully
2018-11-07 10:44:53,179 INFO    - - - HOSTNAME | command: find /etc/hostname -type f -exec cat {} +
2018-11-07 10:44:53,183 INFO    - - - Saving output to output/hostname/find__etc_hostname_-type_f_-exec_cat_{}_+.txt
2018-11-07 10:44:53,184 INFO    - - - Saved ./hostname/find /etc/hostname -type f -exec cat {} + successfully
2018-11-07 10:44:53,184 INFO    - - - LOGIN HISTORY | command: last -Faixw
2018-11-07 10:44:53,187 INFO    - - - Saving output to output/login_history/last_-Faixw.txt
2018-11-07 10:44:53,188 INFO    - - - Saved ./login history/last -Faixw successfully
2018-11-07 10:44:53,188 INFO    - - - LOGIN HISTORY | command: find /etc/logs/auth.log -type f -exec cat {} +
2018-11-07 10:44:53,193 INFO    - - - Saving output to output/login_history/find__etc_logs_auth.log_-type_f_-exec_cat_{}_+.txt
2018-11-07 10:44:53,194 INFO    - - - Saved ./login history/find /etc/logs/auth.log -type f -exec cat {} + successfully
2018-11-07 10:44:53,194 INFO    - - - LOGIN HISTORY | command: find /etc/logs/secure -type f -exec cat {} +
2018-11-07 10:44:53,198 INFO    - - - Saving output to output/login_history/find__etc_logs_secure_-type_f_-exec_cat_{}_+.txt
2018-11-07 10:44:53,199 INFO    - - - Saved ./login history/find /etc/logs/secure -type f -exec cat {} + successfully
2018-11-07 10:44:53,199 INFO    - - - LOGIN HISTORY | command: find /etc/logs/audit.log -type f -exec cat {} +
2018-11-07 10:44:53,203 INFO    - - - Saving output to output/login_history/find__etc_logs_audit.log_-type_f_-exec_cat_{}_+.txt
2018-11-07 10:44:53,204 INFO    - - - Saved ./login history/find /etc/logs/audit.log -type f -exec cat {} + successfully
2018-11-07 10:44:53,204 INFO    - - - UNIX DISTRIBUTION | command: find /etc/*release -type f -exec cat {} +
2018-11-07 10:44:53,208 INFO    - - - Saving output to output/unix_distribution/find__etc_*release_-type_f_-exec_cat_{}_+.txt
2018-11-07 10:44:53,209 INFO    - - - Saved ./unix distribution/find /etc/*release -type f -exec cat {} + successfully
2018-11-07 10:44:53,209 INFO    - - - SOCKET CONNECTIONS | command: ss -p
2018-11-07 10:44:53,212 WARNING - - - Unknown command or file -  [Errno 2] No such file or directory: 'ss': 'ss'
2018-11-07 10:44:53,212 INFO    - - - SOCKET CONNECTIONS | command: ss -naop
2018-11-07 10:44:53,215 WARNING - - - Unknown command or file -  [Errno 2] No such file or directory: 'ss': 'ss'
2018-11-07 10:44:53,216 INFO    - - - PROCESSES | command: ps -eww
2018-11-07 10:44:53,268 INFO    - - - Saving output to output/processes/ps_-eww.txt
2018-11-07 10:44:53,269 INFO    - - - Saved ./processes/ps -eww successfully
2018-11-07 10:44:53,269 INFO    - - - PASSWORD FILES | command: find /etc/shadow -type f -exec cat {} +
2018-11-07 10:44:53,273 INFO    - - - Saving output to output/password_files/find__etc_shadow_-type_f_-exec_cat_{}_+.txt
2018-11-07 10:44:53,274 INFO    - - - Saved ./password files/find /etc/shadow -type f -exec cat {} + successfully
2018-11-07 10:44:53,274 INFO    - - - PASSWORD FILES | command: find /etc/passwd -type f -exec cat {} +
2018-11-07 10:44:53,280 INFO    - - - Saving output to output/password_files/find__etc_passwd_-type_f_-exec_cat_{}_+.txt
2018-11-07 10:44:53,281 INFO    - - - Saved ./password files/find /etc/passwd -type f -exec cat {} + successfully
2018-11-07 10:44:53,281 INFO    - - - SCHEDULED JOBS | command: find /etc/cron* -type f -exec cat {} +
2018-11-07 10:44:53,285 INFO    - - - Saving output to output/scheduled_jobs/find__etc_cron*_-type_f_-exec_cat_{}_+.txt
2018-11-07 10:44:53,286 INFO    - - - Saved ./scheduled jobs/find /etc/cron* -type f -exec cat {} + successfully
2018-11-07 10:44:53,286 INFO    - - - SCHEDULED JOBS | command: find /var/spool/cron/* -type f -exec cat {} +
2018-11-07 10:44:53,290 INFO    - - - Saving output to output/scheduled_jobs/find__var_spool_cron_*_-type_f_-exec_cat_{}_+.txt
2018-11-07 10:44:53,291 INFO    - - - Saved ./scheduled jobs/find /var/spool/cron/* -type f -exec cat {} + successfully
2018-11-07 10:44:53,291 INFO    - - - X WINDOW CONFIG FILES | command: find /etc/X11/* -type f -exec cat {} +
2018-11-07 10:44:53,295 INFO    - - - Saving output to output/x_window_config_files/find__etc_X11_*_-type_f_-exec_cat_{}_+.txt
2018-11-07 10:44:53,296 INFO    - - - Saved ./x window config files/find /etc/X11/* -type f -exec cat {} + successfully
2018-11-07 10:44:53,296 INFO    - - - YUM REPOSITORIES | command: find /etc/yum.repos.d/* -type f -exec cat {} +
2018-11-07 10:44:53,300 INFO    - - - Saving output to output/yum_repositories/find__etc_yum.repos.d_*_-type_f_-exec_cat_{}_+.txt
2018-11-07 10:44:53,300 INFO    - - - Saved ./yum repositories/find /etc/yum.repos.d/* -type f -exec cat {} + successfully
2018-11-07 10:44:53,300 INFO    - - - CACHED YUM DATA FILES | command: find /var/cache/yum -type f -exec ls {} +
2018-11-07 10:44:53,305 INFO    - - - Saving output to output/cached_yum_data_files/find__var_cache_yum_-type_f_-exec_ls_{}_+.txt
2018-11-07 10:44:53,305 INFO    - - - Saved ./cached yum data files/find /var/cache/yum -type f -exec ls {} + successfully
2018-11-07 10:44:53,305 INFO    - - - INSTALLED YUM PACKAGES | command: yum list installed
2018-11-07 10:44:53,308 WARNING - - - Unknown command or file -  [Errno 2] No such file or directory: 'yum': 'yum'
2018-11-07 10:44:53,309 INFO    - - - STARTUP SCRIPTS | command: find /etc/rc.d/* -type f -exec cat {} +
2018-11-07 10:44:53,313 INFO    - - - Saving output to output/startup_scripts/find__etc_rc.d_*_-type_f_-exec_cat_{}_+.txt
2018-11-07 10:44:53,313 INFO    - - - Saved ./startup scripts/find /etc/rc.d/* -type f -exec cat {} + successfully
2018-11-07 10:44:53,313 INFO    - - - STARTUP SCRIPTS | command: find /etc/init* -type f -exec cat {} +
2018-11-07 10:44:53,317 INFO    - - - Saving output to output/startup_scripts/find__etc_init*_-type_f_-exec_cat_{}_+.txt
2018-11-07 10:44:53,318 INFO    - - - Saved ./startup scripts/find /etc/init* -type f -exec cat {} + successfully
2018-11-07 10:44:53,318 INFO    - - - OPEN FILES | command: lsof -R
2018-11-07 10:45:18,298 INFO    - - - Saving output to output/open_files/lsof_-R.txt
2018-11-07 10:45:18,300 INFO    - - - Saved ./open files/lsof -R successfully
2018-11-07 10:45:18,301 INFO    - - - SSH CONFIGURATION | command: find $HOME/.ssh -type f -exec cat {} +
2018-11-07 10:45:18,305 INFO    - - - Saving output to output/ssh_configuration/find_$HOME_.ssh_-type_f_-exec_cat_{}_+.txt
2018-11-07 10:45:18,306 INFO    - - - Saved ./ssh configuration/find $HOME/.ssh -type f -exec cat {} + successfully
2018-11-07 10:45:18,306 INFO    - - - USER COMMANDS | command: find /usr/bin -type f -exec ls {} +
2018-11-07 10:45:18,324 INFO    - - - Saving output to output/user_commands/find__usr_bin_-type_f_-exec_ls_{}_+.txt
2018-11-07 10:45:18,325 INFO    - - - Saved ./user commands/find /usr/bin -type f -exec ls {} + successfully
2018-11-07 10:45:18,325 INFO    - - - USER COMMANDS | command: find /usr/local/bin -type f -exec ls {} +
2018-11-07 10:45:18,334 INFO    - - - Saving output to output/user_commands/find__usr_local_bin_-type_f_-exec_ls_{}_+.txt
2018-11-07 10:45:18,335 INFO    - - - Saved ./user commands/find /usr/local/bin -type f -exec ls {} + successfully
2018-11-07 10:45:18,335 INFO    - - - PROCESS TREE | command: pstree -alp
2018-11-07 10:45:18,338 WARNING - - - Unknown command or file -  [Errno 2] No such file or directory: 'pstree': 'pstree'
