2018-11-05 11:10:49,133 INFO    - - - Started execution
2018-11-05 11:10:49,133 INFO    - - - Checking effective user permissions
2018-11-05 11:10:49,133 INFO    - - - Confirmed superuser privileges, running...
2018-11-05 11:10:49,133 INFO    - - - KERNEL_NAME_VERSION | command: uname -rs
2018-11-05 11:10:49,138 INFO    - - - Saving output to kernel_name_version/uname_-rs.txt
2018-11-05 11:10:49,139 INFO    - - - Saved ./kernel_name_version/uname -rs successfully
2018-11-05 11:10:49,139 INFO    - - - KERNEL MODULES | command: lsmod
2018-11-05 11:10:49,142 WARNING - - - Unknown command or file -  [Errno 2] No such file or directory: 'lsmod': 'lsmod'
2018-11-05 11:10:49,142 INFO    - - - NETWORK INTERFACES | command: ifconfig -a
2018-11-05 11:10:49,149 INFO    - - - Saving output to network_interfaces/ifconfig_-a.txt
2018-11-05 11:10:49,150 WARNING - - - Unknown command or file -  [Errno 2] No such file or directory
2018-11-05 11:10:49,150 INFO    - - - NETWORKING INFORMATION | command: find /etc/hosts -type f -exec cat {} +
2018-11-05 11:10:49,157 INFO    - - - Saving output to networking_information/find__etc_hosts_-type_f_-exec_cat_{}_+.txt
2018-11-05 11:10:49,157 WARNING - - - Unknown command or file -  [Errno 2] No such file or directory
2018-11-05 11:10:49,157 INFO    - - - NETWORKING INFORMATION | command: find /etc/networks -type f -exec cat {} +
2018-11-05 11:10:49,164 INFO    - - - Saving output to networking_information/find__etc_networks_-type_f_-exec_cat_{}_+.txt
2018-11-05 11:10:49,164 WARNING - - - Unknown command or file -  [Errno 2] No such file or directory
2018-11-05 11:10:49,165 INFO    - - - NETWORKING INFORMATION | command: find /etc/protocols -type f -exec cat {} +
2018-11-05 11:10:49,171 INFO    - - - Saving output to networking_information/find__etc_protocols_-type_f_-exec_cat_{}_+.txt
2018-11-05 11:10:49,172 WARNING - - - Unknown command or file -  [Errno 2] No such file or directory
2018-11-05 11:10:49,172 INFO    - - - NETWORKING INFORMATION | command: find /etc/ethers -type f -exec cat {} +
2018-11-05 11:10:49,176 INFO    - - - Saving output to networking_information/find__etc_ethers_-type_f_-exec_cat_{}_+.txt
2018-11-05 11:10:49,177 WARNING - - - Unknown command or file -  [Errno 2] No such file or directory
2018-11-05 11:10:49,177 INFO    - - - NETWORKING INFORMATION | command: find /etc/netgroup -type f -exec cat {} +
2018-11-05 11:10:49,181 INFO    - - - Saving output to networking_information/find__etc_netgroup_-type_f_-exec_cat_{}_+.txt
2018-11-05 11:10:49,182 WARNING - - - Unknown command or file -  [Errno 2] No such file or directory
2018-11-05 11:10:49,182 INFO    - - - NETWORKING INFORMATION | command: find /etc/dhclients -type f -exec cat {} +
2018-11-05 11:10:49,186 INFO    - - - Saving output to networking_information/find__etc_dhclients_-type_f_-exec_cat_{}_+.txt
2018-11-05 11:10:49,187 WARNING - - - Unknown command or file -  [Errno 2] No such file or directory
2018-11-05 11:10:49,187 INFO    - - - HOSTNAME | command: hostname
2018-11-05 11:10:49,191 INFO    - - - Saving output to hostname/hostname.txt
2018-11-05 11:10:49,191 WARNING - - - Unknown command or file -  [Errno 2] No such file or directory
2018-11-05 11:10:49,191 INFO    - - - HOSTNAME | command: find /etc/hostname -type f -exec cat {} +
2018-11-05 11:10:49,195 INFO    - - - Saving output to hostname/find__etc_hostname_-type_f_-exec_cat_{}_+.txt
2018-11-05 11:10:49,196 WARNING - - - Unknown command or file -  [Errno 2] No such file or directory
2018-11-05 11:10:49,196 INFO    - - - LOGIN HISTORY | command: last -Faixw
2018-11-05 11:10:49,200 INFO    - - - Saving output to login_history/last_-Faixw.txt
2018-11-05 11:10:49,200 WARNING - - - Unknown command or file -  [Errno 2] No such file or directory
2018-11-05 11:10:49,200 INFO    - - - LOGIN HISTORY | command: find /etc/logs/auth.log -type f -exec cat {} +
2018-11-05 11:10:49,205 INFO    - - - Saving output to login_history/find__etc_logs_auth.log_-type_f_-exec_cat_{}_+.txt
2018-11-05 11:10:49,206 WARNING - - - Unknown command or file -  [Errno 2] No such file or directory
2018-11-05 11:10:49,206 INFO    - - - LOGIN HISTORY | command: find /etc/logs/secure -type f -exec cat {} +
2018-11-05 11:10:49,210 INFO    - - - Saving output to login_history/find__etc_logs_secure_-type_f_-exec_cat_{}_+.txt
2018-11-05 11:10:49,211 WARNING - - - Unknown command or file -  [Errno 2] No such file or directory
2018-11-05 11:10:49,211 INFO    - - - LOGIN HISTORY | command: find /etc/logs/audit.log -type f -exec cat {} +
2018-11-05 11:10:49,215 INFO    - - - Saving output to login_history/find__etc_logs_audit.log_-type_f_-exec_cat_{}_+.txt
2018-11-05 11:10:49,216 WARNING - - - Unknown command or file -  [Errno 2] No such file or directory
2018-11-05 11:10:49,216 INFO    - - - UNIX DISTRIBUTION | command: find /etc/*release -type f -exec cat {} +
2018-11-05 11:10:49,220 INFO    - - - Saving output to unix_distribution/find__etc_*release_-type_f_-exec_cat_{}_+.txt
2018-11-05 11:10:49,221 WARNING - - - Unknown command or file -  [Errno 2] No such file or directory
2018-11-05 11:10:49,221 INFO    - - - SOCKET CONNECTIONS | command: ss -p
2018-11-05 11:10:49,224 WARNING - - - Unknown command or file -  [Errno 2] No such file or directory: 'ss': 'ss'
2018-11-05 11:10:49,225 INFO    - - - SOCKET CONNECTIONS | command: ss -naop
2018-11-05 11:10:49,228 WARNING - - - Unknown command or file -  [Errno 2] No such file or directory: 'ss': 'ss'
2018-11-05 11:10:49,228 INFO    - - - PROCESSES | command: ps -eww
2018-11-05 11:10:49,283 INFO    - - - Saving output to processes/ps_-eww.txt
2018-11-05 11:10:49,283 WARNING - - - Unknown command or file -  [Errno 2] No such file or directory
2018-11-05 11:10:49,283 INFO    - - - PASSWORD FILES | command: find /etc/shadow -type f -exec cat {} +
2018-11-05 11:10:49,287 INFO    - - - Saving output to password_files/find__etc_shadow_-type_f_-exec_cat_{}_+.txt
2018-11-05 11:10:49,288 WARNING - - - Unknown command or file -  [Errno 2] No such file or directory
2018-11-05 11:10:49,288 INFO    - - - PASSWORD FILES | command: find /etc/passwd -type f -exec cat {} +
2018-11-05 11:10:49,294 INFO    - - - Saving output to password_files/find__etc_passwd_-type_f_-exec_cat_{}_+.txt
2018-11-05 11:10:49,295 WARNING - - - Unknown command or file -  [Errno 2] No such file or directory
2018-11-05 11:10:49,295 INFO    - - - SCHEDULED JOBS | command: find /etc/cron* -type f -exec cat {} +
2018-11-05 11:10:49,299 INFO    - - - Saving output to scheduled_jobs/find__etc_cron*_-type_f_-exec_cat_{}_+.txt
2018-11-05 11:10:49,300 WARNING - - - Unknown command or file -  [Errno 2] No such file or directory
2018-11-05 11:10:49,300 INFO    - - - SCHEDULED JOBS | command: find /var/spool/cron/* -type f -exec cat {} +
2018-11-05 11:10:49,305 INFO    - - - Saving output to scheduled_jobs/find__var_spool_cron_*_-type_f_-exec_cat_{}_+.txt
2018-11-05 11:10:49,305 WARNING - - - Unknown command or file -  [Errno 2] No such file or directory
2018-11-05 11:10:49,306 INFO    - - - X WINDOW CONFIG FILES | command: find /etc/X11/* -type f -exec cat {} +
2018-11-05 11:10:49,310 INFO    - - - Saving output to x_window_config_files/find__etc_X11_*_-type_f_-exec_cat_{}_+.txt
2018-11-05 11:10:49,311 WARNING - - - Unknown command or file -  [Errno 2] No such file or directory
2018-11-05 11:10:49,311 INFO    - - - YUM REPOSITORIES | command: find /etc/yum.repos.d/* -type f -exec cat {} +
2018-11-05 11:10:49,315 INFO    - - - Saving output to yum_repositories/find__etc_yum.repos.d_*_-type_f_-exec_cat_{}_+.txt
2018-11-05 11:10:49,316 WARNING - - - Unknown command or file -  [Errno 2] No such file or directory
2018-11-05 11:10:49,316 INFO    - - - CACHED YUM DATA FILES | command: find /var/cache/yum -type f -exec ls {} +
2018-11-05 11:10:49,321 INFO    - - - Saving output to cached_yum_data_files/find__var_cache_yum_-type_f_-exec_ls_{}_+.txt
2018-11-05 11:10:49,321 WARNING - - - Unknown command or file -  [Errno 2] No such file or directory
2018-11-05 11:10:49,321 INFO    - - - INSTALLED YUM PACKAGES | command: yum list installed
2018-11-05 11:10:49,325 WARNING - - - Unknown command or file -  [Errno 2] No such file or directory: 'yum': 'yum'
2018-11-05 11:10:49,325 INFO    - - - STARTUP SCRIPTS | command: find /etc/rc.d/* -type f -exec cat {} +
2018-11-05 11:10:49,330 INFO    - - - Saving output to startup_scripts/find__etc_rc.d_*_-type_f_-exec_cat_{}_+.txt
2018-11-05 11:10:49,330 WARNING - - - Unknown command or file -  [Errno 2] No such file or directory
2018-11-05 11:10:49,330 INFO    - - - STARTUP SCRIPTS | command: find /etc/init* -type f -exec cat {} +
2018-11-05 11:10:49,334 INFO    - - - Saving output to startup_scripts/find__etc_init*_-type_f_-exec_cat_{}_+.txt
2018-11-05 11:10:49,335 WARNING - - - Unknown command or file -  [Errno 2] No such file or directory
2018-11-05 11:10:49,335 INFO    - - - OPEN FILES | command: lsof -R
2018-11-05 11:11:11,349 INFO    - - - Saving output to open_files/lsof_-R.txt
2018-11-05 11:11:11,350 WARNING - - - Unknown command or file -  [Errno 2] No such file or directory
2018-11-05 11:11:11,350 INFO    - - - SSH CONFIGURATION | command: find $HOME/.ssh -type f -exec cat {} +
2018-11-05 11:11:11,354 INFO    - - - Saving output to ssh_configuration/find_$HOME_.ssh_-type_f_-exec_cat_{}_+.txt
2018-11-05 11:11:11,355 WARNING - - - Unknown command or file -  [Errno 2] No such file or directory
2018-11-05 11:11:11,355 INFO    - - - USER COMMANDS | command: find /usr/bin -type f -exec ls {} +
2018-11-05 11:11:11,374 INFO    - - - Saving output to user_commands/find__usr_bin_-type_f_-exec_ls_{}_+.txt
2018-11-05 11:11:11,375 WARNING - - - Unknown command or file -  [Errno 2] No such file or directory
2018-11-05 11:11:11,375 INFO    - - - USER COMMANDS | command: find /usr/local/bin -type f -exec ls {} +
2018-11-05 11:11:11,385 INFO    - - - Saving output to user_commands/find__usr_local_bin_-type_f_-exec_ls_{}_+.txt
2018-11-05 11:11:11,385 WARNING - - - Unknown command or file -  [Errno 2] No such file or directory
2018-11-05 11:11:11,385 INFO    - - - PROCESS TREE | command: pstree -alp
2018-11-05 11:11:11,388 WARNING - - - Unknown command or file -  [Errno 2] No such file or directory: 'pstree': 'pstree'
