2018-11-05 10:06:37,896 INFO    - - - Started execution
2018-11-05 10:06:37,896 INFO    - - - Checking effective user permissions
2018-11-05 10:06:37,897 INFO    - - - Confirmed superuser privileges, running...
2018-11-05 10:06:37,897 INFO    - - - KERNEL_NAME_VERSION | command: uname -rs
2018-11-05 10:06:37,901 INFO    - - - Saving output to kernel_name_version/uname_-rs.txt
2018-11-05 10:06:37,901 INFO    - - - Saved ./kernel_name_version/uname -rs successfully
2018-11-05 10:06:37,901 INFO    - - - KERNEL MODULES | command: lsmod
2018-11-05 10:06:37,904 WARNING - - - Unknown command: lsmod
2018-11-05 10:06:37,905 INFO    - - - NETWORK INTERFACES | command: ifconfig -a
2018-11-05 10:06:37,911 INFO    - - - Saving output to network_interfaces/ifconfig_-a.txt
2018-11-05 10:06:37,911 WARNING - - - Unknown command: network_interfaces/ifconfig_-a.txt
2018-11-05 10:06:37,911 INFO    - - - NETWORKING INFORMATION | command: find /etc/hosts -type f -exec cat {} +
2018-11-05 10:06:37,917 INFO    - - - Saving output to networking_information/find__etc_hosts_-type_f_-exec_cat_{}_+.txt
2018-11-05 10:06:37,917 WARNING - - - Unknown command: networking_information/find__etc_hosts_-type_f_-exec_cat_{}_+.txt
2018-11-05 10:06:37,917 INFO    - - - NETWORKING INFORMATION | command: find /etc/networks -type f -exec cat {} +
2018-11-05 10:06:37,924 INFO    - - - Saving output to networking_information/find__etc_networks_-type_f_-exec_cat_{}_+.txt
2018-11-05 10:06:37,924 WARNING - - - Unknown command: networking_information/find__etc_networks_-type_f_-exec_cat_{}_+.txt
2018-11-05 10:06:37,924 INFO    - - - NETWORKING INFORMATION | command: find /etc/protocols -type f -exec cat {} +
2018-11-05 10:06:37,930 INFO    - - - Saving output to networking_information/find__etc_protocols_-type_f_-exec_cat_{}_+.txt
2018-11-05 10:06:37,931 WARNING - - - Unknown command: networking_information/find__etc_protocols_-type_f_-exec_cat_{}_+.txt
2018-11-05 10:06:37,931 INFO    - - - NETWORKING INFORMATION | command: find /etc/ethers -type f -exec cat {} +
2018-11-05 10:06:37,934 INFO    - - - Saving output to networking_information/find__etc_ethers_-type_f_-exec_cat_{}_+.txt
2018-11-05 10:06:37,935 WARNING - - - Unknown command: networking_information/find__etc_ethers_-type_f_-exec_cat_{}_+.txt
2018-11-05 10:06:37,935 INFO    - - - NETWORKING INFORMATION | command: find /etc/netgroup -type f -exec cat {} +
2018-11-05 10:06:37,939 INFO    - - - Saving output to networking_information/find__etc_netgroup_-type_f_-exec_cat_{}_+.txt
2018-11-05 10:06:37,939 WARNING - - - Unknown command: networking_information/find__etc_netgroup_-type_f_-exec_cat_{}_+.txt
2018-11-05 10:06:37,939 INFO    - - - NETWORKING INFORMATION | command: find /etc/dhclients -type f -exec cat {} +
2018-11-05 10:06:37,942 INFO    - - - Saving output to networking_information/find__etc_dhclients_-type_f_-exec_cat_{}_+.txt
2018-11-05 10:06:37,943 WARNING - - - Unknown command: networking_information/find__etc_dhclients_-type_f_-exec_cat_{}_+.txt
2018-11-05 10:06:37,943 INFO    - - - HOSTNAME | command: hostname
2018-11-05 10:06:37,947 INFO    - - - Saving output to hostname/hostname.txt
2018-11-05 10:06:37,947 WARNING - - - Unknown command: hostname/hostname.txt
2018-11-05 10:06:37,947 INFO    - - - HOSTNAME | command: find /etc/hostname -type f -exec cat {} +
2018-11-05 10:06:37,950 INFO    - - - Saving output to hostname/find__etc_hostname_-type_f_-exec_cat_{}_+.txt
2018-11-05 10:06:37,951 WARNING - - - Unknown command: hostname/find__etc_hostname_-type_f_-exec_cat_{}_+.txt
2018-11-05 10:06:37,951 INFO    - - - LOGIN HISTORY | command: last -Faixw
2018-11-05 10:06:37,954 INFO    - - - Saving output to login_history/last_-Faixw.txt
2018-11-05 10:06:37,955 WARNING - - - Unknown command: login_history/last_-Faixw.txt
2018-11-05 10:06:37,955 INFO    - - - LOGIN HISTORY | command: find /etc/logs/auth.log -type f -exec cat {} +
2018-11-05 10:06:37,958 INFO    - - - Saving output to login_history/find__etc_logs_auth.log_-type_f_-exec_cat_{}_+.txt
2018-11-05 10:06:37,959 WARNING - - - Unknown command: login_history/find__etc_logs_auth.log_-type_f_-exec_cat_{}_+.txt
2018-11-05 10:06:37,959 INFO    - - - LOGIN HISTORY | command: find /etc/logs/secure -type f -exec cat {} +
2018-11-05 10:06:37,963 INFO    - - - Saving output to login_history/find__etc_logs_secure_-type_f_-exec_cat_{}_+.txt
2018-11-05 10:06:37,963 WARNING - - - Unknown command: login_history/find__etc_logs_secure_-type_f_-exec_cat_{}_+.txt
2018-11-05 10:06:37,963 INFO    - - - LOGIN HISTORY | command: find /etc/logs/audit.log -type f -exec cat {} +
2018-11-05 10:06:37,967 INFO    - - - Saving output to login_history/find__etc_logs_audit.log_-type_f_-exec_cat_{}_+.txt
2018-11-05 10:06:37,967 WARNING - - - Unknown command: login_history/find__etc_logs_audit.log_-type_f_-exec_cat_{}_+.txt
2018-11-05 10:06:37,967 INFO    - - - UNIX DISTRIBUTION | command: find /etc/*release -type f -exec cat {} +
2018-11-05 10:06:37,971 INFO    - - - Saving output to unix_distribution/find__etc_*release_-type_f_-exec_cat_{}_+.txt
2018-11-05 10:06:37,971 WARNING - - - Unknown command: unix_distribution/find__etc_*release_-type_f_-exec_cat_{}_+.txt
2018-11-05 10:06:37,971 INFO    - - - SOCKET CONNECTIONS | command: ss -p
2018-11-05 10:06:37,974 WARNING - - - Unknown command: ss
2018-11-05 10:06:37,974 INFO    - - - SOCKET CONNECTIONS | command: ss -naop
2018-11-05 10:06:37,977 WARNING - - - Unknown command: ss
2018-11-05 10:06:37,978 INFO    - - - PROCESSES | command: ps -eww
2018-11-05 10:06:38,011 INFO    - - - Saving output to processes/ps_-eww.txt
2018-11-05 10:06:38,012 WARNING - - - Unknown command: processes/ps_-eww.txt
2018-11-05 10:06:38,012 INFO    - - - PASSWORD FILES | command: find /etc/shadow -type f -exec cat {} +
2018-11-05 10:06:38,016 INFO    - - - Saving output to password_files/find__etc_shadow_-type_f_-exec_cat_{}_+.txt
2018-11-05 10:06:38,016 WARNING - - - Unknown command: password_files/find__etc_shadow_-type_f_-exec_cat_{}_+.txt
2018-11-05 10:06:38,016 INFO    - - - PASSWORD FILES | command: find /etc/passwd -type f -exec cat {} +
2018-11-05 10:06:38,023 INFO    - - - Saving output to password_files/find__etc_passwd_-type_f_-exec_cat_{}_+.txt
2018-11-05 10:06:38,023 WARNING - - - Unknown command: password_files/find__etc_passwd_-type_f_-exec_cat_{}_+.txt
2018-11-05 10:06:38,023 INFO    - - - SCHEDULED JOBS | command: find /etc/cron* -type f -exec cat {} +
2018-11-05 10:06:38,027 INFO    - - - Saving output to scheduled_jobs/find__etc_cron*_-type_f_-exec_cat_{}_+.txt
2018-11-05 10:06:38,028 WARNING - - - Unknown command: scheduled_jobs/find__etc_cron*_-type_f_-exec_cat_{}_+.txt
2018-11-05 10:06:38,028 INFO    - - - SCHEDULED JOBS | command: find /var/spool/cron/* -type f -exec cat {} +
2018-11-05 10:06:38,032 INFO    - - - Saving output to scheduled_jobs/find__var_spool_cron_*_-type_f_-exec_cat_{}_+.txt
2018-11-05 10:06:38,033 WARNING - - - Unknown command: scheduled_jobs/find__var_spool_cron_*_-type_f_-exec_cat_{}_+.txt
2018-11-05 10:06:38,033 INFO    - - - X WINDOW CONFIG FILES | command: find /etc/X11/* -type f -exec cat {} +
2018-11-05 10:06:38,037 INFO    - - - Saving output to x_window_config_files/find__etc_X11_*_-type_f_-exec_cat_{}_+.txt
2018-11-05 10:06:38,037 WARNING - - - Unknown command: x_window_config_files/find__etc_X11_*_-type_f_-exec_cat_{}_+.txt
2018-11-05 10:06:38,037 INFO    - - - YUM REPOSITORIES | command: find /etc/yum.repos.d/* -type f -exec cat {} +
2018-11-05 10:06:38,041 INFO    - - - Saving output to yum_repositories/find__etc_yum.repos.d_*_-type_f_-exec_cat_{}_+.txt
2018-11-05 10:06:38,042 WARNING - - - Unknown command: yum_repositories/find__etc_yum.repos.d_*_-type_f_-exec_cat_{}_+.txt
2018-11-05 10:06:38,042 INFO    - - - CACHED YUM DATA FILES | command: find /var/cache/yum -type f -exec ls {} +
2018-11-05 10:06:38,046 INFO    - - - Saving output to cached_yum_data_files/find__var_cache_yum_-type_f_-exec_ls_{}_+.txt
2018-11-05 10:06:38,046 WARNING - - - Unknown command: cached_yum_data_files/find__var_cache_yum_-type_f_-exec_ls_{}_+.txt
2018-11-05 10:06:38,046 INFO    - - - INSTALLED YUM PACKAGES | command: yum list installed
2018-11-05 10:06:38,049 WARNING - - - Unknown command: yum
2018-11-05 10:06:38,050 INFO    - - - STARTUP SCRIPTS | command: find /etc/rc.d/* -type f -exec cat {} +
2018-11-05 10:06:38,054 INFO    - - - Saving output to startup_scripts/find__etc_rc.d_*_-type_f_-exec_cat_{}_+.txt
2018-11-05 10:06:38,054 WARNING - - - Unknown command: startup_scripts/find__etc_rc.d_*_-type_f_-exec_cat_{}_+.txt
2018-11-05 10:06:38,055 INFO    - - - STARTUP SCRIPTS | command: find /etc/init* -type f -exec cat {} +
2018-11-05 10:06:38,058 INFO    - - - Saving output to startup_scripts/find__etc_init*_-type_f_-exec_cat_{}_+.txt
2018-11-05 10:06:38,059 WARNING - - - Unknown command: startup_scripts/find__etc_init*_-type_f_-exec_cat_{}_+.txt
2018-11-05 10:06:38,059 INFO    - - - OPEN FILES | command: lsof -R
2018-11-05 10:06:55,095 INFO    - - - Saving output to open_files/lsof_-R.txt
2018-11-05 10:06:55,095 WARNING - - - Unknown command: open_files/lsof_-R.txt
2018-11-05 10:06:55,095 INFO    - - - SSH CONFIGURATION | command: find $HOME/.ssh -type f -exec cat {} +
2018-11-05 10:06:55,099 INFO    - - - Saving output to ssh_configuration/find_$HOME_.ssh_-type_f_-exec_cat_{}_+.txt
2018-11-05 10:06:55,100 WARNING - - - Unknown command: ssh_configuration/find_$HOME_.ssh_-type_f_-exec_cat_{}_+.txt
2018-11-05 10:06:55,100 INFO    - - - USER COMMANDS | command: find /usr/bin -type f -exec ls {} +
2018-11-05 10:06:55,118 INFO    - - - Saving output to user_commands/find__usr_bin_-type_f_-exec_ls_{}_+.txt
2018-11-05 10:06:55,118 WARNING - - - Unknown command: user_commands/find__usr_bin_-type_f_-exec_ls_{}_+.txt
2018-11-05 10:06:55,118 INFO    - - - USER COMMANDS | command: find /usr/local/bin -type f -exec ls {} +
2018-11-05 10:06:55,127 INFO    - - - Saving output to user_commands/find__usr_local_bin_-type_f_-exec_ls_{}_+.txt
2018-11-05 10:06:55,127 WARNING - - - Unknown command: user_commands/find__usr_local_bin_-type_f_-exec_ls_{}_+.txt
2018-11-05 10:06:55,127 INFO    - - - PROCESS TREE | command: pstree -alp
2018-11-05 10:06:55,130 WARNING - - - Unknown command: pstree
