2018-11-07 10:47:06,746 INFO    - - - Started execution
2018-11-07 10:47:06,747 INFO    - - - Checking effective user permissions
2018-11-07 10:47:06,747 INFO    - - - Confirmed superuser privileges, running...
2018-11-07 10:47:06,747 INFO    - - - Checking directory structure...
2018-11-07 10:47:06,747 INFO    - - - Directory kernel_name_version does not exist, creating...
2018-11-07 10:47:06,747 INFO    - - - Directory kernel_modules does not exist, creating...
2018-11-07 10:47:06,747 INFO    - - - Directory network_interfaces does not exist, creating...
2018-11-07 10:47:06,748 INFO    - - - Directory networking_information does not exist, creating...
2018-11-07 10:47:06,748 INFO    - - - Directory hostname does not exist, creating...
2018-11-07 10:47:06,748 INFO    - - - Directory login_history does not exist, creating...
2018-11-07 10:47:06,748 INFO    - - - Directory unix_distribution does not exist, creating...
2018-11-07 10:47:06,748 INFO    - - - Directory socket_connections does not exist, creating...
2018-11-07 10:47:06,748 INFO    - - - Directory processes does not exist, creating...
2018-11-07 10:47:06,748 INFO    - - - Directory password_files does not exist, creating...
2018-11-07 10:47:06,749 INFO    - - - Directory scheduled_jobs does not exist, creating...
2018-11-07 10:47:06,749 INFO    - - - Directory x_window_config_files does not exist, creating...
2018-11-07 10:47:06,749 INFO    - - - Directory yum_repositories does not exist, creating...
2018-11-07 10:47:06,749 INFO    - - - Directory cached_yum_data_files does not exist, creating...
2018-11-07 10:47:06,749 INFO    - - - Directory installed_yum_packages does not exist, creating...
2018-11-07 10:47:06,749 INFO    - - - Directory startup_scripts does not exist, creating...
2018-11-07 10:47:06,749 INFO    - - - Directory open_files does not exist, creating...
2018-11-07 10:47:06,750 INFO    - - - Directory ssh_configuration does not exist, creating...
2018-11-07 10:47:06,750 INFO    - - - Directory user_commands does not exist, creating...
2018-11-07 10:47:06,750 INFO    - - - Directory process_tree does not exist, creating...
2018-11-07 10:47:06,750 INFO    - - - KERNEL_NAME_VERSION | command: uname -rs
2018-11-07 10:47:06,754 INFO    - - - Saving output to output/kernel_name_version/uname_-rs.txt
2018-11-07 10:47:06,755 WARNING - - - Unknown command or file -  [Errno 2] No such file or directory: 'output/kernel_name_version/uname_-rs.txt'
2018-11-07 10:47:06,755 INFO    - - - KERNEL MODULES | command: lsmod
2018-11-07 10:47:06,758 WARNING - - - Unknown command or file -  [Errno 2] No such file or directory: 'lsmod': 'lsmod'
2018-11-07 10:47:06,758 INFO    - - - NETWORK INTERFACES | command: ifconfig -a
2018-11-07 10:47:06,765 INFO    - - - Saving output to output/network_interfaces/ifconfig_-a.txt
2018-11-07 10:47:06,765 WARNING - - - Unknown command or file -  [Errno 2] No such file or directory: 'output/network_interfaces/ifconfig_-a.txt'
2018-11-07 10:47:06,765 INFO    - - - NETWORKING INFORMATION | command: find /etc/hosts -type f -exec cat {} +
2018-11-07 10:47:06,772 INFO    - - - Saving output to output/networking_information/find__etc_hosts_-type_f_-exec_cat_{}_+.txt
2018-11-07 10:47:06,772 WARNING - - - Unknown command or file -  [Errno 2] No such file or directory: 'output/networking_information/find__etc_hosts_-type_f_-exec_cat_{}_+.txt'
2018-11-07 10:47:06,772 INFO    - - - NETWORKING INFORMATION | command: find /etc/networks -type f -exec cat {} +
2018-11-07 10:47:06,779 INFO    - - - Saving output to output/networking_information/find__etc_networks_-type_f_-exec_cat_{}_+.txt
2018-11-07 10:47:06,779 WARNING - - - Unknown command or file -  [Errno 2] No such file or directory: 'output/networking_information/find__etc_networks_-type_f_-exec_cat_{}_+.txt'
2018-11-07 10:47:06,779 INFO    - - - NETWORKING INFORMATION | command: find /etc/protocols -type f -exec cat {} +
2018-11-07 10:47:06,785 INFO    - - - Saving output to output/networking_information/find__etc_protocols_-type_f_-exec_cat_{}_+.txt
2018-11-07 10:47:06,786 WARNING - - - Unknown command or file -  [Errno 2] No such file or directory: 'output/networking_information/find__etc_protocols_-type_f_-exec_cat_{}_+.txt'
2018-11-07 10:47:06,786 INFO    - - - NETWORKING INFORMATION | command: find /etc/ethers -type f -exec cat {} +
2018-11-07 10:47:06,790 INFO    - - - Saving output to output/networking_information/find__etc_ethers_-type_f_-exec_cat_{}_+.txt
2018-11-07 10:47:06,790 WARNING - - - Unknown command or file -  [Errno 2] No such file or directory: 'output/networking_information/find__etc_ethers_-type_f_-exec_cat_{}_+.txt'
2018-11-07 10:47:06,790 INFO    - - - NETWORKING INFORMATION | command: find /etc/netgroup -type f -exec cat {} +
2018-11-07 10:47:06,795 INFO    - - - Saving output to output/networking_information/find__etc_netgroup_-type_f_-exec_cat_{}_+.txt
2018-11-07 10:47:06,795 WARNING - - - Unknown command or file -  [Errno 2] No such file or directory: 'output/networking_information/find__etc_netgroup_-type_f_-exec_cat_{}_+.txt'
2018-11-07 10:47:06,795 INFO    - - - NETWORKING INFORMATION | command: find /etc/dhclients -type f -exec cat {} +
2018-11-07 10:47:06,800 INFO    - - - Saving output to output/networking_information/find__etc_dhclients_-type_f_-exec_cat_{}_+.txt
2018-11-07 10:47:06,800 WARNING - - - Unknown command or file -  [Errno 2] No such file or directory: 'output/networking_information/find__etc_dhclients_-type_f_-exec_cat_{}_+.txt'
2018-11-07 10:47:06,800 INFO    - - - HOSTNAME | command: hostname
2018-11-07 10:47:06,804 INFO    - - - Saving output to output/hostname/hostname.txt
2018-11-07 10:47:06,804 WARNING - - - Unknown command or file -  [Errno 2] No such file or directory: 'output/hostname/hostname.txt'
2018-11-07 10:47:06,804 INFO    - - - HOSTNAME | command: find /etc/hostname -type f -exec cat {} +
2018-11-07 10:47:06,808 INFO    - - - Saving output to output/hostname/find__etc_hostname_-type_f_-exec_cat_{}_+.txt
2018-11-07 10:47:06,809 WARNING - - - Unknown command or file -  [Errno 2] No such file or directory: 'output/hostname/find__etc_hostname_-type_f_-exec_cat_{}_+.txt'
2018-11-07 10:47:06,809 INFO    - - - LOGIN HISTORY | command: last -Faixw
2018-11-07 10:47:06,813 INFO    - - - Saving output to output/login_history/last_-Faixw.txt
2018-11-07 10:47:06,813 WARNING - - - Unknown command or file -  [Errno 2] No such file or directory: 'output/login_history/last_-Faixw.txt'
2018-11-07 10:47:06,813 INFO    - - - LOGIN HISTORY | command: find /etc/logs/auth.log -type f -exec cat {} +
2018-11-07 10:47:06,817 INFO    - - - Saving output to output/login_history/find__etc_logs_auth.log_-type_f_-exec_cat_{}_+.txt
2018-11-07 10:47:06,817 WARNING - - - Unknown command or file -  [Errno 2] No such file or directory: 'output/login_history/find__etc_logs_auth.log_-type_f_-exec_cat_{}_+.txt'
2018-11-07 10:47:06,818 INFO    - - - LOGIN HISTORY | command: find /etc/logs/secure -type f -exec cat {} +
2018-11-07 10:47:06,822 INFO    - - - Saving output to output/login_history/find__etc_logs_secure_-type_f_-exec_cat_{}_+.txt
2018-11-07 10:47:06,822 WARNING - - - Unknown command or file -  [Errno 2] No such file or directory: 'output/login_history/find__etc_logs_secure_-type_f_-exec_cat_{}_+.txt'
2018-11-07 10:47:06,822 INFO    - - - LOGIN HISTORY | command: find /etc/logs/audit.log -type f -exec cat {} +
2018-11-07 10:47:06,826 INFO    - - - Saving output to output/login_history/find__etc_logs_audit.log_-type_f_-exec_cat_{}_+.txt
2018-11-07 10:47:06,827 WARNING - - - Unknown command or file -  [Errno 2] No such file or directory: 'output/login_history/find__etc_logs_audit.log_-type_f_-exec_cat_{}_+.txt'
2018-11-07 10:47:06,827 INFO    - - - UNIX DISTRIBUTION | command: find /etc/*release -type f -exec cat {} +
2018-11-07 10:47:06,831 INFO    - - - Saving output to output/unix_distribution/find__etc_*release_-type_f_-exec_cat_{}_+.txt
2018-11-07 10:47:06,832 WARNING - - - Unknown command or file -  [Errno 2] No such file or directory: 'output/unix_distribution/find__etc_*release_-type_f_-exec_cat_{}_+.txt'
2018-11-07 10:47:06,832 INFO    - - - SOCKET CONNECTIONS | command: ss -p
2018-11-07 10:47:06,835 WARNING - - - Unknown command or file -  [Errno 2] No such file or directory: 'ss': 'ss'
2018-11-07 10:47:06,835 INFO    - - - SOCKET CONNECTIONS | command: ss -naop
2018-11-07 10:47:06,839 WARNING - - - Unknown command or file -  [Errno 2] No such file or directory: 'ss': 'ss'
2018-11-07 10:47:06,839 INFO    - - - PROCESSES | command: ps -eww
2018-11-07 10:47:06,890 INFO    - - - Saving output to output/processes/ps_-eww.txt
2018-11-07 10:47:06,890 WARNING - - - Unknown command or file -  [Errno 2] No such file or directory: 'output/processes/ps_-eww.txt'
2018-11-07 10:47:06,890 INFO    - - - PASSWORD FILES | command: find /etc/shadow -type f -exec cat {} +
2018-11-07 10:47:06,894 INFO    - - - Saving output to output/password_files/find__etc_shadow_-type_f_-exec_cat_{}_+.txt
2018-11-07 10:47:06,895 WARNING - - - Unknown command or file -  [Errno 2] No such file or directory: 'output/password_files/find__etc_shadow_-type_f_-exec_cat_{}_+.txt'
2018-11-07 10:47:06,895 INFO    - - - PASSWORD FILES | command: find /etc/passwd -type f -exec cat {} +
2018-11-07 10:47:06,901 INFO    - - - Saving output to output/password_files/find__etc_passwd_-type_f_-exec_cat_{}_+.txt
2018-11-07 10:47:06,901 WARNING - - - Unknown command or file -  [Errno 2] No such file or directory: 'output/password_files/find__etc_passwd_-type_f_-exec_cat_{}_+.txt'
2018-11-07 10:47:06,901 INFO    - - - SCHEDULED JOBS | command: find /etc/cron* -type f -exec cat {} +
2018-11-07 10:47:06,905 INFO    - - - Saving output to output/scheduled_jobs/find__etc_cron*_-type_f_-exec_cat_{}_+.txt
2018-11-07 10:47:06,906 WARNING - - - Unknown command or file -  [Errno 2] No such file or directory: 'output/scheduled_jobs/find__etc_cron*_-type_f_-exec_cat_{}_+.txt'
2018-11-07 10:47:06,906 INFO    - - - SCHEDULED JOBS | command: find /var/spool/cron/* -type f -exec cat {} +
2018-11-07 10:47:06,910 INFO    - - - Saving output to output/scheduled_jobs/find__var_spool_cron_*_-type_f_-exec_cat_{}_+.txt
2018-11-07 10:47:06,910 WARNING - - - Unknown command or file -  [Errno 2] No such file or directory: 'output/scheduled_jobs/find__var_spool_cron_*_-type_f_-exec_cat_{}_+.txt'
2018-11-07 10:47:06,911 INFO    - - - X WINDOW CONFIG FILES | command: find /etc/X11/* -type f -exec cat {} +
2018-11-07 10:47:06,915 INFO    - - - Saving output to output/x_window_config_files/find__etc_X11_*_-type_f_-exec_cat_{}_+.txt
2018-11-07 10:47:06,915 WARNING - - - Unknown command or file -  [Errno 2] No such file or directory: 'output/x_window_config_files/find__etc_X11_*_-type_f_-exec_cat_{}_+.txt'
2018-11-07 10:47:06,915 INFO    - - - YUM REPOSITORIES | command: find /etc/yum.repos.d/* -type f -exec cat {} +
2018-11-07 10:47:06,919 INFO    - - - Saving output to output/yum_repositories/find__etc_yum.repos.d_*_-type_f_-exec_cat_{}_+.txt
2018-11-07 10:47:06,919 WARNING - - - Unknown command or file -  [Errno 2] No such file or directory: 'output/yum_repositories/find__etc_yum.repos.d_*_-type_f_-exec_cat_{}_+.txt'
2018-11-07 10:47:06,920 INFO    - - - CACHED YUM DATA FILES | command: find /var/cache/yum -type f -exec ls {} +
2018-11-07 10:47:06,924 INFO    - - - Saving output to output/cached_yum_data_files/find__var_cache_yum_-type_f_-exec_ls_{}_+.txt
2018-11-07 10:47:06,924 WARNING - - - Unknown command or file -  [Errno 2] No such file or directory: 'output/cached_yum_data_files/find__var_cache_yum_-type_f_-exec_ls_{}_+.txt'
2018-11-07 10:47:06,924 INFO    - - - INSTALLED YUM PACKAGES | command: yum list installed
2018-11-07 10:47:06,927 WARNING - - - Unknown command or file -  [Errno 2] No such file or directory: 'yum': 'yum'
2018-11-07 10:47:06,927 INFO    - - - STARTUP SCRIPTS | command: find /etc/rc.d/* -type f -exec cat {} +
2018-11-07 10:47:06,931 INFO    - - - Saving output to output/startup_scripts/find__etc_rc.d_*_-type_f_-exec_cat_{}_+.txt
2018-11-07 10:47:06,932 WARNING - - - Unknown command or file -  [Errno 2] No such file or directory: 'output/startup_scripts/find__etc_rc.d_*_-type_f_-exec_cat_{}_+.txt'
2018-11-07 10:47:06,932 INFO    - - - STARTUP SCRIPTS | command: find /etc/init* -type f -exec cat {} +
2018-11-07 10:47:06,936 INFO    - - - Saving output to output/startup_scripts/find__etc_init*_-type_f_-exec_cat_{}_+.txt
2018-11-07 10:47:06,936 WARNING - - - Unknown command or file -  [Errno 2] No such file or directory: 'output/startup_scripts/find__etc_init*_-type_f_-exec_cat_{}_+.txt'
2018-11-07 10:47:06,936 INFO    - - - OPEN FILES | command: lsof -R
2018-11-07 10:47:32,284 INFO    - - - Saving output to output/open_files/lsof_-R.txt
2018-11-07 10:47:32,285 WARNING - - - Unknown command or file -  [Errno 2] No such file or directory: 'output/open_files/lsof_-R.txt'
2018-11-07 10:47:32,285 INFO    - - - SSH CONFIGURATION | command: find $HOME/.ssh -type f -exec cat {} +
2018-11-07 10:47:32,289 INFO    - - - Saving output to output/ssh_configuration/find_$HOME_.ssh_-type_f_-exec_cat_{}_+.txt
2018-11-07 10:47:32,289 WARNING - - - Unknown command or file -  [Errno 2] No such file or directory: 'output/ssh_configuration/find_$HOME_.ssh_-type_f_-exec_cat_{}_+.txt'
2018-11-07 10:47:32,289 INFO    - - - USER COMMANDS | command: find /usr/bin -type f -exec ls {} +
2018-11-07 10:47:32,305 INFO    - - - Saving output to output/user_commands/find__usr_bin_-type_f_-exec_ls_{}_+.txt
2018-11-07 10:47:32,305 WARNING - - - Unknown command or file -  [Errno 2] No such file or directory: 'output/user_commands/find__usr_bin_-type_f_-exec_ls_{}_+.txt'
2018-11-07 10:47:32,305 INFO    - - - USER COMMANDS | command: find /usr/local/bin -type f -exec ls {} +
2018-11-07 10:47:32,313 INFO    - - - Saving output to output/user_commands/find__usr_local_bin_-type_f_-exec_ls_{}_+.txt
2018-11-07 10:47:32,314 WARNING - - - Unknown command or file -  [Errno 2] No such file or directory: 'output/user_commands/find__usr_local_bin_-type_f_-exec_ls_{}_+.txt'
2018-11-07 10:47:32,314 INFO    - - - PROCESS TREE | command: pstree -alp
2018-11-07 10:47:32,317 WARNING - - - Unknown command or file -  [Errno 2] No such file or directory: 'pstree': 'pstree'
