2018-11-07 10:37:33,449 INFO    - - - Started execution
2018-11-07 10:37:33,449 INFO    - - - Checking effective user permissions
2018-11-07 10:37:33,450 INFO    - - - Confirmed superuser privileges, running...
2018-11-07 10:37:33,450 INFO    - - - Checking directory structure...
2018-11-07 10:37:33,450 INFO    - - - Directory kernel_name_version does not exist, creating...
2018-11-07 10:37:33,450 INFO    - - - Directory kernel_modules does not exist, creating...
2018-11-07 10:37:33,450 INFO    - - - Directory network_interfaces does not exist, creating...
2018-11-07 10:37:33,451 INFO    - - - Directory networking_information does not exist, creating...
2018-11-07 10:37:33,451 INFO    - - - Directory hostname does not exist, creating...
2018-11-07 10:37:33,451 INFO    - - - Directory login_history does not exist, creating...
2018-11-07 10:37:33,451 INFO    - - - Directory unix_distribution does not exist, creating...
2018-11-07 10:37:33,451 INFO    - - - Directory socket_connections does not exist, creating...
2018-11-07 10:37:33,451 INFO    - - - Directory processes does not exist, creating...
2018-11-07 10:37:33,452 INFO    - - - Directory password_files does not exist, creating...
2018-11-07 10:37:33,452 INFO    - - - Directory scheduled_jobs does not exist, creating...
2018-11-07 10:37:33,452 INFO    - - - Directory x_window_config_files does not exist, creating...
2018-11-07 10:37:33,452 INFO    - - - Directory yum_repositories does not exist, creating...
2018-11-07 10:37:33,452 INFO    - - - Directory cached_yum_data_files does not exist, creating...
2018-11-07 10:37:33,452 INFO    - - - Directory installed_yum_packages does not exist, creating...
2018-11-07 10:37:33,453 INFO    - - - Directory startup_scripts does not exist, creating...
2018-11-07 10:37:33,453 INFO    - - - Directory open_files does not exist, creating...
2018-11-07 10:37:33,453 INFO    - - - Directory ssh_configuration does not exist, creating...
2018-11-07 10:37:33,454 INFO    - - - Directory user_commands does not exist, creating...
2018-11-07 10:37:33,454 INFO    - - - Directory process_tree does not exist, creating...
2018-11-07 10:37:33,454 INFO    - - - KERNEL_NAME_VERSION | command: uname -rs
2018-11-07 10:37:33,461 INFO    - - - Saving output to output/kernel_name_version/uname_-rs.txt
2018-11-07 10:37:33,462 INFO    - - - Saved ./kernel_name_version/uname -rs successfully
2018-11-07 10:37:33,462 INFO    - - - KERNEL MODULES | command: lsmod
2018-11-07 10:37:33,466 WARNING - - - Unknown command or file -  [Errno 2] No such file or directory: 'lsmod': 'lsmod'
2018-11-07 10:37:33,467 INFO    - - - NETWORK INTERFACES | command: ifconfig -a
2018-11-07 10:37:33,477 INFO    - - - Saving output to output/network_interfaces/ifconfig_-a.txt
2018-11-07 10:37:33,478 INFO    - - - Saved ./network interfaces/ifconfig -a successfully
2018-11-07 10:37:33,479 INFO    - - - NETWORKING INFORMATION | command: find /etc/hosts -type f -exec cat {} +
2018-11-07 10:37:33,487 INFO    - - - Saving output to output/networking_information/find__etc_hosts_-type_f_-exec_cat_{}_+.txt
2018-11-07 10:37:33,488 INFO    - - - Saved ./networking information/find /etc/hosts -type f -exec cat {} + successfully
2018-11-07 10:37:33,488 INFO    - - - NETWORKING INFORMATION | command: find /etc/networks -type f -exec cat {} +
2018-11-07 10:37:33,497 INFO    - - - Saving output to output/networking_information/find__etc_networks_-type_f_-exec_cat_{}_+.txt
2018-11-07 10:37:33,498 INFO    - - - Saved ./networking information/find /etc/networks -type f -exec cat {} + successfully
2018-11-07 10:37:33,498 INFO    - - - NETWORKING INFORMATION | command: find /etc/protocols -type f -exec cat {} +
2018-11-07 10:37:33,507 INFO    - - - Saving output to output/networking_information/find__etc_protocols_-type_f_-exec_cat_{}_+.txt
2018-11-07 10:37:33,508 INFO    - - - Saved ./networking information/find /etc/protocols -type f -exec cat {} + successfully
2018-11-07 10:37:33,508 INFO    - - - NETWORKING INFORMATION | command: find /etc/ethers -type f -exec cat {} +
2018-11-07 10:37:33,513 INFO    - - - Saving output to output/networking_information/find__etc_ethers_-type_f_-exec_cat_{}_+.txt
2018-11-07 10:37:33,513 INFO    - - - Saved ./networking information/find /etc/ethers -type f -exec cat {} + successfully
2018-11-07 10:37:33,513 INFO    - - - NETWORKING INFORMATION | command: find /etc/netgroup -type f -exec cat {} +
2018-11-07 10:37:33,518 INFO    - - - Saving output to output/networking_information/find__etc_netgroup_-type_f_-exec_cat_{}_+.txt
2018-11-07 10:37:33,519 INFO    - - - Saved ./networking information/find /etc/netgroup -type f -exec cat {} + successfully
2018-11-07 10:37:33,519 INFO    - - - NETWORKING INFORMATION | command: find /etc/dhclients -type f -exec cat {} +
2018-11-07 10:37:33,524 INFO    - - - Saving output to output/networking_information/find__etc_dhclients_-type_f_-exec_cat_{}_+.txt
2018-11-07 10:37:33,524 INFO    - - - Saved ./networking information/find /etc/dhclients -type f -exec cat {} + successfully
2018-11-07 10:37:33,524 INFO    - - - HOSTNAME | command: hostname
2018-11-07 10:37:33,529 INFO    - - - Saving output to output/hostname/hostname.txt
2018-11-07 10:37:33,530 INFO    - - - Saved ./hostname/hostname successfully
2018-11-07 10:37:33,530 INFO    - - - HOSTNAME | command: find /etc/hostname -type f -exec cat {} +
2018-11-07 10:37:33,535 INFO    - - - Saving output to output/hostname/find__etc_hostname_-type_f_-exec_cat_{}_+.txt
2018-11-07 10:37:33,535 INFO    - - - Saved ./hostname/find /etc/hostname -type f -exec cat {} + successfully
2018-11-07 10:37:33,535 INFO    - - - LOGIN HISTORY | command: last -Faixw
2018-11-07 10:37:33,542 INFO    - - - Saving output to output/login_history/last_-Faixw.txt
2018-11-07 10:37:33,543 INFO    - - - Saved ./login history/last -Faixw successfully
2018-11-07 10:37:33,543 INFO    - - - LOGIN HISTORY | command: find /etc/logs/auth.log -type f -exec cat {} +
2018-11-07 10:37:33,548 INFO    - - - Saving output to output/login_history/find__etc_logs_auth.log_-type_f_-exec_cat_{}_+.txt
2018-11-07 10:37:33,549 INFO    - - - Saved ./login history/find /etc/logs/auth.log -type f -exec cat {} + successfully
2018-11-07 10:37:33,549 INFO    - - - LOGIN HISTORY | command: find /etc/logs/secure -type f -exec cat {} +
2018-11-07 10:37:33,554 INFO    - - - Saving output to output/login_history/find__etc_logs_secure_-type_f_-exec_cat_{}_+.txt
2018-11-07 10:37:33,554 INFO    - - - Saved ./login history/find /etc/logs/secure -type f -exec cat {} + successfully
2018-11-07 10:37:33,554 INFO    - - - LOGIN HISTORY | command: find /etc/logs/audit.log -type f -exec cat {} +
2018-11-07 10:37:33,560 INFO    - - - Saving output to output/login_history/find__etc_logs_audit.log_-type_f_-exec_cat_{}_+.txt
2018-11-07 10:37:33,560 INFO    - - - Saved ./login history/find /etc/logs/audit.log -type f -exec cat {} + successfully
2018-11-07 10:37:33,560 INFO    - - - UNIX DISTRIBUTION | command: find /etc/*release -type f -exec cat {} +
2018-11-07 10:37:33,565 INFO    - - - Saving output to output/unix_distribution/find__etc_*release_-type_f_-exec_cat_{}_+.txt
2018-11-07 10:37:33,565 INFO    - - - Saved ./unix distribution/find /etc/*release -type f -exec cat {} + successfully
2018-11-07 10:37:33,565 INFO    - - - SOCKET CONNECTIONS | command: ss -p
2018-11-07 10:37:33,568 WARNING - - - Unknown command or file -  [Errno 2] No such file or directory: 'ss': 'ss'
2018-11-07 10:37:33,569 INFO    - - - SOCKET CONNECTIONS | command: ss -naop
2018-11-07 10:37:33,572 WARNING - - - Unknown command or file -  [Errno 2] No such file or directory: 'ss': 'ss'
2018-11-07 10:37:33,572 INFO    - - - PROCESSES | command: ps -eww
2018-11-07 10:37:33,624 INFO    - - - Saving output to output/processes/ps_-eww.txt
2018-11-07 10:37:33,625 INFO    - - - Saved ./processes/ps -eww successfully
2018-11-07 10:37:33,625 INFO    - - - PASSWORD FILES | command: find /etc/shadow -type f -exec cat {} +
2018-11-07 10:37:33,629 INFO    - - - Saving output to output/password_files/find__etc_shadow_-type_f_-exec_cat_{}_+.txt
2018-11-07 10:37:33,630 INFO    - - - Saved ./password files/find /etc/shadow -type f -exec cat {} + successfully
2018-11-07 10:37:33,630 INFO    - - - PASSWORD FILES | command: find /etc/passwd -type f -exec cat {} +
2018-11-07 10:37:33,637 INFO    - - - Saving output to output/password_files/find__etc_passwd_-type_f_-exec_cat_{}_+.txt
2018-11-07 10:37:33,638 INFO    - - - Saved ./password files/find /etc/passwd -type f -exec cat {} + successfully
2018-11-07 10:37:33,638 INFO    - - - SCHEDULED JOBS | command: find /etc/cron* -type f -exec cat {} +
2018-11-07 10:37:33,642 INFO    - - - Saving output to output/scheduled_jobs/find__etc_cron*_-type_f_-exec_cat_{}_+.txt
2018-11-07 10:37:33,642 INFO    - - - Saved ./scheduled jobs/find /etc/cron* -type f -exec cat {} + successfully
2018-11-07 10:37:33,642 INFO    - - - SCHEDULED JOBS | command: find /var/spool/cron/* -type f -exec cat {} +
2018-11-07 10:37:33,647 INFO    - - - Saving output to output/scheduled_jobs/find__var_spool_cron_*_-type_f_-exec_cat_{}_+.txt
2018-11-07 10:37:33,647 INFO    - - - Saved ./scheduled jobs/find /var/spool/cron/* -type f -exec cat {} + successfully
2018-11-07 10:37:33,647 INFO    - - - X WINDOW CONFIG FILES | command: find /etc/X11/* -type f -exec cat {} +
2018-11-07 10:37:33,652 INFO    - - - Saving output to output/x_window_config_files/find__etc_X11_*_-type_f_-exec_cat_{}_+.txt
2018-11-07 10:37:33,653 INFO    - - - Saved ./x window config files/find /etc/X11/* -type f -exec cat {} + successfully
2018-11-07 10:37:33,653 INFO    - - - YUM REPOSITORIES | command: find /etc/yum.repos.d/* -type f -exec cat {} +
2018-11-07 10:37:33,659 INFO    - - - Saving output to output/yum_repositories/find__etc_yum.repos.d_*_-type_f_-exec_cat_{}_+.txt
2018-11-07 10:37:33,659 INFO    - - - Saved ./yum repositories/find /etc/yum.repos.d/* -type f -exec cat {} + successfully
2018-11-07 10:37:33,660 INFO    - - - CACHED YUM DATA FILES | command: find /var/cache/yum -type f -exec ls {} +
2018-11-07 10:37:33,665 INFO    - - - Saving output to output/cached_yum_data_files/find__var_cache_yum_-type_f_-exec_ls_{}_+.txt
2018-11-07 10:37:33,666 INFO    - - - Saved ./cached yum data files/find /var/cache/yum -type f -exec ls {} + successfully
2018-11-07 10:37:33,666 INFO    - - - INSTALLED YUM PACKAGES | command: yum list installed
2018-11-07 10:37:33,671 WARNING - - - Unknown command or file -  [Errno 2] No such file or directory: 'yum': 'yum'
2018-11-07 10:37:33,671 INFO    - - - STARTUP SCRIPTS | command: find /etc/rc.d/* -type f -exec cat {} +
2018-11-07 10:37:33,676 INFO    - - - Saving output to output/startup_scripts/find__etc_rc.d_*_-type_f_-exec_cat_{}_+.txt
2018-11-07 10:37:33,677 INFO    - - - Saved ./startup scripts/find /etc/rc.d/* -type f -exec cat {} + successfully
2018-11-07 10:37:33,677 INFO    - - - STARTUP SCRIPTS | command: find /etc/init* -type f -exec cat {} +
2018-11-07 10:37:33,682 INFO    - - - Saving output to output/startup_scripts/find__etc_init*_-type_f_-exec_cat_{}_+.txt
2018-11-07 10:37:33,682 INFO    - - - Saved ./startup scripts/find /etc/init* -type f -exec cat {} + successfully
2018-11-07 10:37:33,682 INFO    - - - OPEN FILES | command: lsof -R
2018-11-07 10:37:58,882 INFO    - - - Saving output to output/open_files/lsof_-R.txt
2018-11-07 10:37:58,892 INFO    - - - Saved ./open files/lsof -R successfully
2018-11-07 10:37:58,893 INFO    - - - SSH CONFIGURATION | command: find $HOME/.ssh -type f -exec cat {} +
2018-11-07 10:37:58,897 INFO    - - - Saving output to output/ssh_configuration/find_$HOME_.ssh_-type_f_-exec_cat_{}_+.txt
2018-11-07 10:37:58,898 INFO    - - - Saved ./ssh configuration/find $HOME/.ssh -type f -exec cat {} + successfully
2018-11-07 10:37:58,898 INFO    - - - USER COMMANDS | command: find /usr/bin -type f -exec ls {} +
2018-11-07 10:37:58,917 INFO    - - - Saving output to output/user_commands/find__usr_bin_-type_f_-exec_ls_{}_+.txt
2018-11-07 10:37:58,918 INFO    - - - Saved ./user commands/find /usr/bin -type f -exec ls {} + successfully
2018-11-07 10:37:58,918 INFO    - - - USER COMMANDS | command: find /usr/local/bin -type f -exec ls {} +
2018-11-07 10:37:58,953 INFO    - - - Saving output to output/user_commands/find__usr_local_bin_-type_f_-exec_ls_{}_+.txt
2018-11-07 10:37:58,953 INFO    - - - Saved ./user commands/find /usr/local/bin -type f -exec ls {} + successfully
2018-11-07 10:37:58,954 INFO    - - - PROCESS TREE | command: pstree -alp
2018-11-07 10:37:58,956 WARNING - - - Unknown command or file -  [Errno 2] No such file or directory: 'pstree': 'pstree'
