2018-11-05 11:25:42,075 INFO    - - - Started execution
2018-11-05 11:25:42,076 INFO    - - - Checking effective user permissions
2018-11-05 11:25:42,076 INFO    - - - Confirmed superuser privileges, running...
2018-11-05 11:25:42,077 INFO    - - - Checking directory structure...
2018-11-05 11:25:45,514 INFO    - - - Directory %s exists
2018-11-05 11:25:46,924 INFO    - - - Directory %s exists
2018-11-05 11:25:50,679 INFO    - - - Directory %s exists
2018-11-05 11:25:54,090 INFO    - - - Directory %s exists
2018-11-05 11:25:57,541 INFO    - - - Directory %s exists
2018-11-05 11:25:57,541 INFO    - - - Directory %s exists
2018-11-05 11:25:57,542 INFO    - - - Directory %s exists
2018-11-05 11:25:57,542 INFO    - - - Directory %s exists
2018-11-05 11:25:57,542 INFO    - - - Directory %s exists
2018-11-05 11:25:57,542 INFO    - - - Directory %s exists
2018-11-05 11:25:57,543 INFO    - - - Directory %s exists
2018-11-05 11:25:57,543 INFO    - - - Directory %s exists
2018-11-05 11:25:57,543 INFO    - - - Directory %s exists
2018-11-05 11:25:57,543 INFO    - - - Directory %s exists
2018-11-05 11:25:57,543 INFO    - - - Directory %s exists
2018-11-05 11:25:57,544 INFO    - - - Directory %s exists
2018-11-05 11:25:57,544 INFO    - - - Directory %s exists
2018-11-05 11:25:57,544 INFO    - - - Directory %s exists
2018-11-05 11:25:57,544 INFO    - - - Directory %s exists
2018-11-05 11:25:57,544 INFO    - - - Directory %s exists
2018-11-05 11:25:57,545 INFO    - - - KERNEL_NAME_VERSION | command: uname -rs
2018-11-05 11:25:57,554 INFO    - - - Saving output to kernel_name_version/uname_-rs.txt
2018-11-05 12:33:41,413 WARNING - - - Unknown command or file -  [Errno 22] Invalid argument
2018-11-05 12:33:41,424 INFO    - - - KERNEL MODULES | command: lsmod
2018-11-05 12:33:41,445 WARNING - - - Unknown command or file -  [Errno 2] No such file or directory: 'lsmod': 'lsmod'
2018-11-05 12:33:41,452 INFO    - - - NETWORK INTERFACES | command: ifconfig -a
2018-11-05 12:33:41,469 INFO    - - - Saving output to network_interfaces/ifconfig_-a.txt
2018-11-05 12:33:41,474 INFO    - - - Saved ./network interfaces/ifconfig -a successfully
2018-11-05 12:33:41,477 INFO    - - - NETWORKING INFORMATION | command: find /etc/hosts -type f -exec cat {} +
2018-11-05 12:33:41,497 INFO    - - - Saving output to networking_information/find__etc_hosts_-type_f_-exec_cat_{}_+.txt
2018-11-05 12:33:41,503 INFO    - - - Saved ./networking information/find /etc/hosts -type f -exec cat {} + successfully
2018-11-05 12:33:41,506 INFO    - - - NETWORKING INFORMATION | command: find /etc/networks -type f -exec cat {} +
2018-11-05 12:33:41,519 INFO    - - - Saving output to networking_information/find__etc_networks_-type_f_-exec_cat_{}_+.txt
2018-11-05 12:33:41,523 INFO    - - - Saved ./networking information/find /etc/networks -type f -exec cat {} + successfully
2018-11-05 12:33:41,527 INFO    - - - NETWORKING INFORMATION | command: find /etc/protocols -type f -exec cat {} +
2018-11-05 12:33:41,543 INFO    - - - Saving output to networking_information/find__etc_protocols_-type_f_-exec_cat_{}_+.txt
2018-11-05 12:33:41,548 INFO    - - - Saved ./networking information/find /etc/protocols -type f -exec cat {} + successfully
2018-11-05 12:33:41,550 INFO    - - - NETWORKING INFORMATION | command: find /etc/ethers -type f -exec cat {} +
2018-11-05 12:33:41,562 INFO    - - - Saving output to networking_information/find__etc_ethers_-type_f_-exec_cat_{}_+.txt
2018-11-05 12:33:41,565 INFO    - - - Saved ./networking information/find /etc/ethers -type f -exec cat {} + successfully
2018-11-05 12:33:41,567 INFO    - - - NETWORKING INFORMATION | command: find /etc/netgroup -type f -exec cat {} +
2018-11-05 12:33:41,578 INFO    - - - Saving output to networking_information/find__etc_netgroup_-type_f_-exec_cat_{}_+.txt
2018-11-05 12:33:41,582 INFO    - - - Saved ./networking information/find /etc/netgroup -type f -exec cat {} + successfully
2018-11-05 12:33:41,585 INFO    - - - NETWORKING INFORMATION | command: find /etc/dhclients -type f -exec cat {} +
2018-11-05 12:33:41,597 INFO    - - - Saving output to networking_information/find__etc_dhclients_-type_f_-exec_cat_{}_+.txt
2018-11-05 12:33:41,601 INFO    - - - Saved ./networking information/find /etc/dhclients -type f -exec cat {} + successfully
2018-11-05 12:33:41,603 INFO    - - - HOSTNAME | command: hostname
2018-11-05 12:33:41,613 INFO    - - - Saving output to hostname/hostname.txt
2018-11-05 12:33:41,617 INFO    - - - Saved ./hostname/hostname successfully
2018-11-05 12:33:41,620 INFO    - - - HOSTNAME | command: find /etc/hostname -type f -exec cat {} +
2018-11-05 12:33:41,631 INFO    - - - Saving output to hostname/find__etc_hostname_-type_f_-exec_cat_{}_+.txt
2018-11-05 12:33:41,635 INFO    - - - Saved ./hostname/find /etc/hostname -type f -exec cat {} + successfully
2018-11-05 12:33:41,637 INFO    - - - LOGIN HISTORY | command: last -Faixw
2018-11-05 12:33:41,648 INFO    - - - Saving output to login_history/last_-Faixw.txt
2018-11-05 12:33:41,651 INFO    - - - Saved ./login history/last -Faixw successfully
2018-11-05 12:33:41,653 INFO    - - - LOGIN HISTORY | command: find /etc/logs/auth.log -type f -exec cat {} +
2018-11-05 12:33:41,665 INFO    - - - Saving output to login_history/find__etc_logs_auth.log_-type_f_-exec_cat_{}_+.txt
2018-11-05 12:33:41,669 INFO    - - - Saved ./login history/find /etc/logs/auth.log -type f -exec cat {} + successfully
2018-11-05 12:33:41,672 INFO    - - - LOGIN HISTORY | command: find /etc/logs/secure -type f -exec cat {} +
2018-11-05 12:33:41,682 INFO    - - - Saving output to login_history/find__etc_logs_secure_-type_f_-exec_cat_{}_+.txt
2018-11-05 12:33:41,685 INFO    - - - Saved ./login history/find /etc/logs/secure -type f -exec cat {} + successfully
2018-11-05 12:33:41,687 INFO    - - - LOGIN HISTORY | command: find /etc/logs/audit.log -type f -exec cat {} +
2018-11-05 12:33:41,698 INFO    - - - Saving output to login_history/find__etc_logs_audit.log_-type_f_-exec_cat_{}_+.txt
2018-11-05 12:33:41,702 INFO    - - - Saved ./login history/find /etc/logs/audit.log -type f -exec cat {} + successfully
2018-11-05 12:33:41,705 INFO    - - - UNIX DISTRIBUTION | command: find /etc/*release -type f -exec cat {} +
2018-11-05 12:33:41,716 INFO    - - - Saving output to unix_distribution/find__etc_*release_-type_f_-exec_cat_{}_+.txt
2018-11-05 12:33:41,720 INFO    - - - Saved ./unix distribution/find /etc/*release -type f -exec cat {} + successfully
2018-11-05 12:33:41,722 INFO    - - - SOCKET CONNECTIONS | command: ss -p
2018-11-05 12:33:41,732 WARNING - - - Unknown command or file -  [Errno 2] No such file or directory: 'ss': 'ss'
2018-11-05 12:33:41,736 INFO    - - - SOCKET CONNECTIONS | command: ss -naop
2018-11-05 12:33:41,746 WARNING - - - Unknown command or file -  [Errno 2] No such file or directory: 'ss': 'ss'
2018-11-05 12:33:41,751 INFO    - - - PROCESSES | command: ps -eww
2018-11-05 12:33:41,812 INFO    - - - Saving output to processes/ps_-eww.txt
2018-11-05 12:33:41,816 INFO    - - - Saved ./processes/ps -eww successfully
2018-11-05 12:33:41,819 INFO    - - - PASSWORD FILES | command: find /etc/shadow -type f -exec cat {} +
2018-11-05 12:33:41,831 INFO    - - - Saving output to password_files/find__etc_shadow_-type_f_-exec_cat_{}_+.txt
2018-11-05 12:33:41,835 INFO    - - - Saved ./password files/find /etc/shadow -type f -exec cat {} + successfully
2018-11-05 12:33:41,837 INFO    - - - PASSWORD FILES | command: find /etc/passwd -type f -exec cat {} +
2018-11-05 12:33:41,852 INFO    - - - Saving output to password_files/find__etc_passwd_-type_f_-exec_cat_{}_+.txt
2018-11-05 12:33:41,856 INFO    - - - Saved ./password files/find /etc/passwd -type f -exec cat {} + successfully
2018-11-05 12:33:41,859 INFO    - - - SCHEDULED JOBS | command: find /etc/cron* -type f -exec cat {} +
2018-11-05 12:33:41,868 INFO    - - - Saving output to scheduled_jobs/find__etc_cron*_-type_f_-exec_cat_{}_+.txt
2018-11-05 12:33:41,870 INFO    - - - Saved ./scheduled jobs/find /etc/cron* -type f -exec cat {} + successfully
2018-11-05 12:33:41,872 INFO    - - - SCHEDULED JOBS | command: find /var/spool/cron/* -type f -exec cat {} +
2018-11-05 12:33:41,883 INFO    - - - Saving output to scheduled_jobs/find__var_spool_cron_*_-type_f_-exec_cat_{}_+.txt
2018-11-05 12:33:41,887 INFO    - - - Saved ./scheduled jobs/find /var/spool/cron/* -type f -exec cat {} + successfully
2018-11-05 12:33:41,890 INFO    - - - X WINDOW CONFIG FILES | command: find /etc/X11/* -type f -exec cat {} +
2018-11-05 12:33:41,900 INFO    - - - Saving output to x_window_config_files/find__etc_X11_*_-type_f_-exec_cat_{}_+.txt
2018-11-05 12:33:41,904 INFO    - - - Saved ./x window config files/find /etc/X11/* -type f -exec cat {} + successfully
2018-11-05 12:33:41,907 INFO    - - - YUM REPOSITORIES | command: find /etc/yum.repos.d/* -type f -exec cat {} +
2018-11-05 12:33:41,918 INFO    - - - Saving output to yum_repositories/find__etc_yum.repos.d_*_-type_f_-exec_cat_{}_+.txt
2018-11-05 12:33:41,922 INFO    - - - Saved ./yum repositories/find /etc/yum.repos.d/* -type f -exec cat {} + successfully
2018-11-05 12:33:41,925 INFO    - - - CACHED YUM DATA FILES | command: find /var/cache/yum -type f -exec ls {} +
2018-11-05 12:33:41,937 INFO    - - - Saving output to cached_yum_data_files/find__var_cache_yum_-type_f_-exec_ls_{}_+.txt
2018-11-05 12:33:41,942 INFO    - - - Saved ./cached yum data files/find /var/cache/yum -type f -exec ls {} + successfully
2018-11-05 12:33:41,945 INFO    - - - INSTALLED YUM PACKAGES | command: yum list installed
2018-11-05 12:33:41,963 WARNING - - - Unknown command or file -  [Errno 2] No such file or directory: 'yum': 'yum'
2018-11-05 12:33:41,969 INFO    - - - STARTUP SCRIPTS | command: find /etc/rc.d/* -type f -exec cat {} +
2018-11-05 12:33:41,981 INFO    - - - Saving output to startup_scripts/find__etc_rc.d_*_-type_f_-exec_cat_{}_+.txt
2018-11-05 12:33:41,987 INFO    - - - Saved ./startup scripts/find /etc/rc.d/* -type f -exec cat {} + successfully
2018-11-05 12:33:41,990 INFO    - - - STARTUP SCRIPTS | command: find /etc/init* -type f -exec cat {} +
2018-11-05 12:33:42,003 INFO    - - - Saving output to startup_scripts/find__etc_init*_-type_f_-exec_cat_{}_+.txt
2018-11-05 12:33:42,008 INFO    - - - Saved ./startup scripts/find /etc/init* -type f -exec cat {} + successfully
2018-11-05 12:33:42,010 INFO    - - - OPEN FILES | command: lsof -R
2018-11-05 12:45:14,287 INFO    - - - Saving output to open_files/lsof_-R.txt
2018-11-05 12:45:14,294 INFO    - - - Saved ./open files/lsof -R successfully
2018-11-05 12:45:14,297 INFO    - - - SSH CONFIGURATION | command: find $HOME/.ssh -type f -exec cat {} +
2018-11-05 12:45:14,307 INFO    - - - Saving output to ssh_configuration/find_$HOME_.ssh_-type_f_-exec_cat_{}_+.txt
2018-11-05 12:45:14,310 INFO    - - - Saved ./ssh configuration/find $HOME/.ssh -type f -exec cat {} + successfully
2018-11-05 12:45:14,312 INFO    - - - USER COMMANDS | command: find /usr/bin -type f -exec ls {} +
2018-11-05 12:45:14,343 INFO    - - - Saving output to user_commands/find__usr_bin_-type_f_-exec_ls_{}_+.txt
2018-11-05 12:45:14,347 INFO    - - - Saved ./user commands/find /usr/bin -type f -exec ls {} + successfully
2018-11-05 12:45:14,349 INFO    - - - USER COMMANDS | command: find /usr/local/bin -type f -exec ls {} +
2018-11-05 12:45:14,380 INFO    - - - Saving output to user_commands/find__usr_local_bin_-type_f_-exec_ls_{}_+.txt
2018-11-05 12:45:14,383 INFO    - - - Saved ./user commands/find /usr/local/bin -type f -exec ls {} + successfully
2018-11-05 12:45:14,386 INFO    - - - PROCESS TREE | command: pstree -alp
2018-11-05 12:45:14,395 WARNING - - - Unknown command or file -  [Errno 2] No such file or directory: 'pstree': 'pstree'
