2018-11-05 11:11:46,643 INFO    - - - Started execution
2018-11-05 11:11:46,645 INFO    - - - Checking effective user permissions
2018-11-05 11:11:46,645 INFO    - - - Confirmed superuser privileges, running...
2018-11-05 11:11:46,645 INFO    - - - Checking directory structure...
2018-11-05 11:11:48,773 INFO    - - - True
2018-11-05 11:11:51,348 INFO    - - - False
2018-11-05 11:11:52,290 INFO    - - - False
2018-11-05 12:33:41,413 INFO    - - - False
2018-11-05 12:33:41,423 INFO    - - - True
2018-11-05 12:33:41,426 INFO    - - - False
2018-11-05 12:33:41,429 INFO    - - - False
2018-11-05 12:33:41,432 INFO    - - - False
2018-11-05 12:33:41,434 INFO    - - - True
2018-11-05 12:33:41,438 INFO    - - - False
2018-11-05 12:33:41,441 INFO    - - - False
2018-11-05 12:33:41,444 INFO    - - - False
2018-11-05 12:33:41,447 INFO    - - - False
2018-11-05 12:33:41,450 INFO    - - - False
2018-11-05 12:33:41,456 INFO    - - - False
2018-11-05 12:33:41,459 INFO    - - - False
2018-11-05 12:33:41,462 INFO    - - - False
2018-11-05 12:33:41,464 INFO    - - - False
2018-11-05 12:33:41,472 INFO    - - - False
2018-11-05 12:33:41,475 INFO    - - - False
2018-11-05 12:33:41,480 INFO    - - - KERNEL_NAME_VERSION | command: uname -rs
2018-11-05 12:33:41,497 INFO    - - - Saving output to kernel_name_version/uname_-rs.txt
2018-11-05 12:33:41,501 INFO    - - - Saved ./kernel_name_version/uname -rs successfully
2018-11-05 12:33:41,504 INFO    - - - KERNEL MODULES | command: lsmod
2018-11-05 12:33:41,515 WARNING - - - Unknown command or file -  [Errno 2] No such file or directory: 'lsmod': 'lsmod'
2018-11-05 12:33:41,521 INFO    - - - NETWORK INTERFACES | command: ifconfig -a
2018-11-05 12:33:41,535 INFO    - - - Saving output to network_interfaces/ifconfig_-a.txt
2018-11-05 12:33:41,540 INFO    - - - Saved ./network interfaces/ifconfig -a successfully
2018-11-05 12:33:41,543 INFO    - - - NETWORKING INFORMATION | command: find /etc/hosts -type f -exec cat {} +
2018-11-05 12:33:41,558 INFO    - - - Saving output to networking_information/find__etc_hosts_-type_f_-exec_cat_{}_+.txt
2018-11-05 12:33:41,561 INFO    - - - Saved ./networking information/find /etc/hosts -type f -exec cat {} + successfully
2018-11-05 12:33:41,564 INFO    - - - NETWORKING INFORMATION | command: find /etc/networks -type f -exec cat {} +
2018-11-05 12:33:41,580 INFO    - - - Saving output to networking_information/find__etc_networks_-type_f_-exec_cat_{}_+.txt
2018-11-05 12:33:41,584 INFO    - - - Saved ./networking information/find /etc/networks -type f -exec cat {} + successfully
2018-11-05 12:33:41,587 INFO    - - - NETWORKING INFORMATION | command: find /etc/protocols -type f -exec cat {} +
2018-11-05 12:33:41,602 INFO    - - - Saving output to networking_information/find__etc_protocols_-type_f_-exec_cat_{}_+.txt
2018-11-05 12:33:41,606 INFO    - - - Saved ./networking information/find /etc/protocols -type f -exec cat {} + successfully
2018-11-05 12:33:41,609 INFO    - - - NETWORKING INFORMATION | command: find /etc/ethers -type f -exec cat {} +
2018-11-05 12:33:41,619 INFO    - - - Saving output to networking_information/find__etc_ethers_-type_f_-exec_cat_{}_+.txt
2018-11-05 12:33:41,624 INFO    - - - Saved ./networking information/find /etc/ethers -type f -exec cat {} + successfully
2018-11-05 12:33:41,627 INFO    - - - NETWORKING INFORMATION | command: find /etc/netgroup -type f -exec cat {} +
2018-11-05 12:33:41,636 INFO    - - - Saving output to networking_information/find__etc_netgroup_-type_f_-exec_cat_{}_+.txt
2018-11-05 12:33:41,640 INFO    - - - Saved ./networking information/find /etc/netgroup -type f -exec cat {} + successfully
2018-11-05 12:33:41,643 INFO    - - - NETWORKING INFORMATION | command: find /etc/dhclients -type f -exec cat {} +
2018-11-05 12:33:41,653 INFO    - - - Saving output to networking_information/find__etc_dhclients_-type_f_-exec_cat_{}_+.txt
2018-11-05 12:33:41,657 INFO    - - - Saved ./networking information/find /etc/dhclients -type f -exec cat {} + successfully
2018-11-05 12:33:41,659 INFO    - - - HOSTNAME | command: hostname
2018-11-05 12:33:41,672 INFO    - - - Saving output to hostname/hostname.txt
2018-11-05 12:33:41,676 INFO    - - - Saved ./hostname/hostname successfully
2018-11-05 12:33:41,678 INFO    - - - HOSTNAME | command: find /etc/hostname -type f -exec cat {} +
2018-11-05 12:33:41,690 INFO    - - - Saving output to hostname/find__etc_hostname_-type_f_-exec_cat_{}_+.txt
2018-11-05 12:33:41,694 INFO    - - - Saved ./hostname/find /etc/hostname -type f -exec cat {} + successfully
2018-11-05 12:33:41,697 INFO    - - - LOGIN HISTORY | command: last -Faixw
2018-11-05 12:33:41,709 INFO    - - - Saving output to login_history/last_-Faixw.txt
2018-11-05 12:33:41,712 INFO    - - - Saved ./login history/last -Faixw successfully
2018-11-05 12:33:41,715 INFO    - - - LOGIN HISTORY | command: find /etc/logs/auth.log -type f -exec cat {} +
2018-11-05 12:33:41,728 INFO    - - - Saving output to login_history/find__etc_logs_auth.log_-type_f_-exec_cat_{}_+.txt
2018-11-05 12:33:41,732 INFO    - - - Saved ./login history/find /etc/logs/auth.log -type f -exec cat {} + successfully
2018-11-05 12:33:41,736 INFO    - - - LOGIN HISTORY | command: find /etc/logs/secure -type f -exec cat {} +
2018-11-05 12:33:41,748 INFO    - - - Saving output to login_history/find__etc_logs_secure_-type_f_-exec_cat_{}_+.txt
2018-11-05 12:33:41,752 INFO    - - - Saved ./login history/find /etc/logs/secure -type f -exec cat {} + successfully
2018-11-05 12:33:41,755 INFO    - - - LOGIN HISTORY | command: find /etc/logs/audit.log -type f -exec cat {} +
2018-11-05 12:33:41,766 INFO    - - - Saving output to login_history/find__etc_logs_audit.log_-type_f_-exec_cat_{}_+.txt
2018-11-05 12:33:41,769 INFO    - - - Saved ./login history/find /etc/logs/audit.log -type f -exec cat {} + successfully
2018-11-05 12:33:41,772 INFO    - - - UNIX DISTRIBUTION | command: find /etc/*release -type f -exec cat {} +
2018-11-05 12:33:41,783 INFO    - - - Saving output to unix_distribution/find__etc_*release_-type_f_-exec_cat_{}_+.txt
2018-11-05 12:33:41,787 INFO    - - - Saved ./unix distribution/find /etc/*release -type f -exec cat {} + successfully
2018-11-05 12:33:41,790 INFO    - - - SOCKET CONNECTIONS | command: ss -p
2018-11-05 12:33:41,800 WARNING - - - Unknown command or file -  [Errno 2] No such file or directory: 'ss': 'ss'
2018-11-05 12:33:41,804 INFO    - - - SOCKET CONNECTIONS | command: ss -naop
2018-11-05 12:33:41,814 WARNING - - - Unknown command or file -  [Errno 2] No such file or directory: 'ss': 'ss'
2018-11-05 12:33:41,818 INFO    - - - PROCESSES | command: ps -eww
2018-11-05 12:33:41,876 INFO    - - - Saving output to processes/ps_-eww.txt
2018-11-05 12:33:41,880 INFO    - - - Saved ./processes/ps -eww successfully
2018-11-05 12:33:41,883 INFO    - - - PASSWORD FILES | command: find /etc/shadow -type f -exec cat {} +
2018-11-05 12:33:41,894 INFO    - - - Saving output to password_files/find__etc_shadow_-type_f_-exec_cat_{}_+.txt
2018-11-05 12:33:41,898 INFO    - - - Saved ./password files/find /etc/shadow -type f -exec cat {} + successfully
2018-11-05 12:33:41,901 INFO    - - - PASSWORD FILES | command: find /etc/passwd -type f -exec cat {} +
2018-11-05 12:33:41,916 INFO    - - - Saving output to password_files/find__etc_passwd_-type_f_-exec_cat_{}_+.txt
2018-11-05 12:33:41,920 INFO    - - - Saved ./password files/find /etc/passwd -type f -exec cat {} + successfully
2018-11-05 12:33:41,923 INFO    - - - SCHEDULED JOBS | command: find /etc/cron* -type f -exec cat {} +
2018-11-05 12:33:41,934 INFO    - - - Saving output to scheduled_jobs/find__etc_cron*_-type_f_-exec_cat_{}_+.txt
2018-11-05 12:33:41,938 INFO    - - - Saved ./scheduled jobs/find /etc/cron* -type f -exec cat {} + successfully
2018-11-05 12:33:41,942 INFO    - - - SCHEDULED JOBS | command: find /var/spool/cron/* -type f -exec cat {} +
2018-11-05 12:33:41,957 INFO    - - - Saving output to scheduled_jobs/find__var_spool_cron_*_-type_f_-exec_cat_{}_+.txt
2018-11-05 12:33:41,961 INFO    - - - Saved ./scheduled jobs/find /var/spool/cron/* -type f -exec cat {} + successfully
2018-11-05 12:33:41,963 INFO    - - - X WINDOW CONFIG FILES | command: find /etc/X11/* -type f -exec cat {} +
2018-11-05 12:33:41,975 INFO    - - - Saving output to x_window_config_files/find__etc_X11_*_-type_f_-exec_cat_{}_+.txt
2018-11-05 12:33:41,978 INFO    - - - Saved ./x window config files/find /etc/X11/* -type f -exec cat {} + successfully
2018-11-05 12:33:41,982 INFO    - - - YUM REPOSITORIES | command: find /etc/yum.repos.d/* -type f -exec cat {} +
2018-11-05 12:33:41,996 INFO    - - - Saving output to yum_repositories/find__etc_yum.repos.d_*_-type_f_-exec_cat_{}_+.txt
2018-11-05 12:33:42,000 INFO    - - - Saved ./yum repositories/find /etc/yum.repos.d/* -type f -exec cat {} + successfully
2018-11-05 12:33:42,003 INFO    - - - CACHED YUM DATA FILES | command: find /var/cache/yum -type f -exec ls {} +
2018-11-05 12:33:42,014 INFO    - - - Saving output to cached_yum_data_files/find__var_cache_yum_-type_f_-exec_ls_{}_+.txt
2018-11-05 12:33:42,017 INFO    - - - Saved ./cached yum data files/find /var/cache/yum -type f -exec ls {} + successfully
2018-11-05 12:33:42,020 INFO    - - - INSTALLED YUM PACKAGES | command: yum list installed
2018-11-05 12:33:42,029 WARNING - - - Unknown command or file -  [Errno 2] No such file or directory: 'yum': 'yum'
2018-11-05 12:33:42,033 INFO    - - - STARTUP SCRIPTS | command: find /etc/rc.d/* -type f -exec cat {} +
2018-11-05 12:33:42,061 INFO    - - - Saving output to startup_scripts/find__etc_rc.d_*_-type_f_-exec_cat_{}_+.txt
2018-11-05 12:33:42,065 INFO    - - - Saved ./startup scripts/find /etc/rc.d/* -type f -exec cat {} + successfully
2018-11-05 12:33:42,070 INFO    - - - STARTUP SCRIPTS | command: find /etc/init* -type f -exec cat {} +
2018-11-05 12:33:42,113 INFO    - - - Saving output to startup_scripts/find__etc_init*_-type_f_-exec_cat_{}_+.txt
2018-11-05 12:33:42,118 INFO    - - - Saved ./startup scripts/find /etc/init* -type f -exec cat {} + successfully
2018-11-05 12:33:42,121 INFO    - - - OPEN FILES | command: lsof -R
2018-11-05 12:45:14,292 INFO    - - - Saving output to open_files/lsof_-R.txt
2018-11-05 12:45:14,298 INFO    - - - Saved ./open files/lsof -R successfully
2018-11-05 12:45:14,300 INFO    - - - SSH CONFIGURATION | command: find $HOME/.ssh -type f -exec cat {} +
2018-11-05 12:45:14,311 INFO    - - - Saving output to ssh_configuration/find_$HOME_.ssh_-type_f_-exec_cat_{}_+.txt
2018-11-05 12:45:14,314 INFO    - - - Saved ./ssh configuration/find $HOME/.ssh -type f -exec cat {} + successfully
2018-11-05 12:45:14,316 INFO    - - - USER COMMANDS | command: find /usr/bin -type f -exec ls {} +
2018-11-05 12:45:14,348 INFO    - - - Saving output to user_commands/find__usr_bin_-type_f_-exec_ls_{}_+.txt
2018-11-05 12:45:14,352 INFO    - - - Saved ./user commands/find /usr/bin -type f -exec ls {} + successfully
2018-11-05 12:45:14,354 INFO    - - - USER COMMANDS | command: find /usr/local/bin -type f -exec ls {} +
2018-11-05 12:45:14,380 INFO    - - - Saving output to user_commands/find__usr_local_bin_-type_f_-exec_ls_{}_+.txt
2018-11-05 12:45:14,383 INFO    - - - Saved ./user commands/find /usr/local/bin -type f -exec ls {} + successfully
2018-11-05 12:45:14,385 INFO    - - - PROCESS TREE | command: pstree -alp
2018-11-05 12:45:14,392 WARNING - - - Unknown command or file -  [Errno 2] No such file or directory: 'pstree': 'pstree'
