2018-10-31 11:54:24,298 INFO    - - - Started execution
2018-10-31 11:54:24,299 INFO    - - - Checking effective user permissions
2018-10-31 11:54:24,300 INFO    - - - Confirmed superuser privileges, running...
2018-10-31 11:54:24,300 INFO    - - - KERNEL_NAME_VERSION | command: uname -rs
2018-10-31 11:54:25,391 INFO    - - - Saving output to kernel_name_version/uname_-rs.dat
2018-10-31 11:54:32,716 INFO    - - - Saved ./kernel_name_version/uname -rs successfully
2018-10-31 12:28:33,334 INFO    - - - KERNEL MODULES | command: lsmod
2018-10-31 12:28:33,359 WARNING - - - Unknown command: lsmod
2018-10-31 12:28:33,364 INFO    - - - NETWORK INTERFACES | command: ifconfig -a
2018-10-31 12:28:33,391 INFO    - - - Saving output to network_interfaces/ifconfig_-a.dat
2018-10-31 12:28:33,393 WARNING - - - Unknown command: network_interfaces/ifconfig_-a.dat
2018-10-31 12:28:33,395 INFO    - - - NETWORKING INFORMATION | command: find /etc/hosts -type f -exec cat {} +
2018-10-31 12:28:33,425 INFO    - - - Saving output to networking_information/find_//etc//hosts_-type_f_-exec_cat_{}_+.dat
2018-10-31 12:28:33,431 WARNING - - - Unknown command: networking_information/find_//etc//hosts_-type_f_-exec_cat_{}_+.dat
2018-10-31 12:28:33,433 INFO    - - - NETWORKING INFORMATION | command: find /etc/networks -type f -exec cat {} +
2018-10-31 12:28:33,467 INFO    - - - Saving output to networking_information/find_//etc//networks_-type_f_-exec_cat_{}_+.dat
2018-10-31 12:28:33,469 WARNING - - - Unknown command: networking_information/find_//etc//networks_-type_f_-exec_cat_{}_+.dat
2018-10-31 12:28:33,470 INFO    - - - NETWORKING INFORMATION | command: find /etc/protocols -type f -exec cat {} +
2018-10-31 12:28:33,494 INFO    - - - Saving output to networking_information/find_//etc//protocols_-type_f_-exec_cat_{}_+.dat
2018-10-31 12:28:33,496 WARNING - - - Unknown command: networking_information/find_//etc//protocols_-type_f_-exec_cat_{}_+.dat
2018-10-31 12:28:33,498 INFO    - - - NETWORKING INFORMATION | command: find /etc/ethers -type f -exec cat {} +
2018-10-31 12:28:33,518 INFO    - - - Saving output to networking_information/find_//etc//ethers_-type_f_-exec_cat_{}_+.dat
2018-10-31 12:28:33,520 WARNING - - - Unknown command: networking_information/find_//etc//ethers_-type_f_-exec_cat_{}_+.dat
2018-10-31 12:28:33,522 INFO    - - - NETWORKING INFORMATION | command: find /etc/netgroup -type f -exec cat {} +
2018-10-31 12:28:33,542 INFO    - - - Saving output to networking_information/find_//etc//netgroup_-type_f_-exec_cat_{}_+.dat
2018-10-31 12:28:33,544 WARNING - - - Unknown command: networking_information/find_//etc//netgroup_-type_f_-exec_cat_{}_+.dat
2018-10-31 12:28:33,546 INFO    - - - NETWORKING INFORMATION | command: find /etc/dhclients -type f -exec cat {} +
2018-10-31 12:28:33,563 INFO    - - - Saving output to networking_information/find_//etc//dhclients_-type_f_-exec_cat_{}_+.dat
2018-10-31 12:28:33,565 WARNING - - - Unknown command: networking_information/find_//etc//dhclients_-type_f_-exec_cat_{}_+.dat
2018-10-31 12:28:33,567 INFO    - - - HOSTNAME | command: hostname
2018-10-31 12:28:33,582 INFO    - - - Saving output to hostname/hostname.dat
2018-10-31 12:28:33,584 WARNING - - - Unknown command: hostname/hostname.dat
2018-10-31 12:28:33,586 INFO    - - - HOSTNAME | command: find /etc/hostname -type f -exec cat {} +
2018-10-31 12:28:33,606 INFO    - - - Saving output to hostname/find_//etc//hostname_-type_f_-exec_cat_{}_+.dat
2018-10-31 12:28:33,609 WARNING - - - Unknown command: hostname/find_//etc//hostname_-type_f_-exec_cat_{}_+.dat
2018-10-31 12:28:33,610 INFO    - - - LOGIN HISTORY | command: last -Faixw
2018-10-31 12:28:33,628 INFO    - - - Saving output to login_history/last_-Faixw.dat
2018-10-31 12:28:33,630 WARNING - - - Unknown command: login_history/last_-Faixw.dat
2018-10-31 12:28:33,632 INFO    - - - LOGIN HISTORY | command: find /etc/logs/auth.log -type f -exec cat {} +
2018-10-31 12:28:33,648 INFO    - - - Saving output to login_history/find_//etc//logs//auth.log_-type_f_-exec_cat_{}_+.dat
2018-10-31 12:28:33,651 WARNING - - - Unknown command: login_history/find_//etc//logs//auth.log_-type_f_-exec_cat_{}_+.dat
2018-10-31 12:28:33,652 INFO    - - - LOGIN HISTORY | command: find /etc/logs/secure -type f -exec cat {} +
2018-10-31 12:28:33,669 INFO    - - - Saving output to login_history/find_//etc//logs//secure_-type_f_-exec_cat_{}_+.dat
2018-10-31 12:28:33,673 WARNING - - - Unknown command: login_history/find_//etc//logs//secure_-type_f_-exec_cat_{}_+.dat
2018-10-31 12:28:33,675 INFO    - - - LOGIN HISTORY | command: find /etc/logs/audit.log -type f -exec cat {} +
2018-10-31 12:28:33,694 INFO    - - - Saving output to login_history/find_//etc//logs//audit.log_-type_f_-exec_cat_{}_+.dat
2018-10-31 12:28:33,696 WARNING - - - Unknown command: login_history/find_//etc//logs//audit.log_-type_f_-exec_cat_{}_+.dat
2018-10-31 12:28:33,697 INFO    - - - UNIX DISTRIBUTION | command: find /etc/*release -type f -exec cat {} +
2018-10-31 12:28:33,717 INFO    - - - Saving output to unix_distribution/find_//etc//*release_-type_f_-exec_cat_{}_+.dat
2018-10-31 12:28:33,720 WARNING - - - Unknown command: unix_distribution/find_//etc//*release_-type_f_-exec_cat_{}_+.dat
2018-10-31 12:28:33,722 INFO    - - - SOCKET CONNECTIONS | command: ss -p
2018-10-31 12:28:33,739 WARNING - - - Unknown command: ss
2018-10-31 12:28:33,741 INFO    - - - SOCKET CONNECTIONS | command: ss -naop
2018-10-31 12:28:33,760 WARNING - - - Unknown command: ss
2018-10-31 12:28:33,763 INFO    - - - PROCESSES | command: ps -eww
2018-10-31 12:28:33,831 INFO    - - - Saving output to processes/ps_-eww.dat
2018-10-31 12:28:33,833 WARNING - - - Unknown command: processes/ps_-eww.dat
2018-10-31 12:28:33,835 INFO    - - - PASSWORD FILES | command: find /etc/shadow -type f -exec cat {} +
2018-10-31 12:28:33,855 INFO    - - - Saving output to password_files/find_//etc//shadow_-type_f_-exec_cat_{}_+.dat
2018-10-31 12:28:33,858 WARNING - - - Unknown command: password_files/find_//etc//shadow_-type_f_-exec_cat_{}_+.dat
2018-10-31 12:28:33,859 INFO    - - - PASSWORD FILES | command: find /etc/passwd -type f -exec cat {} +
2018-10-31 12:28:33,882 INFO    - - - Saving output to password_files/find_//etc//passwd_-type_f_-exec_cat_{}_+.dat
2018-10-31 12:28:33,885 WARNING - - - Unknown command: password_files/find_//etc//passwd_-type_f_-exec_cat_{}_+.dat
2018-10-31 12:28:33,886 INFO    - - - SCHEDULED JOBS | command: find /etc/cron* -type f -exec cat {} +
2018-10-31 12:28:33,903 INFO    - - - Saving output to scheduled_jobs/find_//etc//cron*_-type_f_-exec_cat_{}_+.dat
2018-10-31 12:28:33,906 WARNING - - - Unknown command: scheduled_jobs/find_//etc//cron*_-type_f_-exec_cat_{}_+.dat
2018-10-31 12:28:33,907 INFO    - - - SCHEDULED JOBS | command: find /var/spool/cron/* -type f -exec cat {} +
2018-10-31 12:28:33,930 INFO    - - - Saving output to scheduled_jobs/find_//var//spool//cron//*_-type_f_-exec_cat_{}_+.dat
2018-10-31 12:28:33,933 WARNING - - - Unknown command: scheduled_jobs/find_//var//spool//cron//*_-type_f_-exec_cat_{}_+.dat
2018-10-31 12:28:33,934 INFO    - - - X WINDOW CONFIG FILES | command: find /etc/X11/* -type f -exec cat {} +
2018-10-31 12:28:33,958 INFO    - - - Saving output to x_window_config_files/find_//etc//X11//*_-type_f_-exec_cat_{}_+.dat
2018-10-31 12:28:33,960 WARNING - - - Unknown command: x_window_config_files/find_//etc//X11//*_-type_f_-exec_cat_{}_+.dat
2018-10-31 12:28:33,964 INFO    - - - YUM REPOSITORIES | command: find /etc/yum.repos.d/* -type f -exec cat {} +
2018-10-31 12:28:33,986 INFO    - - - Saving output to yum_repositories/find_//etc//yum.repos.d//*_-type_f_-exec_cat_{}_+.dat
2018-10-31 12:28:33,989 WARNING - - - Unknown command: yum_repositories/find_//etc//yum.repos.d//*_-type_f_-exec_cat_{}_+.dat
2018-10-31 12:28:33,991 INFO    - - - CACHED YUM DATA FILES | command: find /var/cache/yum -type f -exec ls {} +
2018-10-31 12:28:34,007 INFO    - - - Saving output to cached_yum_data_files/find_//var//cache//yum_-type_f_-exec_ls_{}_+.dat
2018-10-31 12:28:34,009 WARNING - - - Unknown command: cached_yum_data_files/find_//var//cache//yum_-type_f_-exec_ls_{}_+.dat
2018-10-31 12:28:34,011 INFO    - - - INSTALLED YUM PACKAGES | command: yum list installed
2018-10-31 12:28:34,033 WARNING - - - Unknown command: yum
2018-10-31 12:28:34,035 INFO    - - - STARTUP SCRIPTS | command: find /etc/rc.d/* -type f -exec cat {} +
2018-10-31 12:28:34,053 INFO    - - - Saving output to startup_scripts/find_//etc//rc.d//*_-type_f_-exec_cat_{}_+.dat
2018-10-31 12:28:34,055 WARNING - - - Unknown command: startup_scripts/find_//etc//rc.d//*_-type_f_-exec_cat_{}_+.dat
2018-10-31 12:28:34,057 INFO    - - - STARTUP SCRIPTS | command: find /etc/init* -type f -exec cat {} +
2018-10-31 12:28:34,076 INFO    - - - Saving output to startup_scripts/find_//etc//init*_-type_f_-exec_cat_{}_+.dat
2018-10-31 12:28:34,079 WARNING - - - Unknown command: startup_scripts/find_//etc//init*_-type_f_-exec_cat_{}_+.dat
2018-10-31 12:28:34,082 INFO    - - - OPEN FILES | command: lsof -R
2018-10-31 12:33:28,763 INFO    - - - Saving output to open_files/lsof_-R.dat
2018-10-31 12:33:28,764 WARNING - - - Unknown command: open_files/lsof_-R.dat
2018-10-31 12:33:28,765 INFO    - - - SSH CONFIGURATION | command: find $HOME/.ssh -type f -exec cat {} +
2018-10-31 12:33:28,773 INFO    - - - Saving output to ssh_configuration/find_$HOME//.ssh_-type_f_-exec_cat_{}_+.dat
2018-10-31 12:33:28,775 WARNING - - - Unknown command: ssh_configuration/find_$HOME//.ssh_-type_f_-exec_cat_{}_+.dat
2018-10-31 12:33:28,776 INFO    - - - USER COMMANDS | command: find /usr/bin -type f -exec ls {} +
2018-10-31 12:33:28,798 INFO    - - - Saving output to user_commands/find_//usr//bin_-type_f_-exec_ls_{}_+.dat
2018-10-31 12:33:28,799 WARNING - - - Unknown command: user_commands/find_//usr//bin_-type_f_-exec_ls_{}_+.dat
2018-10-31 12:33:28,800 INFO    - - - USER COMMANDS | command: find /usr/local/bin -type f -exec ls {} +
2018-10-31 12:33:28,813 INFO    - - - Saving output to user_commands/find_//usr//local//bin_-type_f_-exec_ls_{}_+.dat
2018-10-31 12:33:28,815 WARNING - - - Unknown command: user_commands/find_//usr//local//bin_-type_f_-exec_ls_{}_+.dat
2018-10-31 12:33:28,815 INFO    - - - PROCESS TREE | command: pstree -alp
2018-10-31 12:33:28,821 WARNING - - - Unknown command: pstree
