2018-11-05 10:35:50,231 INFO    - - - Started execution
2018-11-05 10:35:50,231 INFO    - - - Checking effective user permissions
2018-11-05 10:35:50,231 INFO    - - - Confirmed superuser privileges, running...
2018-11-05 10:35:50,231 INFO    - - - SSH CONFIGURATION | command: find $HOME/.ssh -type f -exec cat {} +
2018-11-05 10:35:50,236 INFO    - - - Saving output to ssh_configuration/find_$HOME_.ssh_-type_f_-exec_cat_{}_+.txt
2018-11-05 10:35:50,236 WARNING - - - Unknown command or file -  [Errno 2] No such file or directory
2018-11-05 10:35:50,236 INFO    - - - YUM REPOSITORIES | command: find /etc/yum.repos.d/* -type f -exec cat {} +
2018-11-05 10:35:50,240 INFO    - - - Saving output to yum_repositories/find__etc_yum.repos.d_*_-type_f_-exec_cat_{}_+.txt
2018-11-05 10:35:50,240 WARNING - - - Unknown command or file -  [Errno 2] No such file or directory
2018-11-05 10:35:50,240 INFO    - - - PROCESSES | command: ps -eww
2018-11-05 10:35:50,292 INFO    - - - Saving output to processes/ps_-eww.txt
2018-11-05 10:35:50,293 WARNING - - - Unknown command or file -  [Errno 2] No such file or directory
2018-11-05 10:35:50,293 INFO    - - - USER COMMANDS | command: find /usr/bin -type f -exec ls {} +
2018-11-05 10:35:50,320 INFO    - - - Saving output to user_commands/find__usr_bin_-type_f_-exec_ls_{}_+.txt
2018-11-05 10:35:50,320 WARNING - - - Unknown command or file -  [Errno 2] No such file or directory
2018-11-05 10:35:50,320 INFO    - - - USER COMMANDS | command: find /usr/local/bin -type f -exec ls {} +
2018-11-05 10:35:50,330 INFO    - - - Saving output to user_commands/find__usr_local_bin_-type_f_-exec_ls_{}_+.txt
2018-11-05 10:35:50,331 WARNING - - - Unknown command or file -  [Errno 2] No such file or directory
2018-11-05 10:35:50,331 INFO    - - - NETWORKING INFORMATION | command: find /etc/hosts -type f -exec cat {} +
2018-11-05 10:35:50,337 INFO    - - - Saving output to networking_information/find__etc_hosts_-type_f_-exec_cat_{}_+.txt
2018-11-05 10:35:50,337 WARNING - - - Unknown command or file -  [Errno 2] No such file or directory
2018-11-05 10:35:50,338 INFO    - - - NETWORKING INFORMATION | command: find /etc/networks -type f -exec cat {} +
2018-11-05 10:35:50,344 INFO    - - - Saving output to networking_information/find__etc_networks_-type_f_-exec_cat_{}_+.txt
2018-11-05 10:35:50,344 WARNING - - - Unknown command or file -  [Errno 2] No such file or directory
2018-11-05 10:35:50,344 INFO    - - - NETWORKING INFORMATION | command: find /etc/protocols -type f -exec cat {} +
2018-11-05 10:35:50,351 INFO    - - - Saving output to networking_information/find__etc_protocols_-type_f_-exec_cat_{}_+.txt
2018-11-05 10:35:50,351 WARNING - - - Unknown command or file -  [Errno 2] No such file or directory
2018-11-05 10:35:50,351 INFO    - - - NETWORKING INFORMATION | command: find /etc/ethers -type f -exec cat {} +
2018-11-05 10:35:50,355 INFO    - - - Saving output to networking_information/find__etc_ethers_-type_f_-exec_cat_{}_+.txt
2018-11-05 10:35:50,355 WARNING - - - Unknown command or file -  [Errno 2] No such file or directory
2018-11-05 10:35:50,355 INFO    - - - NETWORKING INFORMATION | command: find /etc/netgroup -type f -exec cat {} +
2018-11-05 10:35:50,359 INFO    - - - Saving output to networking_information/find__etc_netgroup_-type_f_-exec_cat_{}_+.txt
2018-11-05 10:35:50,360 WARNING - - - Unknown command or file -  [Errno 2] No such file or directory
2018-11-05 10:35:50,360 INFO    - - - NETWORKING INFORMATION | command: find /etc/dhclients -type f -exec cat {} +
2018-11-05 10:35:50,364 INFO    - - - Saving output to networking_information/find__etc_dhclients_-type_f_-exec_cat_{}_+.txt
2018-11-05 10:35:50,364 WARNING - - - Unknown command or file -  [Errno 2] No such file or directory
2018-11-05 10:35:50,364 INFO    - - - KERNEL MODULES | command: lsmod
2018-11-05 10:35:50,369 WARNING - - - Unknown command or file -  [Errno 2] No such file or directory
2018-11-05 10:35:50,369 INFO    - - - STARTUP SCRIPTS | command: find /etc/rc.d/* -type f -exec cat {} +
2018-11-05 10:35:50,373 INFO    - - - Saving output to startup_scripts/find__etc_rc.d_*_-type_f_-exec_cat_{}_+.txt
2018-11-05 10:35:50,374 WARNING - - - Unknown command or file -  [Errno 2] No such file or directory
2018-11-05 10:35:50,374 INFO    - - - STARTUP SCRIPTS | command: find /etc/init* -type f -exec cat {} +
2018-11-05 10:35:50,378 INFO    - - - Saving output to startup_scripts/find__etc_init*_-type_f_-exec_cat_{}_+.txt
2018-11-05 10:35:50,378 WARNING - - - Unknown command or file -  [Errno 2] No such file or directory
2018-11-05 10:35:50,378 INFO    - - - INSTALLED YUM PACKAGES | command: yum list installed
2018-11-05 10:35:50,382 WARNING - - - Unknown command or file -  [Errno 2] No such file or directory
2018-11-05 10:35:50,382 INFO    - - - PROCESS TREE | command: pstree -alp
2018-11-05 10:35:50,386 WARNING - - - Unknown command or file -  [Errno 2] No such file or directory
2018-11-05 10:35:50,386 INFO    - - - HOSTNAME | command: hostname
2018-11-05 10:35:50,390 INFO    - - - Saving output to hostname/hostname.txt
2018-11-05 10:35:50,390 WARNING - - - Unknown command or file -  [Errno 2] No such file or directory
2018-11-05 10:35:50,390 INFO    - - - HOSTNAME | command: find /etc/hostname -type f -exec cat {} +
2018-11-05 10:35:50,394 INFO    - - - Saving output to hostname/find__etc_hostname_-type_f_-exec_cat_{}_+.txt
2018-11-05 10:35:50,395 WARNING - - - Unknown command or file -  [Errno 2] No such file or directory
2018-11-05 10:35:50,395 INFO    - - - OPEN FILES | command: lsof -R
