2018-11-05 11:11:16,798 INFO    - - - Started execution
2018-11-05 11:11:16,798 INFO    - - - Checking effective user permissions
2018-11-05 11:11:16,799 INFO    - - - Confirmed superuser privileges, running...
2018-11-05 11:11:16,799 INFO    - - - Checking directory structure...
2018-11-05 11:11:16,799 INFO    - - - KERNEL_NAME_VERSION | command: uname -rs
2018-11-05 11:11:16,803 INFO    - - - Saving output to kernel_name_version/uname_-rs.txt
2018-11-05 11:11:16,804 INFO    - - - Saved ./kernel_name_version/uname -rs successfully
2018-11-05 11:11:16,804 INFO    - - - KERNEL MODULES | command: lsmod
2018-11-05 11:11:16,807 WARNING - - - Unknown command or file -  [Errno 2] No such file or directory: 'lsmod': 'lsmod'
2018-11-05 11:11:16,808 INFO    - - - NETWORK INTERFACES | command: ifconfig -a
2018-11-05 11:11:16,815 INFO    - - - Saving output to network_interfaces/ifconfig_-a.txt
2018-11-05 11:11:16,815 WARNING - - - Unknown command or file -  [Errno 2] No such file or directory
2018-11-05 11:11:16,815 INFO    - - - NETWORKING INFORMATION | command: find /etc/hosts -type f -exec cat {} +
2018-11-05 11:11:16,822 INFO    - - - Saving output to networking_information/find__etc_hosts_-type_f_-exec_cat_{}_+.txt
2018-11-05 11:11:16,823 WARNING - - - Unknown command or file -  [Errno 2] No such file or directory
2018-11-05 11:11:16,823 INFO    - - - NETWORKING INFORMATION | command: find /etc/networks -type f -exec cat {} +
2018-11-05 11:11:16,829 INFO    - - - Saving output to networking_information/find__etc_networks_-type_f_-exec_cat_{}_+.txt
2018-11-05 11:11:16,830 WARNING - - - Unknown command or file -  [Errno 2] No such file or directory
2018-11-05 11:11:16,830 INFO    - - - NETWORKING INFORMATION | command: find /etc/protocols -type f -exec cat {} +
2018-11-05 11:11:16,837 INFO    - - - Saving output to networking_information/find__etc_protocols_-type_f_-exec_cat_{}_+.txt
2018-11-05 11:11:16,837 WARNING - - - Unknown command or file -  [Errno 2] No such file or directory
2018-11-05 11:11:16,837 INFO    - - - NETWORKING INFORMATION | command: find /etc/ethers -type f -exec cat {} +
2018-11-05 11:11:16,842 INFO    - - - Saving output to networking_information/find__etc_ethers_-type_f_-exec_cat_{}_+.txt
2018-11-05 11:11:16,842 WARNING - - - Unknown command or file -  [Errno 2] No such file or directory
2018-11-05 11:11:16,842 INFO    - - - NETWORKING INFORMATION | command: find /etc/netgroup -type f -exec cat {} +
2018-11-05 11:11:16,847 INFO    - - - Saving output to networking_information/find__etc_netgroup_-type_f_-exec_cat_{}_+.txt
2018-11-05 11:11:16,847 WARNING - - - Unknown command or file -  [Errno 2] No such file or directory
2018-11-05 11:11:16,847 INFO    - - - NETWORKING INFORMATION | command: find /etc/dhclients -type f -exec cat {} +
2018-11-05 11:11:16,852 INFO    - - - Saving output to networking_information/find__etc_dhclients_-type_f_-exec_cat_{}_+.txt
2018-11-05 11:11:16,852 WARNING - - - Unknown command or file -  [Errno 2] No such file or directory
2018-11-05 11:11:16,852 INFO    - - - HOSTNAME | command: hostname
2018-11-05 11:11:16,856 INFO    - - - Saving output to hostname/hostname.txt
2018-11-05 11:11:16,856 WARNING - - - Unknown command or file -  [Errno 2] No such file or directory
2018-11-05 11:11:16,856 INFO    - - - HOSTNAME | command: find /etc/hostname -type f -exec cat {} +
2018-11-05 11:11:16,861 INFO    - - - Saving output to hostname/find__etc_hostname_-type_f_-exec_cat_{}_+.txt
2018-11-05 11:11:16,861 WARNING - - - Unknown command or file -  [Errno 2] No such file or directory
2018-11-05 11:11:16,861 INFO    - - - LOGIN HISTORY | command: last -Faixw
2018-11-05 11:11:16,865 INFO    - - - Saving output to login_history/last_-Faixw.txt
2018-11-05 11:11:16,866 WARNING - - - Unknown command or file -  [Errno 2] No such file or directory
2018-11-05 11:11:16,866 INFO    - - - LOGIN HISTORY | command: find /etc/logs/auth.log -type f -exec cat {} +
2018-11-05 11:11:16,870 INFO    - - - Saving output to login_history/find__etc_logs_auth.log_-type_f_-exec_cat_{}_+.txt
2018-11-05 11:11:16,870 WARNING - - - Unknown command or file -  [Errno 2] No such file or directory
2018-11-05 11:11:16,870 INFO    - - - LOGIN HISTORY | command: find /etc/logs/secure -type f -exec cat {} +
2018-11-05 11:11:16,875 INFO    - - - Saving output to login_history/find__etc_logs_secure_-type_f_-exec_cat_{}_+.txt
2018-11-05 11:11:16,875 WARNING - - - Unknown command or file -  [Errno 2] No such file or directory
2018-11-05 11:11:16,875 INFO    - - - LOGIN HISTORY | command: find /etc/logs/audit.log -type f -exec cat {} +
2018-11-05 11:11:16,880 INFO    - - - Saving output to login_history/find__etc_logs_audit.log_-type_f_-exec_cat_{}_+.txt
2018-11-05 11:11:16,880 WARNING - - - Unknown command or file -  [Errno 2] No such file or directory
2018-11-05 11:11:16,880 INFO    - - - UNIX DISTRIBUTION | command: find /etc/*release -type f -exec cat {} +
2018-11-05 11:11:16,885 INFO    - - - Saving output to unix_distribution/find__etc_*release_-type_f_-exec_cat_{}_+.txt
2018-11-05 11:11:16,885 WARNING - - - Unknown command or file -  [Errno 2] No such file or directory
2018-11-05 11:11:16,885 INFO    - - - SOCKET CONNECTIONS | command: ss -p
2018-11-05 11:11:16,888 WARNING - - - Unknown command or file -  [Errno 2] No such file or directory: 'ss': 'ss'
2018-11-05 11:11:16,889 INFO    - - - SOCKET CONNECTIONS | command: ss -naop
2018-11-05 11:11:16,892 WARNING - - - Unknown command or file -  [Errno 2] No such file or directory: 'ss': 'ss'
2018-11-05 11:11:16,892 INFO    - - - PROCESSES | command: ps -eww
2018-11-05 11:11:16,947 INFO    - - - Saving output to processes/ps_-eww.txt
2018-11-05 11:11:16,947 WARNING - - - Unknown command or file -  [Errno 2] No such file or directory
2018-11-05 11:11:16,947 INFO    - - - PASSWORD FILES | command: find /etc/shadow -type f -exec cat {} +
2018-11-05 11:11:16,952 INFO    - - - Saving output to password_files/find__etc_shadow_-type_f_-exec_cat_{}_+.txt
2018-11-05 11:11:16,952 WARNING - - - Unknown command or file -  [Errno 2] No such file or directory
2018-11-05 11:11:16,952 INFO    - - - PASSWORD FILES | command: find /etc/passwd -type f -exec cat {} +
2018-11-05 11:11:16,958 INFO    - - - Saving output to password_files/find__etc_passwd_-type_f_-exec_cat_{}_+.txt
2018-11-05 11:11:16,959 WARNING - - - Unknown command or file -  [Errno 2] No such file or directory
2018-11-05 11:11:16,959 INFO    - - - SCHEDULED JOBS | command: find /etc/cron* -type f -exec cat {} +
2018-11-05 11:11:16,964 INFO    - - - Saving output to scheduled_jobs/find__etc_cron*_-type_f_-exec_cat_{}_+.txt
2018-11-05 11:11:16,964 WARNING - - - Unknown command or file -  [Errno 2] No such file or directory
2018-11-05 11:11:16,964 INFO    - - - SCHEDULED JOBS | command: find /var/spool/cron/* -type f -exec cat {} +
2018-11-05 11:11:16,968 INFO    - - - Saving output to scheduled_jobs/find__var_spool_cron_*_-type_f_-exec_cat_{}_+.txt
2018-11-05 11:11:16,969 WARNING - - - Unknown command or file -  [Errno 2] No such file or directory
2018-11-05 11:11:16,969 INFO    - - - X WINDOW CONFIG FILES | command: find /etc/X11/* -type f -exec cat {} +
2018-11-05 11:11:16,973 INFO    - - - Saving output to x_window_config_files/find__etc_X11_*_-type_f_-exec_cat_{}_+.txt
2018-11-05 11:11:16,974 WARNING - - - Unknown command or file -  [Errno 2] No such file or directory
2018-11-05 11:11:16,974 INFO    - - - YUM REPOSITORIES | command: find /etc/yum.repos.d/* -type f -exec cat {} +
2018-11-05 11:11:16,978 INFO    - - - Saving output to yum_repositories/find__etc_yum.repos.d_*_-type_f_-exec_cat_{}_+.txt
2018-11-05 11:11:16,979 WARNING - - - Unknown command or file -  [Errno 2] No such file or directory
2018-11-05 11:11:16,979 INFO    - - - CACHED YUM DATA FILES | command: find /var/cache/yum -type f -exec ls {} +
2018-11-05 11:11:16,983 INFO    - - - Saving output to cached_yum_data_files/find__var_cache_yum_-type_f_-exec_ls_{}_+.txt
2018-11-05 11:11:16,983 WARNING - - - Unknown command or file -  [Errno 2] No such file or directory
2018-11-05 11:11:16,983 INFO    - - - INSTALLED YUM PACKAGES | command: yum list installed
2018-11-05 11:11:16,987 WARNING - - - Unknown command or file -  [Errno 2] No such file or directory: 'yum': 'yum'
2018-11-05 11:11:16,987 INFO    - - - STARTUP SCRIPTS | command: find /etc/rc.d/* -type f -exec cat {} +
2018-11-05 11:11:16,991 INFO    - - - Saving output to startup_scripts/find__etc_rc.d_*_-type_f_-exec_cat_{}_+.txt
2018-11-05 11:11:16,992 WARNING - - - Unknown command or file -  [Errno 2] No such file or directory
2018-11-05 11:11:16,992 INFO    - - - STARTUP SCRIPTS | command: find /etc/init* -type f -exec cat {} +
2018-11-05 11:11:16,996 INFO    - - - Saving output to startup_scripts/find__etc_init*_-type_f_-exec_cat_{}_+.txt
2018-11-05 11:11:16,997 WARNING - - - Unknown command or file -  [Errno 2] No such file or directory
2018-11-05 11:11:16,997 INFO    - - - OPEN FILES | command: lsof -R
2018-11-05 11:11:39,105 INFO    - - - Saving output to open_files/lsof_-R.txt
2018-11-05 11:11:39,106 WARNING - - - Unknown command or file -  [Errno 2] No such file or directory
2018-11-05 11:11:39,106 INFO    - - - SSH CONFIGURATION | command: find $HOME/.ssh -type f -exec cat {} +
2018-11-05 11:11:39,110 INFO    - - - Saving output to ssh_configuration/find_$HOME_.ssh_-type_f_-exec_cat_{}_+.txt
2018-11-05 11:11:39,111 WARNING - - - Unknown command or file -  [Errno 2] No such file or directory
2018-11-05 11:11:39,111 INFO    - - - USER COMMANDS | command: find /usr/bin -type f -exec ls {} +
2018-11-05 11:11:39,129 INFO    - - - Saving output to user_commands/find__usr_bin_-type_f_-exec_ls_{}_+.txt
2018-11-05 11:11:39,129 WARNING - - - Unknown command or file -  [Errno 2] No such file or directory
2018-11-05 11:11:39,129 INFO    - - - USER COMMANDS | command: find /usr/local/bin -type f -exec ls {} +
2018-11-05 11:11:39,139 INFO    - - - Saving output to user_commands/find__usr_local_bin_-type_f_-exec_ls_{}_+.txt
2018-11-05 11:11:39,139 WARNING - - - Unknown command or file -  [Errno 2] No such file or directory
2018-11-05 11:11:39,139 INFO    - - - PROCESS TREE | command: pstree -alp
2018-11-05 11:11:39,142 WARNING - - - Unknown command or file -  [Errno 2] No such file or directory: 'pstree': 'pstree'
