2018-11-07 10:51:43,924 INFO    - - - Started execution
2018-11-07 10:51:43,924 INFO    - - - Checking effective user permissions
2018-11-07 10:51:43,924 INFO    - - - Confirmed superuser privileges, running...
2018-11-07 10:51:43,924 INFO    - - - Checking directory structure...
2018-11-07 10:51:43,925 INFO    - - - Directory kernel_name_version does not exist, creating...
2018-11-07 10:51:43,925 INFO    - - - Directory kernel_modules does not exist, creating...
2018-11-07 10:51:43,925 INFO    - - - Directory network_interfaces does not exist, creating...
2018-11-07 10:51:43,925 INFO    - - - Directory networking_information does not exist, creating...
2018-11-07 10:51:43,925 INFO    - - - Directory hostname does not exist, creating...
2018-11-07 10:51:43,925 INFO    - - - Directory login_history does not exist, creating...
2018-11-07 10:51:43,926 INFO    - - - Directory unix_distribution does not exist, creating...
2018-11-07 10:51:43,926 INFO    - - - Directory socket_connections does not exist, creating...
2018-11-07 10:51:43,926 INFO    - - - Directory processes does not exist, creating...
2018-11-07 10:51:43,926 INFO    - - - Directory password_files does not exist, creating...
2018-11-07 10:51:43,926 INFO    - - - Directory scheduled_jobs does not exist, creating...
2018-11-07 10:51:43,926 INFO    - - - Directory x_window_config_files does not exist, creating...
2018-11-07 10:51:43,926 INFO    - - - Directory yum_repositories does not exist, creating...
2018-11-07 10:51:43,926 INFO    - - - Directory cached_yum_data_files does not exist, creating...
2018-11-07 10:51:43,927 INFO    - - - Directory installed_yum_packages does not exist, creating...
2018-11-07 10:51:43,927 INFO    - - - Directory startup_scripts does not exist, creating...
2018-11-07 10:51:43,927 INFO    - - - Directory open_files does not exist, creating...
2018-11-07 10:51:43,927 INFO    - - - Directory ssh_configuration does not exist, creating...
2018-11-07 10:51:43,927 INFO    - - - Directory user_commands does not exist, creating...
2018-11-07 10:51:43,927 INFO    - - - Directory process_tree does not exist, creating...
2018-11-07 10:51:43,927 INFO    - - - KERNEL_NAME_VERSION | command: uname -rs
2018-11-07 10:51:43,931 INFO    - - - Saving output to output/kernel_name_version/uname_-rs.txt
2018-11-07 10:51:43,932 INFO    - - - Saved ./kernel_name_version/uname -rs successfully
2018-11-07 10:51:43,932 INFO    - - - KERNEL MODULES | command: lsmod
2018-11-07 10:51:43,935 WARNING - - - Unknown command or file -  [Errno 2] No such file or directory: 'lsmod': 'lsmod'
2018-11-07 10:51:43,935 INFO    - - - NETWORK INTERFACES | command: ifconfig -a
2018-11-07 10:51:43,942 INFO    - - - Saving output to output/network_interfaces/ifconfig_-a.txt
2018-11-07 10:51:43,943 INFO    - - - Saved ./network interfaces/ifconfig -a successfully
2018-11-07 10:51:43,943 INFO    - - - NETWORKING INFORMATION | command: find /etc/hosts -type f -exec cat {} +
2018-11-07 10:51:43,949 INFO    - - - Saving output to output/networking_information/find__etc_hosts_-type_f_-exec_cat_{}_+.txt
2018-11-07 10:51:43,950 INFO    - - - Saved ./networking information/find /etc/hosts -type f -exec cat {} + successfully
2018-11-07 10:51:43,950 INFO    - - - NETWORKING INFORMATION | command: find /etc/networks -type f -exec cat {} +
2018-11-07 10:51:43,956 INFO    - - - Saving output to output/networking_information/find__etc_networks_-type_f_-exec_cat_{}_+.txt
2018-11-07 10:51:43,957 INFO    - - - Saved ./networking information/find /etc/networks -type f -exec cat {} + successfully
2018-11-07 10:51:43,957 INFO    - - - NETWORKING INFORMATION | command: find /etc/protocols -type f -exec cat {} +
2018-11-07 10:51:43,964 INFO    - - - Saving output to output/networking_information/find__etc_protocols_-type_f_-exec_cat_{}_+.txt
2018-11-07 10:51:43,965 INFO    - - - Saved ./networking information/find /etc/protocols -type f -exec cat {} + successfully
2018-11-07 10:51:43,965 INFO    - - - NETWORKING INFORMATION | command: find /etc/ethers -type f -exec cat {} +
2018-11-07 10:51:43,970 INFO    - - - Saving output to output/networking_information/find__etc_ethers_-type_f_-exec_cat_{}_+.txt
2018-11-07 10:51:43,971 INFO    - - - Saved ./networking information/find /etc/ethers -type f -exec cat {} + successfully
2018-11-07 10:51:43,971 INFO    - - - NETWORKING INFORMATION | command: find /etc/netgroup -type f -exec cat {} +
2018-11-07 10:51:43,975 INFO    - - - Saving output to output/networking_information/find__etc_netgroup_-type_f_-exec_cat_{}_+.txt
2018-11-07 10:51:43,975 INFO    - - - Saved ./networking information/find /etc/netgroup -type f -exec cat {} + successfully
2018-11-07 10:51:43,975 INFO    - - - NETWORKING INFORMATION | command: find /etc/dhclients -type f -exec cat {} +
2018-11-07 10:51:43,980 INFO    - - - Saving output to output/networking_information/find__etc_dhclients_-type_f_-exec_cat_{}_+.txt
2018-11-07 10:51:43,980 INFO    - - - Saved ./networking information/find /etc/dhclients -type f -exec cat {} + successfully
2018-11-07 10:51:43,980 INFO    - - - HOSTNAME | command: hostname
2018-11-07 10:51:43,984 INFO    - - - Saving output to output/hostname/hostname.txt
2018-11-07 10:51:43,985 INFO    - - - Saved ./hostname/hostname successfully
2018-11-07 10:51:43,985 INFO    - - - HOSTNAME | command: find /etc/hostname -type f -exec cat {} +
2018-11-07 10:51:43,989 INFO    - - - Saving output to output/hostname/find__etc_hostname_-type_f_-exec_cat_{}_+.txt
2018-11-07 10:51:43,989 INFO    - - - Saved ./hostname/find /etc/hostname -type f -exec cat {} + successfully
2018-11-07 10:51:43,989 INFO    - - - LOGIN HISTORY | command: last -Faixw
2018-11-07 10:51:43,993 INFO    - - - Saving output to output/login_history/last_-Faixw.txt
2018-11-07 10:51:43,994 INFO    - - - Saved ./login history/last -Faixw successfully
2018-11-07 10:51:43,994 INFO    - - - LOGIN HISTORY | command: find /etc/logs/auth.log -type f -exec cat {} +
2018-11-07 10:51:43,998 INFO    - - - Saving output to output/login_history/find__etc_logs_auth.log_-type_f_-exec_cat_{}_+.txt
2018-11-07 10:51:43,999 INFO    - - - Saved ./login history/find /etc/logs/auth.log -type f -exec cat {} + successfully
2018-11-07 10:51:43,999 INFO    - - - LOGIN HISTORY | command: find /etc/logs/secure -type f -exec cat {} +
2018-11-07 10:51:44,003 INFO    - - - Saving output to output/login_history/find__etc_logs_secure_-type_f_-exec_cat_{}_+.txt
2018-11-07 10:51:44,003 INFO    - - - Saved ./login history/find /etc/logs/secure -type f -exec cat {} + successfully
2018-11-07 10:51:44,003 INFO    - - - LOGIN HISTORY | command: find /etc/logs/audit.log -type f -exec cat {} +
2018-11-07 10:51:44,007 INFO    - - - Saving output to output/login_history/find__etc_logs_audit.log_-type_f_-exec_cat_{}_+.txt
2018-11-07 10:51:44,008 INFO    - - - Saved ./login history/find /etc/logs/audit.log -type f -exec cat {} + successfully
2018-11-07 10:51:44,008 INFO    - - - UNIX DISTRIBUTION | command: find /etc/*release -type f -exec cat {} +
2018-11-07 10:51:44,012 INFO    - - - Saving output to output/unix_distribution/find__etc_*release_-type_f_-exec_cat_{}_+.txt
2018-11-07 10:51:44,013 INFO    - - - Saved ./unix distribution/find /etc/*release -type f -exec cat {} + successfully
2018-11-07 10:51:44,013 INFO    - - - SOCKET CONNECTIONS | command: ss -p
2018-11-07 10:51:44,016 WARNING - - - Unknown command or file -  [Errno 2] No such file or directory: 'ss': 'ss'
2018-11-07 10:51:44,016 INFO    - - - SOCKET CONNECTIONS | command: ss -naop
2018-11-07 10:51:44,019 WARNING - - - Unknown command or file -  [Errno 2] No such file or directory: 'ss': 'ss'
2018-11-07 10:51:44,019 INFO    - - - PROCESSES | command: ps -eww
2018-11-07 10:51:44,070 INFO    - - - Saving output to output/processes/ps_-eww.txt
2018-11-07 10:51:44,071 INFO    - - - Saved ./processes/ps -eww successfully
2018-11-07 10:51:44,071 INFO    - - - PASSWORD FILES | command: find /etc/shadow -type f -exec cat {} +
2018-11-07 10:51:44,075 INFO    - - - Saving output to output/password_files/find__etc_shadow_-type_f_-exec_cat_{}_+.txt
2018-11-07 10:51:44,076 INFO    - - - Saved ./password files/find /etc/shadow -type f -exec cat {} + successfully
2018-11-07 10:51:44,076 INFO    - - - PASSWORD FILES | command: find /etc/passwd -type f -exec cat {} +
2018-11-07 10:51:44,082 INFO    - - - Saving output to output/password_files/find__etc_passwd_-type_f_-exec_cat_{}_+.txt
2018-11-07 10:51:44,083 INFO    - - - Saved ./password files/find /etc/passwd -type f -exec cat {} + successfully
2018-11-07 10:51:44,083 INFO    - - - SCHEDULED JOBS | command: find /etc/cron* -type f -exec cat {} +
2018-11-07 10:51:44,087 INFO    - - - Saving output to output/scheduled_jobs/find__etc_cron*_-type_f_-exec_cat_{}_+.txt
2018-11-07 10:51:44,088 INFO    - - - Saved ./scheduled jobs/find /etc/cron* -type f -exec cat {} + successfully
2018-11-07 10:51:44,088 INFO    - - - SCHEDULED JOBS | command: find /var/spool/cron/* -type f -exec cat {} +
2018-11-07 10:51:44,092 INFO    - - - Saving output to output/scheduled_jobs/find__var_spool_cron_*_-type_f_-exec_cat_{}_+.txt
2018-11-07 10:51:44,092 INFO    - - - Saved ./scheduled jobs/find /var/spool/cron/* -type f -exec cat {} + successfully
2018-11-07 10:51:44,092 INFO    - - - X WINDOW CONFIG FILES | command: find /etc/X11/* -type f -exec cat {} +
2018-11-07 10:51:44,097 INFO    - - - Saving output to output/x_window_config_files/find__etc_X11_*_-type_f_-exec_cat_{}_+.txt
2018-11-07 10:51:44,098 INFO    - - - Saved ./x window config files/find /etc/X11/* -type f -exec cat {} + successfully
2018-11-07 10:51:44,098 INFO    - - - YUM REPOSITORIES | command: find /etc/yum.repos.d/* -type f -exec cat {} +
2018-11-07 10:51:44,102 INFO    - - - Saving output to output/yum_repositories/find__etc_yum.repos.d_*_-type_f_-exec_cat_{}_+.txt
2018-11-07 10:51:44,103 INFO    - - - Saved ./yum repositories/find /etc/yum.repos.d/* -type f -exec cat {} + successfully
2018-11-07 10:51:44,103 INFO    - - - CACHED YUM DATA FILES | command: find /var/cache/yum -type f -exec ls {} +
2018-11-07 10:51:44,107 INFO    - - - Saving output to output/cached_yum_data_files/find__var_cache_yum_-type_f_-exec_ls_{}_+.txt
2018-11-07 10:51:44,107 INFO    - - - Saved ./cached yum data files/find /var/cache/yum -type f -exec ls {} + successfully
2018-11-07 10:51:44,107 INFO    - - - INSTALLED YUM PACKAGES | command: yum list installed
2018-11-07 10:51:44,110 WARNING - - - Unknown command or file -  [Errno 2] No such file or directory: 'yum': 'yum'
2018-11-07 10:51:44,111 INFO    - - - STARTUP SCRIPTS | command: find /etc/rc.d/* -type f -exec cat {} +
2018-11-07 10:51:44,115 INFO    - - - Saving output to output/startup_scripts/find__etc_rc.d_*_-type_f_-exec_cat_{}_+.txt
2018-11-07 10:51:44,115 INFO    - - - Saved ./startup scripts/find /etc/rc.d/* -type f -exec cat {} + successfully
2018-11-07 10:51:44,116 INFO    - - - STARTUP SCRIPTS | command: find /etc/init* -type f -exec cat {} +
2018-11-07 10:51:44,120 INFO    - - - Saving output to output/startup_scripts/find__etc_init*_-type_f_-exec_cat_{}_+.txt
2018-11-07 10:51:44,120 INFO    - - - Saved ./startup scripts/find /etc/init* -type f -exec cat {} + successfully
2018-11-07 10:51:44,120 INFO    - - - OPEN FILES | command: lsof -R
2018-11-07 10:52:09,693 INFO    - - - Saving output to output/open_files/lsof_-R.txt
2018-11-07 10:52:09,696 INFO    - - - Saved ./open files/lsof -R successfully
2018-11-07 10:52:09,697 INFO    - - - SSH CONFIGURATION | command: find $HOME/.ssh -type f -exec cat {} +
2018-11-07 10:52:09,703 INFO    - - - Saving output to output/ssh_configuration/find_$HOME_.ssh_-type_f_-exec_cat_{}_+.txt
2018-11-07 10:52:09,704 INFO    - - - Saved ./ssh configuration/find $HOME/.ssh -type f -exec cat {} + successfully
2018-11-07 10:52:09,704 INFO    - - - USER COMMANDS | command: find /usr/bin -type f -exec ls {} +
2018-11-07 10:52:09,726 INFO    - - - Saving output to output/user_commands/find__usr_bin_-type_f_-exec_ls_{}_+.txt
2018-11-07 10:52:09,726 INFO    - - - Saved ./user commands/find /usr/bin -type f -exec ls {} + successfully
2018-11-07 10:52:09,727 INFO    - - - USER COMMANDS | command: find /usr/local/bin -type f -exec ls {} +
2018-11-07 10:52:09,737 INFO    - - - Saving output to output/user_commands/find__usr_local_bin_-type_f_-exec_ls_{}_+.txt
2018-11-07 10:52:09,738 INFO    - - - Saved ./user commands/find /usr/local/bin -type f -exec ls {} + successfully
2018-11-07 10:52:09,738 INFO    - - - PROCESS TREE | command: pstree -alp
2018-11-07 10:52:09,742 WARNING - - - Unknown command or file -  [Errno 2] No such file or directory: 'pstree': 'pstree'
