2018-11-05 10:26:09,254 INFO    - - - Started execution
2018-11-05 10:26:09,254 INFO    - - - Checking effective user permissions
2018-11-05 10:26:09,254 INFO    - - - Confirmed superuser privileges, running...
2018-11-05 10:26:09,254 INFO    - - - KERNEL_NAME_VERSION | command: uname -rs
2018-11-05 10:26:09,258 INFO    - - - Saving output to kernel_name_version/uname_-rs.txt
2018-11-05 10:26:09,259 INFO    - - - Saved ./kernel_name_version/uname -rs successfully
2018-11-05 10:26:09,259 INFO    - - - KERNEL MODULES | command: lsmod
2018-11-05 10:26:09,262 WARNING - - - Unknown command: lsmod
2018-11-05 10:26:09,262 INFO    - - - NETWORK INTERFACES | command: ifconfig -a
2018-11-05 10:26:09,269 INFO    - - - Saving output to network_interfaces/ifconfig_-a.txt
2018-11-05 10:26:09,269 WARNING - - - Unknown command: network_interfaces/ifconfig_-a.txt
2018-11-05 10:26:09,269 INFO    - - - NETWORKING INFORMATION | command: find /etc/hosts -type f -exec cat {} +
2018-11-05 10:26:09,276 INFO    - - - Saving output to networking_information/find__etc_hosts_-type_f_-exec_cat_{}_+.txt
2018-11-05 10:26:09,276 WARNING - - - Unknown command: networking_information/find__etc_hosts_-type_f_-exec_cat_{}_+.txt
2018-11-05 10:26:09,276 INFO    - - - NETWORKING INFORMATION | command: find /etc/networks -type f -exec cat {} +
2018-11-05 10:26:09,282 INFO    - - - Saving output to networking_information/find__etc_networks_-type_f_-exec_cat_{}_+.txt
2018-11-05 10:26:09,283 WARNING - - - Unknown command: networking_information/find__etc_networks_-type_f_-exec_cat_{}_+.txt
2018-11-05 10:26:09,283 INFO    - - - NETWORKING INFORMATION | command: find /etc/protocols -type f -exec cat {} +
2018-11-05 10:26:09,289 INFO    - - - Saving output to networking_information/find__etc_protocols_-type_f_-exec_cat_{}_+.txt
2018-11-05 10:26:09,289 WARNING - - - Unknown command: networking_information/find__etc_protocols_-type_f_-exec_cat_{}_+.txt
2018-11-05 10:26:09,289 INFO    - - - NETWORKING INFORMATION | command: find /etc/ethers -type f -exec cat {} +
2018-11-05 10:26:09,294 INFO    - - - Saving output to networking_information/find__etc_ethers_-type_f_-exec_cat_{}_+.txt
2018-11-05 10:26:09,294 WARNING - - - Unknown command: networking_information/find__etc_ethers_-type_f_-exec_cat_{}_+.txt
2018-11-05 10:26:09,294 INFO    - - - NETWORKING INFORMATION | command: find /etc/netgroup -type f -exec cat {} +
2018-11-05 10:26:09,299 INFO    - - - Saving output to networking_information/find__etc_netgroup_-type_f_-exec_cat_{}_+.txt
2018-11-05 10:26:09,299 WARNING - - - Unknown command: networking_information/find__etc_netgroup_-type_f_-exec_cat_{}_+.txt
2018-11-05 10:26:09,299 INFO    - - - NETWORKING INFORMATION | command: find /etc/dhclients -type f -exec cat {} +
2018-11-05 10:26:09,304 INFO    - - - Saving output to networking_information/find__etc_dhclients_-type_f_-exec_cat_{}_+.txt
2018-11-05 10:26:09,304 WARNING - - - Unknown command: networking_information/find__etc_dhclients_-type_f_-exec_cat_{}_+.txt
2018-11-05 10:26:09,304 INFO    - - - HOSTNAME | command: hostname
2018-11-05 10:26:09,309 INFO    - - - Saving output to hostname/hostname.txt
2018-11-05 10:26:09,309 WARNING - - - Unknown command: hostname/hostname.txt
2018-11-05 10:26:09,309 INFO    - - - HOSTNAME | command: find /etc/hostname -type f -exec cat {} +
2018-11-05 10:26:09,314 INFO    - - - Saving output to hostname/find__etc_hostname_-type_f_-exec_cat_{}_+.txt
2018-11-05 10:26:09,315 WARNING - - - Unknown command: hostname/find__etc_hostname_-type_f_-exec_cat_{}_+.txt
2018-11-05 10:26:09,315 INFO    - - - LOGIN HISTORY | command: last -Faixw
2018-11-05 10:26:09,319 INFO    - - - Saving output to login_history/last_-Faixw.txt
2018-11-05 10:26:09,319 WARNING - - - Unknown command: login_history/last_-Faixw.txt
2018-11-05 10:26:09,320 INFO    - - - LOGIN HISTORY | command: find /etc/logs/auth.log -type f -exec cat {} +
2018-11-05 10:26:09,324 INFO    - - - Saving output to login_history/find__etc_logs_auth.log_-type_f_-exec_cat_{}_+.txt
2018-11-05 10:26:09,324 WARNING - - - Unknown command: login_history/find__etc_logs_auth.log_-type_f_-exec_cat_{}_+.txt
2018-11-05 10:26:09,324 INFO    - - - LOGIN HISTORY | command: find /etc/logs/secure -type f -exec cat {} +
2018-11-05 10:26:09,329 INFO    - - - Saving output to login_history/find__etc_logs_secure_-type_f_-exec_cat_{}_+.txt
2018-11-05 10:26:09,329 WARNING - - - Unknown command: login_history/find__etc_logs_secure_-type_f_-exec_cat_{}_+.txt
2018-11-05 10:26:09,329 INFO    - - - LOGIN HISTORY | command: find /etc/logs/audit.log -type f -exec cat {} +
2018-11-05 10:26:09,333 INFO    - - - Saving output to login_history/find__etc_logs_audit.log_-type_f_-exec_cat_{}_+.txt
2018-11-05 10:26:09,334 WARNING - - - Unknown command: login_history/find__etc_logs_audit.log_-type_f_-exec_cat_{}_+.txt
2018-11-05 10:26:09,334 INFO    - - - UNIX DISTRIBUTION | command: find /etc/*release -type f -exec cat {} +
2018-11-05 10:26:09,338 INFO    - - - Saving output to unix_distribution/find__etc_*release_-type_f_-exec_cat_{}_+.txt
2018-11-05 10:26:09,338 WARNING - - - Unknown command: unix_distribution/find__etc_*release_-type_f_-exec_cat_{}_+.txt
2018-11-05 10:26:09,339 INFO    - - - SOCKET CONNECTIONS | command: ss -p
2018-11-05 10:26:09,342 WARNING - - - Unknown command: ss
2018-11-05 10:26:09,342 INFO    - - - SOCKET CONNECTIONS | command: ss -naop
2018-11-05 10:26:09,345 WARNING - - - Unknown command: ss
2018-11-05 10:26:09,346 INFO    - - - PROCESSES | command: ps -eww
2018-11-05 10:26:09,390 INFO    - - - Saving output to processes/ps_-eww.txt
2018-11-05 10:26:09,390 WARNING - - - Unknown command: processes/ps_-eww.txt
2018-11-05 10:26:09,390 INFO    - - - PASSWORD FILES | command: find /etc/shadow -type f -exec cat {} +
2018-11-05 10:26:09,394 INFO    - - - Saving output to password_files/find__etc_shadow_-type_f_-exec_cat_{}_+.txt
2018-11-05 10:26:09,395 WARNING - - - Unknown command: password_files/find__etc_shadow_-type_f_-exec_cat_{}_+.txt
2018-11-05 10:26:09,395 INFO    - - - PASSWORD FILES | command: find /etc/passwd -type f -exec cat {} +
2018-11-05 10:26:09,401 INFO    - - - Saving output to password_files/find__etc_passwd_-type_f_-exec_cat_{}_+.txt
2018-11-05 10:26:09,401 WARNING - - - Unknown command: password_files/find__etc_passwd_-type_f_-exec_cat_{}_+.txt
2018-11-05 10:26:09,402 INFO    - - - SCHEDULED JOBS | command: find /etc/cron* -type f -exec cat {} +
2018-11-05 10:26:09,406 INFO    - - - Saving output to scheduled_jobs/find__etc_cron*_-type_f_-exec_cat_{}_+.txt
2018-11-05 10:26:09,406 WARNING - - - Unknown command: scheduled_jobs/find__etc_cron*_-type_f_-exec_cat_{}_+.txt
2018-11-05 10:26:09,406 INFO    - - - SCHEDULED JOBS | command: find /var/spool/cron/* -type f -exec cat {} +
2018-11-05 10:26:09,410 INFO    - - - Saving output to scheduled_jobs/find__var_spool_cron_*_-type_f_-exec_cat_{}_+.txt
2018-11-05 10:26:09,411 WARNING - - - Unknown command: scheduled_jobs/find__var_spool_cron_*_-type_f_-exec_cat_{}_+.txt
2018-11-05 10:26:09,411 INFO    - - - X WINDOW CONFIG FILES | command: find /etc/X11/* -type f -exec cat {} +
2018-11-05 10:26:09,415 INFO    - - - Saving output to x_window_config_files/find__etc_X11_*_-type_f_-exec_cat_{}_+.txt
2018-11-05 10:26:09,415 WARNING - - - Unknown command: x_window_config_files/find__etc_X11_*_-type_f_-exec_cat_{}_+.txt
2018-11-05 10:26:09,415 INFO    - - - YUM REPOSITORIES | command: find /etc/yum.repos.d/* -type f -exec cat {} +
2018-11-05 10:26:09,419 INFO    - - - Saving output to yum_repositories/find__etc_yum.repos.d_*_-type_f_-exec_cat_{}_+.txt
2018-11-05 10:26:09,419 WARNING - - - Unknown command: yum_repositories/find__etc_yum.repos.d_*_-type_f_-exec_cat_{}_+.txt
2018-11-05 10:26:09,419 INFO    - - - CACHED YUM DATA FILES | command: find /var/cache/yum -type f -exec ls {} +
2018-11-05 10:26:09,423 INFO    - - - Saving output to cached_yum_data_files/find__var_cache_yum_-type_f_-exec_ls_{}_+.txt
2018-11-05 10:26:09,424 WARNING - - - Unknown command: cached_yum_data_files/find__var_cache_yum_-type_f_-exec_ls_{}_+.txt
2018-11-05 10:26:09,424 INFO    - - - INSTALLED YUM PACKAGES | command: yum list installed
2018-11-05 10:26:09,427 WARNING - - - Unknown command: yum
2018-11-05 10:26:09,427 INFO    - - - STARTUP SCRIPTS | command: find /etc/rc.d/* -type f -exec cat {} +
2018-11-05 10:26:09,431 INFO    - - - Saving output to startup_scripts/find__etc_rc.d_*_-type_f_-exec_cat_{}_+.txt
2018-11-05 10:26:09,431 WARNING - - - Unknown command: startup_scripts/find__etc_rc.d_*_-type_f_-exec_cat_{}_+.txt
2018-11-05 10:26:09,431 INFO    - - - STARTUP SCRIPTS | command: find /etc/init* -type f -exec cat {} +
2018-11-05 10:26:09,435 INFO    - - - Saving output to startup_scripts/find__etc_init*_-type_f_-exec_cat_{}_+.txt
2018-11-05 10:26:09,436 WARNING - - - Unknown command: startup_scripts/find__etc_init*_-type_f_-exec_cat_{}_+.txt
2018-11-05 10:26:09,436 INFO    - - - OPEN FILES | command: lsof -R
2018-11-05 10:26:30,864 INFO    - - - Saving output to open_files/lsof_-R.txt
2018-11-05 10:26:30,864 WARNING - - - Unknown command: open_files/lsof_-R.txt
2018-11-05 10:26:30,864 INFO    - - - SSH CONFIGURATION | command: find $HOME/.ssh -type f -exec cat {} +
2018-11-05 10:26:30,869 INFO    - - - Saving output to ssh_configuration/find_$HOME_.ssh_-type_f_-exec_cat_{}_+.txt
2018-11-05 10:26:30,869 WARNING - - - Unknown command: ssh_configuration/find_$HOME_.ssh_-type_f_-exec_cat_{}_+.txt
2018-11-05 10:26:30,869 INFO    - - - USER COMMANDS | command: find /usr/bin -type f -exec ls {} +
2018-11-05 10:26:30,888 INFO    - - - Saving output to user_commands/find__usr_bin_-type_f_-exec_ls_{}_+.txt
2018-11-05 10:26:30,889 WARNING - - - Unknown command: user_commands/find__usr_bin_-type_f_-exec_ls_{}_+.txt
2018-11-05 10:26:30,889 INFO    - - - USER COMMANDS | command: find /usr/local/bin -type f -exec ls {} +
2018-11-05 10:26:30,899 INFO    - - - Saving output to user_commands/find__usr_local_bin_-type_f_-exec_ls_{}_+.txt
2018-11-05 10:26:30,899 WARNING - - - Unknown command: user_commands/find__usr_local_bin_-type_f_-exec_ls_{}_+.txt
2018-11-05 10:26:30,900 INFO    - - - PROCESS TREE | command: pstree -alp
2018-11-05 10:26:30,903 WARNING - - - Unknown command: pstree
