2018-11-05 11:11:31,506 INFO    - - - Started execution
2018-11-05 11:11:31,507 INFO    - - - Checking effective user permissions
2018-11-05 11:11:31,507 INFO    - - - Confirmed superuser privileges, running...
2018-11-05 11:11:31,508 INFO    - - - Checking directory structure...
2018-11-05 12:33:41,414 INFO    - - - KERNEL_NAME_VERSION | command: uname -rs
2018-11-05 12:33:41,441 INFO    - - - Saving output to kernel_name_version/uname_-rs.txt
2018-11-05 12:33:41,445 INFO    - - - Saved ./kernel_name_version/uname -rs successfully
2018-11-05 12:33:41,448 INFO    - - - KERNEL MODULES | command: lsmod
2018-11-05 12:33:41,460 WARNING - - - Unknown command or file -  [Errno 2] No such file or directory: 'lsmod': 'lsmod'
2018-11-05 12:33:41,467 INFO    - - - NETWORK INTERFACES | command: ifconfig -a
2018-11-05 12:33:41,484 INFO    - - - Saving output to network_interfaces/ifconfig_-a.txt
2018-11-05 12:33:41,490 INFO    - - - Saved ./network interfaces/ifconfig -a successfully
2018-11-05 12:33:41,493 INFO    - - - NETWORKING INFORMATION | command: find /etc/hosts -type f -exec cat {} +
2018-11-05 12:33:41,509 INFO    - - - Saving output to networking_information/find__etc_hosts_-type_f_-exec_cat_{}_+.txt
2018-11-05 12:33:41,513 INFO    - - - Saved ./networking information/find /etc/hosts -type f -exec cat {} + successfully
2018-11-05 12:33:41,516 INFO    - - - NETWORKING INFORMATION | command: find /etc/networks -type f -exec cat {} +
2018-11-05 12:33:41,531 INFO    - - - Saving output to networking_information/find__etc_networks_-type_f_-exec_cat_{}_+.txt
2018-11-05 12:33:41,535 INFO    - - - Saved ./networking information/find /etc/networks -type f -exec cat {} + successfully
2018-11-05 12:33:41,538 INFO    - - - NETWORKING INFORMATION | command: find /etc/protocols -type f -exec cat {} +
2018-11-05 12:33:41,552 INFO    - - - Saving output to networking_information/find__etc_protocols_-type_f_-exec_cat_{}_+.txt
2018-11-05 12:33:41,556 INFO    - - - Saved ./networking information/find /etc/protocols -type f -exec cat {} + successfully
2018-11-05 12:33:41,559 INFO    - - - NETWORKING INFORMATION | command: find /etc/ethers -type f -exec cat {} +
2018-11-05 12:33:41,570 INFO    - - - Saving output to networking_information/find__etc_ethers_-type_f_-exec_cat_{}_+.txt
2018-11-05 12:33:41,575 INFO    - - - Saved ./networking information/find /etc/ethers -type f -exec cat {} + successfully
2018-11-05 12:33:41,578 INFO    - - - NETWORKING INFORMATION | command: find /etc/netgroup -type f -exec cat {} +
2018-11-05 12:33:41,589 INFO    - - - Saving output to networking_information/find__etc_netgroup_-type_f_-exec_cat_{}_+.txt
2018-11-05 12:33:41,593 INFO    - - - Saved ./networking information/find /etc/netgroup -type f -exec cat {} + successfully
2018-11-05 12:33:41,596 INFO    - - - NETWORKING INFORMATION | command: find /etc/dhclients -type f -exec cat {} +
2018-11-05 12:33:41,607 INFO    - - - Saving output to networking_information/find__etc_dhclients_-type_f_-exec_cat_{}_+.txt
2018-11-05 12:33:41,610 INFO    - - - Saved ./networking information/find /etc/dhclients -type f -exec cat {} + successfully
2018-11-05 12:33:41,613 INFO    - - - HOSTNAME | command: hostname
2018-11-05 12:33:41,623 INFO    - - - Saving output to hostname/hostname.txt
2018-11-05 12:33:41,628 INFO    - - - Saved ./hostname/hostname successfully
2018-11-05 12:33:41,631 INFO    - - - HOSTNAME | command: find /etc/hostname -type f -exec cat {} +
2018-11-05 12:33:41,642 INFO    - - - Saving output to hostname/find__etc_hostname_-type_f_-exec_cat_{}_+.txt
2018-11-05 12:33:41,646 INFO    - - - Saved ./hostname/find /etc/hostname -type f -exec cat {} + successfully
2018-11-05 12:33:41,649 INFO    - - - LOGIN HISTORY | command: last -Faixw
2018-11-05 12:33:41,659 INFO    - - - Saving output to login_history/last_-Faixw.txt
2018-11-05 12:33:41,662 INFO    - - - Saved ./login history/last -Faixw successfully
2018-11-05 12:33:41,665 INFO    - - - LOGIN HISTORY | command: find /etc/logs/auth.log -type f -exec cat {} +
2018-11-05 12:33:41,676 INFO    - - - Saving output to login_history/find__etc_logs_auth.log_-type_f_-exec_cat_{}_+.txt
2018-11-05 12:33:41,680 INFO    - - - Saved ./login history/find /etc/logs/auth.log -type f -exec cat {} + successfully
2018-11-05 12:33:41,683 INFO    - - - LOGIN HISTORY | command: find /etc/logs/secure -type f -exec cat {} +
2018-11-05 12:33:41,693 INFO    - - - Saving output to login_history/find__etc_logs_secure_-type_f_-exec_cat_{}_+.txt
2018-11-05 12:33:41,698 INFO    - - - Saved ./login history/find /etc/logs/secure -type f -exec cat {} + successfully
2018-11-05 12:33:41,700 INFO    - - - LOGIN HISTORY | command: find /etc/logs/audit.log -type f -exec cat {} +
2018-11-05 12:33:41,712 INFO    - - - Saving output to login_history/find__etc_logs_audit.log_-type_f_-exec_cat_{}_+.txt
2018-11-05 12:33:41,716 INFO    - - - Saved ./login history/find /etc/logs/audit.log -type f -exec cat {} + successfully
2018-11-05 12:33:41,719 INFO    - - - UNIX DISTRIBUTION | command: find /etc/*release -type f -exec cat {} +
2018-11-05 12:33:41,730 INFO    - - - Saving output to unix_distribution/find__etc_*release_-type_f_-exec_cat_{}_+.txt
2018-11-05 12:33:41,735 INFO    - - - Saved ./unix distribution/find /etc/*release -type f -exec cat {} + successfully
2018-11-05 12:33:41,738 INFO    - - - SOCKET CONNECTIONS | command: ss -p
2018-11-05 12:33:41,748 WARNING - - - Unknown command or file -  [Errno 2] No such file or directory: 'ss': 'ss'
2018-11-05 12:33:41,753 INFO    - - - SOCKET CONNECTIONS | command: ss -naop
2018-11-05 12:33:41,764 WARNING - - - Unknown command or file -  [Errno 2] No such file or directory: 'ss': 'ss'
2018-11-05 12:33:41,769 INFO    - - - PROCESSES | command: ps -eww
2018-11-05 12:33:41,829 INFO    - - - Saving output to processes/ps_-eww.txt
2018-11-05 12:33:41,833 INFO    - - - Saved ./processes/ps -eww successfully
2018-11-05 12:33:41,836 INFO    - - - PASSWORD FILES | command: find /etc/shadow -type f -exec cat {} +
2018-11-05 12:33:41,847 INFO    - - - Saving output to password_files/find__etc_shadow_-type_f_-exec_cat_{}_+.txt
2018-11-05 12:33:41,851 INFO    - - - Saved ./password files/find /etc/shadow -type f -exec cat {} + successfully
2018-11-05 12:33:41,854 INFO    - - - PASSWORD FILES | command: find /etc/passwd -type f -exec cat {} +
2018-11-05 12:33:41,867 INFO    - - - Saving output to password_files/find__etc_passwd_-type_f_-exec_cat_{}_+.txt
2018-11-05 12:33:41,871 INFO    - - - Saved ./password files/find /etc/passwd -type f -exec cat {} + successfully
2018-11-05 12:33:41,874 INFO    - - - SCHEDULED JOBS | command: find /etc/cron* -type f -exec cat {} +
2018-11-05 12:33:41,885 INFO    - - - Saving output to scheduled_jobs/find__etc_cron*_-type_f_-exec_cat_{}_+.txt
2018-11-05 12:33:41,889 INFO    - - - Saved ./scheduled jobs/find /etc/cron* -type f -exec cat {} + successfully
2018-11-05 12:33:41,891 INFO    - - - SCHEDULED JOBS | command: find /var/spool/cron/* -type f -exec cat {} +
2018-11-05 12:33:41,902 INFO    - - - Saving output to scheduled_jobs/find__var_spool_cron_*_-type_f_-exec_cat_{}_+.txt
2018-11-05 12:33:41,907 INFO    - - - Saved ./scheduled jobs/find /var/spool/cron/* -type f -exec cat {} + successfully
2018-11-05 12:33:41,910 INFO    - - - X WINDOW CONFIG FILES | command: find /etc/X11/* -type f -exec cat {} +
2018-11-05 12:33:41,921 INFO    - - - Saving output to x_window_config_files/find__etc_X11_*_-type_f_-exec_cat_{}_+.txt
2018-11-05 12:33:41,925 INFO    - - - Saved ./x window config files/find /etc/X11/* -type f -exec cat {} + successfully
2018-11-05 12:33:41,928 INFO    - - - YUM REPOSITORIES | command: find /etc/yum.repos.d/* -type f -exec cat {} +
2018-11-05 12:33:41,941 INFO    - - - Saving output to yum_repositories/find__etc_yum.repos.d_*_-type_f_-exec_cat_{}_+.txt
2018-11-05 12:33:41,946 INFO    - - - Saved ./yum repositories/find /etc/yum.repos.d/* -type f -exec cat {} + successfully
2018-11-05 12:33:41,948 INFO    - - - CACHED YUM DATA FILES | command: find /var/cache/yum -type f -exec ls {} +
2018-11-05 12:33:41,965 INFO    - - - Saving output to cached_yum_data_files/find__var_cache_yum_-type_f_-exec_ls_{}_+.txt
2018-11-05 12:33:41,968 INFO    - - - Saved ./cached yum data files/find /var/cache/yum -type f -exec ls {} + successfully
2018-11-05 12:33:41,971 INFO    - - - INSTALLED YUM PACKAGES | command: yum list installed
2018-11-05 12:33:41,985 WARNING - - - Unknown command or file -  [Errno 2] No such file or directory: 'yum': 'yum'
2018-11-05 12:33:41,991 INFO    - - - STARTUP SCRIPTS | command: find /etc/rc.d/* -type f -exec cat {} +
2018-11-05 12:33:42,006 INFO    - - - Saving output to startup_scripts/find__etc_rc.d_*_-type_f_-exec_cat_{}_+.txt
2018-11-05 12:33:42,009 INFO    - - - Saved ./startup scripts/find /etc/rc.d/* -type f -exec cat {} + successfully
2018-11-05 12:33:42,011 INFO    - - - STARTUP SCRIPTS | command: find /etc/init* -type f -exec cat {} +
2018-11-05 12:33:42,022 INFO    - - - Saving output to startup_scripts/find__etc_init*_-type_f_-exec_cat_{}_+.txt
2018-11-05 12:33:42,025 INFO    - - - Saved ./startup scripts/find /etc/init* -type f -exec cat {} + successfully
2018-11-05 12:33:42,028 INFO    - - - OPEN FILES | command: lsof -R
2018-11-05 12:45:14,280 INFO    - - - Saving output to open_files/lsof_-R.txt
2018-11-05 12:45:14,283 INFO    - - - Saved ./open files/lsof -R successfully
2018-11-05 12:45:14,286 INFO    - - - SSH CONFIGURATION | command: find $HOME/.ssh -type f -exec cat {} +
2018-11-05 12:45:14,297 INFO    - - - Saving output to ssh_configuration/find_$HOME_.ssh_-type_f_-exec_cat_{}_+.txt
2018-11-05 12:45:14,300 INFO    - - - Saved ./ssh configuration/find $HOME/.ssh -type f -exec cat {} + successfully
2018-11-05 12:45:14,302 INFO    - - - USER COMMANDS | command: find /usr/bin -type f -exec ls {} +
2018-11-05 12:45:14,338 INFO    - - - Saving output to user_commands/find__usr_bin_-type_f_-exec_ls_{}_+.txt
2018-11-05 12:45:14,341 INFO    - - - Saved ./user commands/find /usr/bin -type f -exec ls {} + successfully
2018-11-05 12:45:14,344 INFO    - - - USER COMMANDS | command: find /usr/local/bin -type f -exec ls {} +
2018-11-05 12:45:14,380 INFO    - - - Saving output to user_commands/find__usr_local_bin_-type_f_-exec_ls_{}_+.txt
2018-11-05 12:45:14,383 INFO    - - - Saved ./user commands/find /usr/local/bin -type f -exec ls {} + successfully
2018-11-05 12:45:14,386 INFO    - - - PROCESS TREE | command: pstree -alp
2018-11-05 12:45:14,395 WARNING - - - Unknown command or file -  [Errno 2] No such file or directory: 'pstree': 'pstree'
