2018-11-05 10:01:51,294 INFO    - - - Started execution
2018-11-05 10:01:51,295 INFO    - - - Checking effective user permissions
2018-11-05 10:01:51,295 INFO    - - - Confirmed superuser privileges, running...
2018-11-05 10:01:51,295 INFO    - - - KERNEL_NAME_VERSION | command: uname -rs
2018-11-05 10:01:51,299 INFO    - - - Saving output to kernel_name_version/uname_-rs.txt
2018-11-05 10:01:51,300 INFO    - - - Saved ./kernel_name_version/uname -rs successfully
2018-11-05 10:01:51,300 INFO    - - - KERNEL MODULES | command: lsmod
2018-11-05 10:01:51,303 WARNING - - - Unknown command: lsmod
2018-11-05 10:01:51,304 INFO    - - - NETWORK INTERFACES | command: ifconfig -a
2018-11-05 10:01:51,314 INFO    - - - Saving output to network_interfaces/ifconfig_-a.txt
2018-11-05 10:01:51,314 WARNING - - - Unknown command: network_interfaces/ifconfig_-a.txt
2018-11-05 10:01:51,314 INFO    - - - NETWORKING INFORMATION | command: find /etc/hosts -type f -exec cat {} +
2018-11-05 10:01:51,324 INFO    - - - Saving output to networking_information/find_//etc//hosts_-type_f_-exec_cat_{}_+.txt
2018-11-05 10:01:51,324 WARNING - - - Unknown command: networking_information/find_//etc//hosts_-type_f_-exec_cat_{}_+.txt
2018-11-05 10:01:51,324 INFO    - - - NETWORKING INFORMATION | command: find /etc/networks -type f -exec cat {} +
2018-11-05 10:01:51,332 INFO    - - - Saving output to networking_information/find_//etc//networks_-type_f_-exec_cat_{}_+.txt
2018-11-05 10:01:51,332 WARNING - - - Unknown command: networking_information/find_//etc//networks_-type_f_-exec_cat_{}_+.txt
2018-11-05 10:01:51,332 INFO    - - - NETWORKING INFORMATION | command: find /etc/protocols -type f -exec cat {} +
2018-11-05 10:01:51,339 INFO    - - - Saving output to networking_information/find_//etc//protocols_-type_f_-exec_cat_{}_+.txt
2018-11-05 10:01:51,339 WARNING - - - Unknown command: networking_information/find_//etc//protocols_-type_f_-exec_cat_{}_+.txt
2018-11-05 10:01:51,339 INFO    - - - NETWORKING INFORMATION | command: find /etc/ethers -type f -exec cat {} +
2018-11-05 10:01:51,344 INFO    - - - Saving output to networking_information/find_//etc//ethers_-type_f_-exec_cat_{}_+.txt
2018-11-05 10:01:51,344 WARNING - - - Unknown command: networking_information/find_//etc//ethers_-type_f_-exec_cat_{}_+.txt
2018-11-05 10:01:51,345 INFO    - - - NETWORKING INFORMATION | command: find /etc/netgroup -type f -exec cat {} +
2018-11-05 10:01:51,349 INFO    - - - Saving output to networking_information/find_//etc//netgroup_-type_f_-exec_cat_{}_+.txt
2018-11-05 10:01:51,349 WARNING - - - Unknown command: networking_information/find_//etc//netgroup_-type_f_-exec_cat_{}_+.txt
2018-11-05 10:01:51,350 INFO    - - - NETWORKING INFORMATION | command: find /etc/dhclients -type f -exec cat {} +
2018-11-05 10:01:51,355 INFO    - - - Saving output to networking_information/find_//etc//dhclients_-type_f_-exec_cat_{}_+.txt
2018-11-05 10:01:51,355 WARNING - - - Unknown command: networking_information/find_//etc//dhclients_-type_f_-exec_cat_{}_+.txt
2018-11-05 10:01:51,355 INFO    - - - HOSTNAME | command: hostname
2018-11-05 10:01:51,363 INFO    - - - Saving output to hostname/hostname.txt
2018-11-05 10:01:51,363 WARNING - - - Unknown command: hostname/hostname.txt
2018-11-05 10:01:51,363 INFO    - - - HOSTNAME | command: find /etc/hostname -type f -exec cat {} +
2018-11-05 10:01:51,368 INFO    - - - Saving output to hostname/find_//etc//hostname_-type_f_-exec_cat_{}_+.txt
2018-11-05 10:01:51,368 WARNING - - - Unknown command: hostname/find_//etc//hostname_-type_f_-exec_cat_{}_+.txt
2018-11-05 10:01:51,368 INFO    - - - LOGIN HISTORY | command: last -Faixw
2018-11-05 10:01:51,374 INFO    - - - Saving output to login_history/last_-Faixw.txt
2018-11-05 10:01:51,374 WARNING - - - Unknown command: login_history/last_-Faixw.txt
2018-11-05 10:01:51,374 INFO    - - - LOGIN HISTORY | command: find /etc/logs/auth.log -type f -exec cat {} +
2018-11-05 10:01:51,379 INFO    - - - Saving output to login_history/find_//etc//logs//auth.log_-type_f_-exec_cat_{}_+.txt
2018-11-05 10:01:51,379 WARNING - - - Unknown command: login_history/find_//etc//logs//auth.log_-type_f_-exec_cat_{}_+.txt
2018-11-05 10:01:51,379 INFO    - - - LOGIN HISTORY | command: find /etc/logs/secure -type f -exec cat {} +
2018-11-05 10:01:51,384 INFO    - - - Saving output to login_history/find_//etc//logs//secure_-type_f_-exec_cat_{}_+.txt
2018-11-05 10:01:51,384 WARNING - - - Unknown command: login_history/find_//etc//logs//secure_-type_f_-exec_cat_{}_+.txt
2018-11-05 10:01:51,385 INFO    - - - LOGIN HISTORY | command: find /etc/logs/audit.log -type f -exec cat {} +
2018-11-05 10:01:51,389 INFO    - - - Saving output to login_history/find_//etc//logs//audit.log_-type_f_-exec_cat_{}_+.txt
2018-11-05 10:01:51,389 WARNING - - - Unknown command: login_history/find_//etc//logs//audit.log_-type_f_-exec_cat_{}_+.txt
2018-11-05 10:01:51,389 INFO    - - - UNIX DISTRIBUTION | command: find /etc/*release -type f -exec cat {} +
2018-11-05 10:01:51,394 INFO    - - - Saving output to unix_distribution/find_//etc//*release_-type_f_-exec_cat_{}_+.txt
2018-11-05 10:01:51,394 WARNING - - - Unknown command: unix_distribution/find_//etc//*release_-type_f_-exec_cat_{}_+.txt
2018-11-05 10:01:51,394 INFO    - - - SOCKET CONNECTIONS | command: ss -p
2018-11-05 10:01:51,397 WARNING - - - Unknown command: ss
2018-11-05 10:01:51,398 INFO    - - - SOCKET CONNECTIONS | command: ss -naop
2018-11-05 10:01:51,401 WARNING - - - Unknown command: ss
2018-11-05 10:01:51,401 INFO    - - - PROCESSES | command: ps -eww
2018-11-05 10:01:51,434 INFO    - - - Saving output to processes/ps_-eww.txt
2018-11-05 10:01:51,434 WARNING - - - Unknown command: processes/ps_-eww.txt
2018-11-05 10:01:51,434 INFO    - - - PASSWORD FILES | command: find /etc/shadow -type f -exec cat {} +
2018-11-05 10:01:51,439 INFO    - - - Saving output to password_files/find_//etc//shadow_-type_f_-exec_cat_{}_+.txt
2018-11-05 10:01:51,439 WARNING - - - Unknown command: password_files/find_//etc//shadow_-type_f_-exec_cat_{}_+.txt
2018-11-05 10:01:51,439 INFO    - - - PASSWORD FILES | command: find /etc/passwd -type f -exec cat {} +
2018-11-05 10:01:51,446 INFO    - - - Saving output to password_files/find_//etc//passwd_-type_f_-exec_cat_{}_+.txt
2018-11-05 10:01:51,446 WARNING - - - Unknown command: password_files/find_//etc//passwd_-type_f_-exec_cat_{}_+.txt
2018-11-05 10:01:51,446 INFO    - - - SCHEDULED JOBS | command: find /etc/cron* -type f -exec cat {} +
2018-11-05 10:01:51,450 INFO    - - - Saving output to scheduled_jobs/find_//etc//cron*_-type_f_-exec_cat_{}_+.txt
2018-11-05 10:01:51,450 WARNING - - - Unknown command: scheduled_jobs/find_//etc//cron*_-type_f_-exec_cat_{}_+.txt
2018-11-05 10:01:51,451 INFO    - - - SCHEDULED JOBS | command: find /var/spool/cron/* -type f -exec cat {} +
2018-11-05 10:01:51,454 INFO    - - - Saving output to scheduled_jobs/find_//var//spool//cron//*_-type_f_-exec_cat_{}_+.txt
2018-11-05 10:01:51,455 WARNING - - - Unknown command: scheduled_jobs/find_//var//spool//cron//*_-type_f_-exec_cat_{}_+.txt
2018-11-05 10:01:51,455 INFO    - - - X WINDOW CONFIG FILES | command: find /etc/X11/* -type f -exec cat {} +
2018-11-05 10:01:51,459 INFO    - - - Saving output to x_window_config_files/find_//etc//X11//*_-type_f_-exec_cat_{}_+.txt
2018-11-05 10:01:51,459 WARNING - - - Unknown command: x_window_config_files/find_//etc//X11//*_-type_f_-exec_cat_{}_+.txt
2018-11-05 10:01:51,459 INFO    - - - YUM REPOSITORIES | command: find /etc/yum.repos.d/* -type f -exec cat {} +
2018-11-05 10:01:51,463 INFO    - - - Saving output to yum_repositories/find_//etc//yum.repos.d//*_-type_f_-exec_cat_{}_+.txt
2018-11-05 10:01:51,464 WARNING - - - Unknown command: yum_repositories/find_//etc//yum.repos.d//*_-type_f_-exec_cat_{}_+.txt
2018-11-05 10:01:51,464 INFO    - - - CACHED YUM DATA FILES | command: find /var/cache/yum -type f -exec ls {} +
2018-11-05 10:01:51,468 INFO    - - - Saving output to cached_yum_data_files/find_//var//cache//yum_-type_f_-exec_ls_{}_+.txt
2018-11-05 10:01:51,469 WARNING - - - Unknown command: cached_yum_data_files/find_//var//cache//yum_-type_f_-exec_ls_{}_+.txt
2018-11-05 10:01:51,469 INFO    - - - INSTALLED YUM PACKAGES | command: yum list installed
2018-11-05 10:01:51,472 WARNING - - - Unknown command: yum
2018-11-05 10:01:51,473 INFO    - - - STARTUP SCRIPTS | command: find /etc/rc.d/* -type f -exec cat {} +
2018-11-05 10:01:51,477 INFO    - - - Saving output to startup_scripts/find_//etc//rc.d//*_-type_f_-exec_cat_{}_+.txt
2018-11-05 10:01:51,477 WARNING - - - Unknown command: startup_scripts/find_//etc//rc.d//*_-type_f_-exec_cat_{}_+.txt
2018-11-05 10:01:51,478 INFO    - - - STARTUP SCRIPTS | command: find /etc/init* -type f -exec cat {} +
2018-11-05 10:01:51,482 INFO    - - - Saving output to startup_scripts/find_//etc//init*_-type_f_-exec_cat_{}_+.txt
2018-11-05 10:01:51,482 WARNING - - - Unknown command: startup_scripts/find_//etc//init*_-type_f_-exec_cat_{}_+.txt
2018-11-05 10:01:51,482 INFO    - - - OPEN FILES | command: lsof -R
2018-11-05 10:02:07,353 INFO    - - - Saving output to open_files/lsof_-R.txt
2018-11-05 10:02:07,363 WARNING - - - Unknown command: open_files/lsof_-R.txt
2018-11-05 10:02:07,363 INFO    - - - SSH CONFIGURATION | command: find $HOME/.ssh -type f -exec cat {} +
2018-11-05 10:02:07,369 INFO    - - - Saving output to ssh_configuration/find_$HOME//.ssh_-type_f_-exec_cat_{}_+.txt
2018-11-05 10:02:07,369 WARNING - - - Unknown command: ssh_configuration/find_$HOME//.ssh_-type_f_-exec_cat_{}_+.txt
2018-11-05 10:02:07,369 INFO    - - - USER COMMANDS | command: find /usr/bin -type f -exec ls {} +
2018-11-05 10:02:07,388 INFO    - - - Saving output to user_commands/find_//usr//bin_-type_f_-exec_ls_{}_+.txt
2018-11-05 10:02:07,388 WARNING - - - Unknown command: user_commands/find_//usr//bin_-type_f_-exec_ls_{}_+.txt
2018-11-05 10:02:07,388 INFO    - - - USER COMMANDS | command: find /usr/local/bin -type f -exec ls {} +
2018-11-05 10:02:07,417 INFO    - - - Saving output to user_commands/find_//usr//local//bin_-type_f_-exec_ls_{}_+.txt
2018-11-05 10:02:07,417 WARNING - - - Unknown command: user_commands/find_//usr//local//bin_-type_f_-exec_ls_{}_+.txt
2018-11-05 10:02:07,417 INFO    - - - PROCESS TREE | command: pstree -alp
2018-11-05 10:02:07,420 WARNING - - - Unknown command: pstree
