2018-11-05 10:38:28,831 INFO    - - - Started execution
2018-11-05 10:38:28,831 INFO    - - - Checking effective user permissions
2018-11-05 10:38:28,831 INFO    - - - Confirmed superuser privileges, running...
2018-11-05 10:38:28,831 INFO    - - - SSH CONFIGURATION | command: find $HOME/.ssh -type f -exec cat {} +
2018-11-05 10:38:28,836 INFO    - - - Saving output to ssh_configuration/find_$HOME_.ssh_-type_f_-exec_cat_{}_+.txt
2018-11-05 10:38:28,836 WARNING - - - Unknown command or file -  [Errno 2] No such file or directory
2018-11-05 10:38:28,836 INFO    - - - YUM REPOSITORIES | command: find /etc/yum.repos.d/* -type f -exec cat {} +
2018-11-05 10:38:28,840 INFO    - - - Saving output to yum_repositories/find__etc_yum.repos.d_*_-type_f_-exec_cat_{}_+.txt
2018-11-05 10:38:28,840 WARNING - - - Unknown command or file -  [Errno 2] No such file or directory
2018-11-05 10:38:28,840 INFO    - - - PROCESSES | command: ps -eww
2018-11-05 10:38:28,892 INFO    - - - Saving output to processes/ps_-eww.txt
2018-11-05 10:38:28,892 WARNING - - - Unknown command or file -  [Errno 2] No such file or directory
2018-11-05 10:38:28,892 INFO    - - - USER COMMANDS | command: find /usr/bin -type f -exec ls {} +
2018-11-05 10:38:28,920 INFO    - - - Saving output to user_commands/find__usr_bin_-type_f_-exec_ls_{}_+.txt
2018-11-05 10:38:28,921 WARNING - - - Unknown command or file -  [Errno 2] No such file or directory
2018-11-05 10:38:28,921 INFO    - - - USER COMMANDS | command: find /usr/local/bin -type f -exec ls {} +
2018-11-05 10:38:28,931 INFO    - - - Saving output to user_commands/find__usr_local_bin_-type_f_-exec_ls_{}_+.txt
2018-11-05 10:38:28,932 WARNING - - - Unknown command or file -  [Errno 2] No such file or directory
2018-11-05 10:38:28,932 INFO    - - - NETWORKING INFORMATION | command: find /etc/hosts -type f -exec cat {} +
2018-11-05 10:38:28,939 INFO    - - - Saving output to networking_information/find__etc_hosts_-type_f_-exec_cat_{}_+.txt
2018-11-05 10:38:28,939 WARNING - - - Unknown command or file -  [Errno 2] No such file or directory
2018-11-05 10:38:28,939 INFO    - - - NETWORKING INFORMATION | command: find /etc/networks -type f -exec cat {} +
2018-11-05 10:38:28,945 INFO    - - - Saving output to networking_information/find__etc_networks_-type_f_-exec_cat_{}_+.txt
2018-11-05 10:38:28,946 WARNING - - - Unknown command or file -  [Errno 2] No such file or directory
2018-11-05 10:38:28,946 INFO    - - - NETWORKING INFORMATION | command: find /etc/protocols -type f -exec cat {} +
2018-11-05 10:38:28,952 INFO    - - - Saving output to networking_information/find__etc_protocols_-type_f_-exec_cat_{}_+.txt
2018-11-05 10:38:28,953 WARNING - - - Unknown command or file -  [Errno 2] No such file or directory
2018-11-05 10:38:28,953 INFO    - - - NETWORKING INFORMATION | command: find /etc/ethers -type f -exec cat {} +
2018-11-05 10:38:28,957 INFO    - - - Saving output to networking_information/find__etc_ethers_-type_f_-exec_cat_{}_+.txt
2018-11-05 10:38:28,957 WARNING - - - Unknown command or file -  [Errno 2] No such file or directory
2018-11-05 10:38:28,957 INFO    - - - NETWORKING INFORMATION | command: find /etc/netgroup -type f -exec cat {} +
2018-11-05 10:38:28,961 INFO    - - - Saving output to networking_information/find__etc_netgroup_-type_f_-exec_cat_{}_+.txt
2018-11-05 10:38:28,962 WARNING - - - Unknown command or file -  [Errno 2] No such file or directory
2018-11-05 10:38:28,962 INFO    - - - NETWORKING INFORMATION | command: find /etc/dhclients -type f -exec cat {} +
2018-11-05 10:38:28,966 INFO    - - - Saving output to networking_information/find__etc_dhclients_-type_f_-exec_cat_{}_+.txt
2018-11-05 10:38:28,966 WARNING - - - Unknown command or file -  [Errno 2] No such file or directory
2018-11-05 10:38:28,966 INFO    - - - KERNEL MODULES | command: lsmod
2018-11-05 10:38:28,971 WARNING - - - Unknown command or file -  [Errno 2] No such file or directory
2018-11-05 10:38:28,971 INFO    - - - STARTUP SCRIPTS | command: find /etc/rc.d/* -type f -exec cat {} +
2018-11-05 10:38:28,975 INFO    - - - Saving output to startup_scripts/find__etc_rc.d_*_-type_f_-exec_cat_{}_+.txt
2018-11-05 10:38:28,976 WARNING - - - Unknown command or file -  [Errno 2] No such file or directory
2018-11-05 10:38:28,976 INFO    - - - STARTUP SCRIPTS | command: find /etc/init* -type f -exec cat {} +
2018-11-05 10:38:28,980 INFO    - - - Saving output to startup_scripts/find__etc_init*_-type_f_-exec_cat_{}_+.txt
2018-11-05 10:38:28,980 WARNING - - - Unknown command or file -  [Errno 2] No such file or directory
2018-11-05 10:38:28,980 INFO    - - - INSTALLED YUM PACKAGES | command: yum list installed
2018-11-05 10:38:28,984 WARNING - - - Unknown command or file -  [Errno 2] No such file or directory
2018-11-05 10:38:28,984 INFO    - - - PROCESS TREE | command: pstree -alp
2018-11-05 10:38:28,988 WARNING - - - Unknown command or file -  [Errno 2] No such file or directory
2018-11-05 10:38:28,988 INFO    - - - HOSTNAME | command: hostname
2018-11-05 10:38:28,992 INFO    - - - Saving output to hostname/hostname.txt
2018-11-05 10:38:28,992 WARNING - - - Unknown command or file -  [Errno 2] No such file or directory
2018-11-05 10:38:28,992 INFO    - - - HOSTNAME | command: find /etc/hostname -type f -exec cat {} +
2018-11-05 10:38:28,997 INFO    - - - Saving output to hostname/find__etc_hostname_-type_f_-exec_cat_{}_+.txt
2018-11-05 10:38:28,997 WARNING - - - Unknown command or file -  [Errno 2] No such file or directory
2018-11-05 10:38:28,997 INFO    - - - OPEN FILES | command: lsof -R
