2018-11-05 11:26:30,356 INFO    - - - Started execution
2018-11-05 11:26:30,357 INFO    - - - Checking effective user permissions
2018-11-05 11:26:30,358 INFO    - - - Confirmed superuser privileges, running...
2018-11-05 11:26:30,358 INFO    - - - Checking directory structure...
2018-11-05 11:26:30,358 INFO    - - - Directory %s exists
2018-11-05 11:26:30,358 INFO    - - - Directory %s exists
2018-11-05 11:26:30,359 INFO    - - - Directory %s exists
2018-11-05 11:26:30,359 INFO    - - - Directory %s exists
2018-11-05 11:26:30,359 INFO    - - - Directory %s exists
2018-11-05 11:26:30,359 INFO    - - - Directory %s exists
2018-11-05 11:26:30,360 INFO    - - - Directory %s exists
2018-11-05 11:26:30,360 INFO    - - - Directory %s exists
2018-11-05 11:26:30,361 INFO    - - - Directory %s exists
2018-11-05 11:26:30,361 INFO    - - - Directory %s exists
2018-11-05 11:26:30,361 INFO    - - - Directory %s exists
2018-11-05 11:26:30,361 INFO    - - - Directory %s exists
2018-11-05 11:26:30,362 INFO    - - - Directory %s exists
2018-11-05 11:26:30,362 INFO    - - - Directory %s exists
2018-11-05 11:26:30,362 INFO    - - - Directory %s exists
2018-11-05 11:26:30,362 INFO    - - - Directory %s exists
2018-11-05 11:26:30,362 INFO    - - - Directory %s exists
2018-11-05 11:26:30,362 INFO    - - - Directory %s exists
2018-11-05 11:26:30,363 INFO    - - - Directory %s exists
2018-11-05 11:26:30,363 INFO    - - - Directory %s exists
2018-11-05 11:26:30,363 INFO    - - - KERNEL_NAME_VERSION | command: uname -rs
2018-11-05 12:33:41,414 INFO    - - - Saving output to kernel_name_version/uname_-rs.txt
2018-11-05 12:33:41,425 INFO    - - - Saved ./kernel_name_version/uname -rs successfully
2018-11-05 12:33:41,428 INFO    - - - KERNEL MODULES | command: lsmod
2018-11-05 12:33:41,448 WARNING - - - Unknown command or file -  [Errno 2] No such file or directory: 'lsmod': 'lsmod'
2018-11-05 12:33:41,455 INFO    - - - NETWORK INTERFACES | command: ifconfig -a
2018-11-05 12:33:41,471 INFO    - - - Saving output to network_interfaces/ifconfig_-a.txt
2018-11-05 12:33:41,476 INFO    - - - Saved ./network interfaces/ifconfig -a successfully
2018-11-05 12:33:41,479 INFO    - - - NETWORKING INFORMATION | command: find /etc/hosts -type f -exec cat {} +
2018-11-05 12:33:41,499 INFO    - - - Saving output to networking_information/find__etc_hosts_-type_f_-exec_cat_{}_+.txt
2018-11-05 12:33:41,504 INFO    - - - Saved ./networking information/find /etc/hosts -type f -exec cat {} + successfully
2018-11-05 12:33:41,506 INFO    - - - NETWORKING INFORMATION | command: find /etc/networks -type f -exec cat {} +
2018-11-05 12:33:41,520 INFO    - - - Saving output to networking_information/find__etc_networks_-type_f_-exec_cat_{}_+.txt
2018-11-05 12:33:41,523 INFO    - - - Saved ./networking information/find /etc/networks -type f -exec cat {} + successfully
2018-11-05 12:33:41,526 INFO    - - - NETWORKING INFORMATION | command: find /etc/protocols -type f -exec cat {} +
2018-11-05 12:33:41,542 INFO    - - - Saving output to networking_information/find__etc_protocols_-type_f_-exec_cat_{}_+.txt
2018-11-05 12:33:41,546 INFO    - - - Saved ./networking information/find /etc/protocols -type f -exec cat {} + successfully
2018-11-05 12:33:41,549 INFO    - - - NETWORKING INFORMATION | command: find /etc/ethers -type f -exec cat {} +
2018-11-05 12:33:41,561 INFO    - - - Saving output to networking_information/find__etc_ethers_-type_f_-exec_cat_{}_+.txt
2018-11-05 12:33:41,564 INFO    - - - Saved ./networking information/find /etc/ethers -type f -exec cat {} + successfully
2018-11-05 12:33:41,566 INFO    - - - NETWORKING INFORMATION | command: find /etc/netgroup -type f -exec cat {} +
2018-11-05 12:33:41,578 INFO    - - - Saving output to networking_information/find__etc_netgroup_-type_f_-exec_cat_{}_+.txt
2018-11-05 12:33:41,582 INFO    - - - Saved ./networking information/find /etc/netgroup -type f -exec cat {} + successfully
2018-11-05 12:33:41,585 INFO    - - - NETWORKING INFORMATION | command: find /etc/dhclients -type f -exec cat {} +
2018-11-05 12:33:41,598 INFO    - - - Saving output to networking_information/find__etc_dhclients_-type_f_-exec_cat_{}_+.txt
2018-11-05 12:33:41,601 INFO    - - - Saved ./networking information/find /etc/dhclients -type f -exec cat {} + successfully
2018-11-05 12:33:41,604 INFO    - - - HOSTNAME | command: hostname
2018-11-05 12:33:41,613 INFO    - - - Saving output to hostname/hostname.txt
2018-11-05 12:33:41,617 INFO    - - - Saved ./hostname/hostname successfully
2018-11-05 12:33:41,620 INFO    - - - HOSTNAME | command: find /etc/hostname -type f -exec cat {} +
2018-11-05 12:33:41,631 INFO    - - - Saving output to hostname/find__etc_hostname_-type_f_-exec_cat_{}_+.txt
2018-11-05 12:33:41,635 INFO    - - - Saved ./hostname/find /etc/hostname -type f -exec cat {} + successfully
2018-11-05 12:33:41,637 INFO    - - - LOGIN HISTORY | command: last -Faixw
2018-11-05 12:33:41,647 INFO    - - - Saving output to login_history/last_-Faixw.txt
2018-11-05 12:33:41,651 INFO    - - - Saved ./login history/last -Faixw successfully
2018-11-05 12:33:41,654 INFO    - - - LOGIN HISTORY | command: find /etc/logs/auth.log -type f -exec cat {} +
2018-11-05 12:33:41,665 INFO    - - - Saving output to login_history/find__etc_logs_auth.log_-type_f_-exec_cat_{}_+.txt
2018-11-05 12:33:41,669 INFO    - - - Saved ./login history/find /etc/logs/auth.log -type f -exec cat {} + successfully
2018-11-05 12:33:41,672 INFO    - - - LOGIN HISTORY | command: find /etc/logs/secure -type f -exec cat {} +
2018-11-05 12:33:41,683 INFO    - - - Saving output to login_history/find__etc_logs_secure_-type_f_-exec_cat_{}_+.txt
2018-11-05 12:33:41,686 INFO    - - - Saved ./login history/find /etc/logs/secure -type f -exec cat {} + successfully
2018-11-05 12:33:41,689 INFO    - - - LOGIN HISTORY | command: find /etc/logs/audit.log -type f -exec cat {} +
2018-11-05 12:33:41,701 INFO    - - - Saving output to login_history/find__etc_logs_audit.log_-type_f_-exec_cat_{}_+.txt
2018-11-05 12:33:41,705 INFO    - - - Saved ./login history/find /etc/logs/audit.log -type f -exec cat {} + successfully
2018-11-05 12:33:41,707 INFO    - - - UNIX DISTRIBUTION | command: find /etc/*release -type f -exec cat {} +
2018-11-05 12:33:41,720 INFO    - - - Saving output to unix_distribution/find__etc_*release_-type_f_-exec_cat_{}_+.txt
2018-11-05 12:33:41,724 INFO    - - - Saved ./unix distribution/find /etc/*release -type f -exec cat {} + successfully
2018-11-05 12:33:41,727 INFO    - - - SOCKET CONNECTIONS | command: ss -p
2018-11-05 12:33:41,738 WARNING - - - Unknown command or file -  [Errno 2] No such file or directory: 'ss': 'ss'
2018-11-05 12:33:41,742 INFO    - - - SOCKET CONNECTIONS | command: ss -naop
2018-11-05 12:33:41,753 WARNING - - - Unknown command or file -  [Errno 2] No such file or directory: 'ss': 'ss'
2018-11-05 12:33:41,758 INFO    - - - PROCESSES | command: ps -eww
2018-11-05 12:33:41,820 INFO    - - - Saving output to processes/ps_-eww.txt
2018-11-05 12:33:41,824 INFO    - - - Saved ./processes/ps -eww successfully
2018-11-05 12:33:41,827 INFO    - - - PASSWORD FILES | command: find /etc/shadow -type f -exec cat {} +
2018-11-05 12:33:41,838 INFO    - - - Saving output to password_files/find__etc_shadow_-type_f_-exec_cat_{}_+.txt
2018-11-05 12:33:41,842 INFO    - - - Saved ./password files/find /etc/shadow -type f -exec cat {} + successfully
2018-11-05 12:33:41,845 INFO    - - - PASSWORD FILES | command: find /etc/passwd -type f -exec cat {} +
2018-11-05 12:33:41,859 INFO    - - - Saving output to password_files/find__etc_passwd_-type_f_-exec_cat_{}_+.txt
2018-11-05 12:33:41,863 INFO    - - - Saved ./password files/find /etc/passwd -type f -exec cat {} + successfully
2018-11-05 12:33:41,866 INFO    - - - SCHEDULED JOBS | command: find /etc/cron* -type f -exec cat {} +
2018-11-05 12:33:41,878 INFO    - - - Saving output to scheduled_jobs/find__etc_cron*_-type_f_-exec_cat_{}_+.txt
2018-11-05 12:33:41,881 INFO    - - - Saved ./scheduled jobs/find /etc/cron* -type f -exec cat {} + successfully
2018-11-05 12:33:41,884 INFO    - - - SCHEDULED JOBS | command: find /var/spool/cron/* -type f -exec cat {} +
2018-11-05 12:33:41,894 INFO    - - - Saving output to scheduled_jobs/find__var_spool_cron_*_-type_f_-exec_cat_{}_+.txt
2018-11-05 12:33:41,898 INFO    - - - Saved ./scheduled jobs/find /var/spool/cron/* -type f -exec cat {} + successfully
2018-11-05 12:33:41,901 INFO    - - - X WINDOW CONFIG FILES | command: find /etc/X11/* -type f -exec cat {} +
2018-11-05 12:33:41,912 INFO    - - - Saving output to x_window_config_files/find__etc_X11_*_-type_f_-exec_cat_{}_+.txt
2018-11-05 12:33:41,916 INFO    - - - Saved ./x window config files/find /etc/X11/* -type f -exec cat {} + successfully
2018-11-05 12:33:41,919 INFO    - - - YUM REPOSITORIES | command: find /etc/yum.repos.d/* -type f -exec cat {} +
2018-11-05 12:33:41,930 INFO    - - - Saving output to yum_repositories/find__etc_yum.repos.d_*_-type_f_-exec_cat_{}_+.txt
2018-11-05 12:33:41,934 INFO    - - - Saved ./yum repositories/find /etc/yum.repos.d/* -type f -exec cat {} + successfully
2018-11-05 12:33:41,937 INFO    - - - CACHED YUM DATA FILES | command: find /var/cache/yum -type f -exec ls {} +
2018-11-05 12:33:41,954 INFO    - - - Saving output to cached_yum_data_files/find__var_cache_yum_-type_f_-exec_ls_{}_+.txt
2018-11-05 12:33:41,958 INFO    - - - Saved ./cached yum data files/find /var/cache/yum -type f -exec ls {} + successfully
2018-11-05 12:33:41,961 INFO    - - - INSTALLED YUM PACKAGES | command: yum list installed
2018-11-05 12:33:41,972 WARNING - - - Unknown command or file -  [Errno 2] No such file or directory: 'yum': 'yum'
2018-11-05 12:33:41,977 INFO    - - - STARTUP SCRIPTS | command: find /etc/rc.d/* -type f -exec cat {} +
2018-11-05 12:33:41,991 INFO    - - - Saving output to startup_scripts/find__etc_rc.d_*_-type_f_-exec_cat_{}_+.txt
2018-11-05 12:33:41,995 INFO    - - - Saved ./startup scripts/find /etc/rc.d/* -type f -exec cat {} + successfully
2018-11-05 12:33:41,998 INFO    - - - STARTUP SCRIPTS | command: find /etc/init* -type f -exec cat {} +
2018-11-05 12:33:42,010 INFO    - - - Saving output to startup_scripts/find__etc_init*_-type_f_-exec_cat_{}_+.txt
2018-11-05 12:33:42,014 INFO    - - - Saved ./startup scripts/find /etc/init* -type f -exec cat {} + successfully
2018-11-05 12:33:42,016 INFO    - - - OPEN FILES | command: lsof -R
2018-11-05 12:45:14,287 INFO    - - - Saving output to open_files/lsof_-R.txt
2018-11-05 12:45:14,291 INFO    - - - Saved ./open files/lsof -R successfully
2018-11-05 12:45:14,295 INFO    - - - SSH CONFIGURATION | command: find $HOME/.ssh -type f -exec cat {} +
2018-11-05 12:45:14,306 INFO    - - - Saving output to ssh_configuration/find_$HOME_.ssh_-type_f_-exec_cat_{}_+.txt
2018-11-05 12:45:14,309 INFO    - - - Saved ./ssh configuration/find $HOME/.ssh -type f -exec cat {} + successfully
2018-11-05 12:45:14,311 INFO    - - - USER COMMANDS | command: find /usr/bin -type f -exec ls {} +
2018-11-05 12:45:14,345 INFO    - - - Saving output to user_commands/find__usr_bin_-type_f_-exec_ls_{}_+.txt
2018-11-05 12:45:14,349 INFO    - - - Saved ./user commands/find /usr/bin -type f -exec ls {} + successfully
2018-11-05 12:45:14,351 INFO    - - - USER COMMANDS | command: find /usr/local/bin -type f -exec ls {} +
2018-11-05 12:45:14,380 INFO    - - - Saving output to user_commands/find__usr_local_bin_-type_f_-exec_ls_{}_+.txt
2018-11-05 12:45:14,383 INFO    - - - Saved ./user commands/find /usr/local/bin -type f -exec ls {} + successfully
2018-11-05 12:45:14,386 INFO    - - - PROCESS TREE | command: pstree -alp
2018-11-05 12:45:14,395 WARNING - - - Unknown command or file -  [Errno 2] No such file or directory: 'pstree': 'pstree'
