2018-11-05 10:37:01,763 INFO    - - - Started execution
2018-11-05 10:37:01,763 INFO    - - - Checking effective user permissions
2018-11-05 10:37:01,763 INFO    - - - Confirmed superuser privileges, running...
2018-11-05 10:37:01,763 INFO    - - - KERNEL_NAME_VERSION | command: uname -rs
2018-11-05 10:37:01,767 INFO    - - - Saving output to kernel_name_version/uname_-rs.txt
2018-11-05 10:37:01,767 INFO    - - - Saved ./kernel_name_version/uname -rs successfully
2018-11-05 10:37:01,768 INFO    - - - KERNEL MODULES | command: lsmod
2018-11-05 10:37:01,770 WARNING - - - Unknown command or file -  [Errno 2] No such file or directory: 'lsmod': 'lsmod'
2018-11-05 10:37:01,771 INFO    - - - NETWORK INTERFACES | command: ifconfig -a
2018-11-05 10:37:01,778 INFO    - - - Saving output to network_interfaces/ifconfig_-a.txt
2018-11-05 10:37:01,778 WARNING - - - Unknown command or file -  [Errno 2] No such file or directory
2018-11-05 10:37:01,778 INFO    - - - NETWORKING INFORMATION | command: find /etc/hosts -type f -exec cat {} +
2018-11-05 10:37:01,784 INFO    - - - Saving output to networking_information/find__etc_hosts_-type_f_-exec_cat_{}_+.txt
2018-11-05 10:37:01,785 WARNING - - - Unknown command or file -  [Errno 2] No such file or directory
2018-11-05 10:37:01,785 INFO    - - - NETWORKING INFORMATION | command: find /etc/networks -type f -exec cat {} +
2018-11-05 10:37:01,791 INFO    - - - Saving output to networking_information/find__etc_networks_-type_f_-exec_cat_{}_+.txt
2018-11-05 10:37:01,791 WARNING - - - Unknown command or file -  [Errno 2] No such file or directory
2018-11-05 10:37:01,791 INFO    - - - NETWORKING INFORMATION | command: find /etc/protocols -type f -exec cat {} +
2018-11-05 10:37:01,797 INFO    - - - Saving output to networking_information/find__etc_protocols_-type_f_-exec_cat_{}_+.txt
2018-11-05 10:37:01,798 WARNING - - - Unknown command or file -  [Errno 2] No such file or directory
2018-11-05 10:37:01,798 INFO    - - - NETWORKING INFORMATION | command: find /etc/ethers -type f -exec cat {} +
2018-11-05 10:37:01,802 INFO    - - - Saving output to networking_information/find__etc_ethers_-type_f_-exec_cat_{}_+.txt
2018-11-05 10:37:01,802 WARNING - - - Unknown command or file -  [Errno 2] No such file or directory
2018-11-05 10:37:01,802 INFO    - - - NETWORKING INFORMATION | command: find /etc/netgroup -type f -exec cat {} +
2018-11-05 10:37:01,806 INFO    - - - Saving output to networking_information/find__etc_netgroup_-type_f_-exec_cat_{}_+.txt
2018-11-05 10:37:01,806 WARNING - - - Unknown command or file -  [Errno 2] No such file or directory
2018-11-05 10:37:01,807 INFO    - - - NETWORKING INFORMATION | command: find /etc/dhclients -type f -exec cat {} +
2018-11-05 10:37:01,810 INFO    - - - Saving output to networking_information/find__etc_dhclients_-type_f_-exec_cat_{}_+.txt
2018-11-05 10:37:01,811 WARNING - - - Unknown command or file -  [Errno 2] No such file or directory
2018-11-05 10:37:01,811 INFO    - - - HOSTNAME | command: hostname
2018-11-05 10:37:01,815 INFO    - - - Saving output to hostname/hostname.txt
2018-11-05 10:37:01,815 WARNING - - - Unknown command or file -  [Errno 2] No such file or directory
2018-11-05 10:37:01,815 INFO    - - - HOSTNAME | command: find /etc/hostname -type f -exec cat {} +
2018-11-05 10:37:01,819 INFO    - - - Saving output to hostname/find__etc_hostname_-type_f_-exec_cat_{}_+.txt
2018-11-05 10:37:01,820 WARNING - - - Unknown command or file -  [Errno 2] No such file or directory
2018-11-05 10:37:01,820 INFO    - - - LOGIN HISTORY | command: last -Faixw
2018-11-05 10:37:01,823 INFO    - - - Saving output to login_history/last_-Faixw.txt
2018-11-05 10:37:01,824 WARNING - - - Unknown command or file -  [Errno 2] No such file or directory
2018-11-05 10:37:01,824 INFO    - - - LOGIN HISTORY | command: find /etc/logs/auth.log -type f -exec cat {} +
2018-11-05 10:37:01,828 INFO    - - - Saving output to login_history/find__etc_logs_auth.log_-type_f_-exec_cat_{}_+.txt
2018-11-05 10:37:01,828 WARNING - - - Unknown command or file -  [Errno 2] No such file or directory
2018-11-05 10:37:01,828 INFO    - - - LOGIN HISTORY | command: find /etc/logs/secure -type f -exec cat {} +
2018-11-05 10:37:01,832 INFO    - - - Saving output to login_history/find__etc_logs_secure_-type_f_-exec_cat_{}_+.txt
2018-11-05 10:37:01,833 WARNING - - - Unknown command or file -  [Errno 2] No such file or directory
2018-11-05 10:37:01,833 INFO    - - - LOGIN HISTORY | command: find /etc/logs/audit.log -type f -exec cat {} +
2018-11-05 10:37:01,837 INFO    - - - Saving output to login_history/find__etc_logs_audit.log_-type_f_-exec_cat_{}_+.txt
2018-11-05 10:37:01,837 WARNING - - - Unknown command or file -  [Errno 2] No such file or directory
2018-11-05 10:37:01,837 INFO    - - - UNIX DISTRIBUTION | command: find /etc/*release -type f -exec cat {} +
2018-11-05 10:37:01,841 INFO    - - - Saving output to unix_distribution/find__etc_*release_-type_f_-exec_cat_{}_+.txt
2018-11-05 10:37:01,841 WARNING - - - Unknown command or file -  [Errno 2] No such file or directory
2018-11-05 10:37:01,842 INFO    - - - SOCKET CONNECTIONS | command: ss -p
2018-11-05 10:37:01,844 WARNING - - - Unknown command or file -  [Errno 2] No such file or directory: 'ss': 'ss'
2018-11-05 10:37:01,845 INFO    - - - SOCKET CONNECTIONS | command: ss -naop
2018-11-05 10:37:01,847 WARNING - - - Unknown command or file -  [Errno 2] No such file or directory: 'ss': 'ss'
2018-11-05 10:37:01,847 INFO    - - - PROCESSES | command: ps -eww
2018-11-05 10:37:01,889 INFO    - - - Saving output to processes/ps_-eww.txt
2018-11-05 10:37:01,889 WARNING - - - Unknown command or file -  [Errno 2] No such file or directory
2018-11-05 10:37:01,890 INFO    - - - PASSWORD FILES | command: find /etc/shadow -type f -exec cat {} +
2018-11-05 10:37:01,893 INFO    - - - Saving output to password_files/find__etc_shadow_-type_f_-exec_cat_{}_+.txt
2018-11-05 10:37:01,894 WARNING - - - Unknown command or file -  [Errno 2] No such file or directory
2018-11-05 10:37:01,894 INFO    - - - PASSWORD FILES | command: find /etc/passwd -type f -exec cat {} +
2018-11-05 10:37:01,899 INFO    - - - Saving output to password_files/find__etc_passwd_-type_f_-exec_cat_{}_+.txt
2018-11-05 10:37:01,900 WARNING - - - Unknown command or file -  [Errno 2] No such file or directory
2018-11-05 10:37:01,900 INFO    - - - SCHEDULED JOBS | command: find /etc/cron* -type f -exec cat {} +
2018-11-05 10:37:01,904 INFO    - - - Saving output to scheduled_jobs/find__etc_cron*_-type_f_-exec_cat_{}_+.txt
2018-11-05 10:37:01,904 WARNING - - - Unknown command or file -  [Errno 2] No such file or directory
2018-11-05 10:37:01,904 INFO    - - - SCHEDULED JOBS | command: find /var/spool/cron/* -type f -exec cat {} +
2018-11-05 10:37:01,908 INFO    - - - Saving output to scheduled_jobs/find__var_spool_cron_*_-type_f_-exec_cat_{}_+.txt
2018-11-05 10:37:01,908 WARNING - - - Unknown command or file -  [Errno 2] No such file or directory
2018-11-05 10:37:01,908 INFO    - - - X WINDOW CONFIG FILES | command: find /etc/X11/* -type f -exec cat {} +
2018-11-05 10:37:01,912 INFO    - - - Saving output to x_window_config_files/find__etc_X11_*_-type_f_-exec_cat_{}_+.txt
2018-11-05 10:37:01,912 WARNING - - - Unknown command or file -  [Errno 2] No such file or directory
2018-11-05 10:37:01,913 INFO    - - - YUM REPOSITORIES | command: find /etc/yum.repos.d/* -type f -exec cat {} +
2018-11-05 10:37:01,916 INFO    - - - Saving output to yum_repositories/find__etc_yum.repos.d_*_-type_f_-exec_cat_{}_+.txt
2018-11-05 10:37:01,917 WARNING - - - Unknown command or file -  [Errno 2] No such file or directory
2018-11-05 10:37:01,917 INFO    - - - CACHED YUM DATA FILES | command: find /var/cache/yum -type f -exec ls {} +
2018-11-05 10:37:01,921 INFO    - - - Saving output to cached_yum_data_files/find__var_cache_yum_-type_f_-exec_ls_{}_+.txt
2018-11-05 10:37:01,921 WARNING - - - Unknown command or file -  [Errno 2] No such file or directory
2018-11-05 10:37:01,921 INFO    - - - INSTALLED YUM PACKAGES | command: yum list installed
2018-11-05 10:37:01,924 WARNING - - - Unknown command or file -  [Errno 2] No such file or directory: 'yum': 'yum'
2018-11-05 10:37:01,924 INFO    - - - STARTUP SCRIPTS | command: find /etc/rc.d/* -type f -exec cat {} +
2018-11-05 10:37:01,928 INFO    - - - Saving output to startup_scripts/find__etc_rc.d_*_-type_f_-exec_cat_{}_+.txt
2018-11-05 10:37:01,928 WARNING - - - Unknown command or file -  [Errno 2] No such file or directory
2018-11-05 10:37:01,928 INFO    - - - STARTUP SCRIPTS | command: find /etc/init* -type f -exec cat {} +
2018-11-05 10:37:01,932 INFO    - - - Saving output to startup_scripts/find__etc_init*_-type_f_-exec_cat_{}_+.txt
2018-11-05 10:37:01,933 WARNING - - - Unknown command or file -  [Errno 2] No such file or directory
2018-11-05 10:37:01,933 INFO    - - - OPEN FILES | command: lsof -R
2018-11-05 10:37:29,966 INFO    - - - Saving output to open_files/lsof_-R.txt
2018-11-05 10:37:29,967 WARNING - - - Unknown command or file -  [Errno 2] No such file or directory
2018-11-05 10:37:29,967 INFO    - - - SSH CONFIGURATION | command: find $HOME/.ssh -type f -exec cat {} +
2018-11-05 10:37:29,971 INFO    - - - Saving output to ssh_configuration/find_$HOME_.ssh_-type_f_-exec_cat_{}_+.txt
2018-11-05 10:37:29,971 WARNING - - - Unknown command or file -  [Errno 2] No such file or directory
2018-11-05 10:37:29,971 INFO    - - - USER COMMANDS | command: find /usr/bin -type f -exec ls {} +
2018-11-05 10:37:29,989 INFO    - - - Saving output to user_commands/find__usr_bin_-type_f_-exec_ls_{}_+.txt
2018-11-05 10:37:29,989 WARNING - - - Unknown command or file -  [Errno 2] No such file or directory
2018-11-05 10:37:29,989 INFO    - - - USER COMMANDS | command: find /usr/local/bin -type f -exec ls {} +
2018-11-05 10:37:29,998 INFO    - - - Saving output to user_commands/find__usr_local_bin_-type_f_-exec_ls_{}_+.txt
2018-11-05 10:37:29,998 WARNING - - - Unknown command or file -  [Errno 2] No such file or directory
2018-11-05 10:37:29,998 INFO    - - - PROCESS TREE | command: pstree -alp
2018-11-05 10:37:30,001 WARNING - - - Unknown command or file -  [Errno 2] No such file or directory: 'pstree': 'pstree'
