2018-11-05 10:39:33,929 INFO    - - - Started execution
2018-11-05 10:39:33,929 INFO    - - - Checking effective user permissions
2018-11-05 10:39:33,929 INFO    - - - Confirmed superuser privileges, running...
2018-11-05 10:39:33,929 INFO    - - - KERNEL_NAME_VERSION | command: uname -rs
2018-11-05 10:39:33,933 INFO    - - - Saving output to kernel_name_version/uname_-rs.txt
2018-11-05 10:39:33,934 INFO    - - - Saved ./kernel_name_version/uname -rs successfully
2018-11-05 10:39:33,934 INFO    - - - KERNEL MODULES | command: lsmod
2018-11-05 10:39:33,937 WARNING - - - Unknown command or file -  [Errno 2] No such file or directory: 'lsmod': 'lsmod'
2018-11-05 10:39:33,937 INFO    - - - NETWORK INTERFACES | command: ifconfig -a
2018-11-05 10:39:33,944 INFO    - - - Saving output to network_interfaces/ifconfig_-a.txt
2018-11-05 10:39:33,944 WARNING - - - Unknown command or file -  [Errno 2] No such file or directory
2018-11-05 10:39:33,944 INFO    - - - NETWORKING INFORMATION | command: find /etc/hosts -type f -exec cat {} +
2018-11-05 10:39:33,951 INFO    - - - Saving output to networking_information/find__etc_hosts_-type_f_-exec_cat_{}_+.txt
2018-11-05 10:39:33,952 WARNING - - - Unknown command or file -  [Errno 2] No such file or directory
2018-11-05 10:39:33,952 INFO    - - - NETWORKING INFORMATION | command: find /etc/networks -type f -exec cat {} +
2018-11-05 10:39:33,959 INFO    - - - Saving output to networking_information/find__etc_networks_-type_f_-exec_cat_{}_+.txt
2018-11-05 10:39:33,959 WARNING - - - Unknown command or file -  [Errno 2] No such file or directory
2018-11-05 10:39:33,960 INFO    - - - NETWORKING INFORMATION | command: find /etc/protocols -type f -exec cat {} +
2018-11-05 10:39:33,967 INFO    - - - Saving output to networking_information/find__etc_protocols_-type_f_-exec_cat_{}_+.txt
2018-11-05 10:39:33,967 WARNING - - - Unknown command or file -  [Errno 2] No such file or directory
2018-11-05 10:39:33,967 INFO    - - - NETWORKING INFORMATION | command: find /etc/ethers -type f -exec cat {} +
2018-11-05 10:39:33,972 INFO    - - - Saving output to networking_information/find__etc_ethers_-type_f_-exec_cat_{}_+.txt
2018-11-05 10:39:33,973 WARNING - - - Unknown command or file -  [Errno 2] No such file or directory
2018-11-05 10:39:33,973 INFO    - - - NETWORKING INFORMATION | command: find /etc/netgroup -type f -exec cat {} +
2018-11-05 10:39:33,977 INFO    - - - Saving output to networking_information/find__etc_netgroup_-type_f_-exec_cat_{}_+.txt
2018-11-05 10:39:33,978 WARNING - - - Unknown command or file -  [Errno 2] No such file or directory
2018-11-05 10:39:33,978 INFO    - - - NETWORKING INFORMATION | command: find /etc/dhclients -type f -exec cat {} +
2018-11-05 10:39:33,982 INFO    - - - Saving output to networking_information/find__etc_dhclients_-type_f_-exec_cat_{}_+.txt
2018-11-05 10:39:33,983 WARNING - - - Unknown command or file -  [Errno 2] No such file or directory
2018-11-05 10:39:33,983 INFO    - - - HOSTNAME | command: hostname
2018-11-05 10:39:33,987 INFO    - - - Saving output to hostname/hostname.txt
2018-11-05 10:39:33,987 WARNING - - - Unknown command or file -  [Errno 2] No such file or directory
2018-11-05 10:39:33,987 INFO    - - - HOSTNAME | command: find /etc/hostname -type f -exec cat {} +
2018-11-05 10:39:33,992 INFO    - - - Saving output to hostname/find__etc_hostname_-type_f_-exec_cat_{}_+.txt
2018-11-05 10:39:33,992 WARNING - - - Unknown command or file -  [Errno 2] No such file or directory
2018-11-05 10:39:33,992 INFO    - - - LOGIN HISTORY | command: last -Faixw
2018-11-05 10:39:33,996 INFO    - - - Saving output to login_history/last_-Faixw.txt
2018-11-05 10:39:33,996 WARNING - - - Unknown command or file -  [Errno 2] No such file or directory
2018-11-05 10:39:33,996 INFO    - - - LOGIN HISTORY | command: find /etc/logs/auth.log -type f -exec cat {} +
2018-11-05 10:39:34,001 INFO    - - - Saving output to login_history/find__etc_logs_auth.log_-type_f_-exec_cat_{}_+.txt
2018-11-05 10:39:34,001 WARNING - - - Unknown command or file -  [Errno 2] No such file or directory
2018-11-05 10:39:34,001 INFO    - - - LOGIN HISTORY | command: find /etc/logs/secure -type f -exec cat {} +
2018-11-05 10:39:34,006 INFO    - - - Saving output to login_history/find__etc_logs_secure_-type_f_-exec_cat_{}_+.txt
2018-11-05 10:39:34,007 WARNING - - - Unknown command or file -  [Errno 2] No such file or directory
2018-11-05 10:39:34,007 INFO    - - - LOGIN HISTORY | command: find /etc/logs/audit.log -type f -exec cat {} +
2018-11-05 10:39:34,012 INFO    - - - Saving output to login_history/find__etc_logs_audit.log_-type_f_-exec_cat_{}_+.txt
2018-11-05 10:39:34,012 WARNING - - - Unknown command or file -  [Errno 2] No such file or directory
2018-11-05 10:39:34,013 INFO    - - - UNIX DISTRIBUTION | command: find /etc/*release -type f -exec cat {} +
2018-11-05 10:39:34,018 INFO    - - - Saving output to unix_distribution/find__etc_*release_-type_f_-exec_cat_{}_+.txt
2018-11-05 10:39:34,018 WARNING - - - Unknown command or file -  [Errno 2] No such file or directory
2018-11-05 10:39:34,018 INFO    - - - SOCKET CONNECTIONS | command: ss -p
2018-11-05 10:39:34,021 WARNING - - - Unknown command or file -  [Errno 2] No such file or directory: 'ss': 'ss'
2018-11-05 10:39:34,022 INFO    - - - SOCKET CONNECTIONS | command: ss -naop
2018-11-05 10:39:34,025 WARNING - - - Unknown command or file -  [Errno 2] No such file or directory: 'ss': 'ss'
2018-11-05 10:39:34,026 INFO    - - - PROCESSES | command: ps -eww
2018-11-05 10:39:34,078 INFO    - - - Saving output to processes/ps_-eww.txt
2018-11-05 10:39:34,079 WARNING - - - Unknown command or file -  [Errno 2] No such file or directory
2018-11-05 10:39:34,079 INFO    - - - PASSWORD FILES | command: find /etc/shadow -type f -exec cat {} +
2018-11-05 10:39:34,083 INFO    - - - Saving output to password_files/find__etc_shadow_-type_f_-exec_cat_{}_+.txt
2018-11-05 10:39:34,084 WARNING - - - Unknown command or file -  [Errno 2] No such file or directory
2018-11-05 10:39:34,084 INFO    - - - PASSWORD FILES | command: find /etc/passwd -type f -exec cat {} +
2018-11-05 10:39:34,091 INFO    - - - Saving output to password_files/find__etc_passwd_-type_f_-exec_cat_{}_+.txt
2018-11-05 10:39:34,091 WARNING - - - Unknown command or file -  [Errno 2] No such file or directory
2018-11-05 10:39:34,091 INFO    - - - SCHEDULED JOBS | command: find /etc/cron* -type f -exec cat {} +
2018-11-05 10:39:34,096 INFO    - - - Saving output to scheduled_jobs/find__etc_cron*_-type_f_-exec_cat_{}_+.txt
2018-11-05 10:39:34,096 WARNING - - - Unknown command or file -  [Errno 2] No such file or directory
2018-11-05 10:39:34,096 INFO    - - - SCHEDULED JOBS | command: find /var/spool/cron/* -type f -exec cat {} +
2018-11-05 10:39:34,101 INFO    - - - Saving output to scheduled_jobs/find__var_spool_cron_*_-type_f_-exec_cat_{}_+.txt
2018-11-05 10:39:34,101 WARNING - - - Unknown command or file -  [Errno 2] No such file or directory
2018-11-05 10:39:34,101 INFO    - - - X WINDOW CONFIG FILES | command: find /etc/X11/* -type f -exec cat {} +
2018-11-05 10:39:34,106 INFO    - - - Saving output to x_window_config_files/find__etc_X11_*_-type_f_-exec_cat_{}_+.txt
2018-11-05 10:39:34,106 WARNING - - - Unknown command or file -  [Errno 2] No such file or directory
2018-11-05 10:39:34,106 INFO    - - - YUM REPOSITORIES | command: find /etc/yum.repos.d/* -type f -exec cat {} +
2018-11-05 10:39:34,110 INFO    - - - Saving output to yum_repositories/find__etc_yum.repos.d_*_-type_f_-exec_cat_{}_+.txt
2018-11-05 10:39:34,111 WARNING - - - Unknown command or file -  [Errno 2] No such file or directory
2018-11-05 10:39:34,111 INFO    - - - CACHED YUM DATA FILES | command: find /var/cache/yum -type f -exec ls {} +
2018-11-05 10:39:34,116 INFO    - - - Saving output to cached_yum_data_files/find__var_cache_yum_-type_f_-exec_ls_{}_+.txt
2018-11-05 10:39:34,116 WARNING - - - Unknown command or file -  [Errno 2] No such file or directory
2018-11-05 10:39:34,116 INFO    - - - INSTALLED YUM PACKAGES | command: yum list installed
2018-11-05 10:39:34,119 WARNING - - - Unknown command or file -  [Errno 2] No such file or directory: 'yum': 'yum'
2018-11-05 10:39:34,120 INFO    - - - STARTUP SCRIPTS | command: find /etc/rc.d/* -type f -exec cat {} +
2018-11-05 10:39:34,124 INFO    - - - Saving output to startup_scripts/find__etc_rc.d_*_-type_f_-exec_cat_{}_+.txt
2018-11-05 10:39:34,125 WARNING - - - Unknown command or file -  [Errno 2] No such file or directory
2018-11-05 10:39:34,125 INFO    - - - STARTUP SCRIPTS | command: find /etc/init* -type f -exec cat {} +
2018-11-05 10:39:34,130 INFO    - - - Saving output to startup_scripts/find__etc_init*_-type_f_-exec_cat_{}_+.txt
2018-11-05 10:39:34,130 WARNING - - - Unknown command or file -  [Errno 2] No such file or directory
2018-11-05 10:39:34,130 INFO    - - - OPEN FILES | command: lsof -R
2018-11-05 10:39:53,968 WARNING - - - Error decoding unicode output.
2018-11-05 10:39:53,968 INFO    - - - SSH CONFIGURATION | command: find $HOME/.ssh -type f -exec cat {} +
2018-11-05 10:39:53,973 INFO    - - - Saving output to ssh_configuration/find_$HOME_.ssh_-type_f_-exec_cat_{}_+.txt
2018-11-05 10:39:53,973 WARNING - - - Unknown command or file -  [Errno 2] No such file or directory
2018-11-05 10:39:53,973 INFO    - - - USER COMMANDS | command: find /usr/bin -type f -exec ls {} +
2018-11-05 10:39:54,001 INFO    - - - Saving output to user_commands/find__usr_bin_-type_f_-exec_ls_{}_+.txt
2018-11-05 10:39:54,001 WARNING - - - Unknown command or file -  [Errno 2] No such file or directory
2018-11-05 10:39:54,001 INFO    - - - USER COMMANDS | command: find /usr/local/bin -type f -exec ls {} +
2018-11-05 10:39:54,013 INFO    - - - Saving output to user_commands/find__usr_local_bin_-type_f_-exec_ls_{}_+.txt
2018-11-05 10:39:54,013 WARNING - - - Unknown command or file -  [Errno 2] No such file or directory
2018-11-05 10:39:54,013 INFO    - - - PROCESS TREE | command: pstree -alp
2018-11-05 10:39:54,016 WARNING - - - Unknown command or file -  [Errno 2] No such file or directory: 'pstree': 'pstree'
