2018-11-07 10:49:17,431 INFO    - - - Started execution
2018-11-07 10:49:17,431 INFO    - - - Checking effective user permissions
2018-11-07 10:49:17,432 INFO    - - - Confirmed superuser privileges, running...
2018-11-07 10:49:17,432 INFO    - - - Checking directory structure...
2018-11-07 10:49:17,432 INFO    - - - Directory kernel_name_version does not exist, creating...
2018-11-07 10:49:17,432 INFO    - - - Directory kernel_modules does not exist, creating...
2018-11-07 10:49:17,432 INFO    - - - Directory network_interfaces does not exist, creating...
2018-11-07 10:49:17,432 INFO    - - - Directory networking_information does not exist, creating...
2018-11-07 10:49:17,432 INFO    - - - Directory hostname does not exist, creating...
2018-11-07 10:49:17,433 INFO    - - - Directory login_history does not exist, creating...
2018-11-07 10:49:17,433 INFO    - - - Directory unix_distribution does not exist, creating...
2018-11-07 10:49:17,433 INFO    - - - Directory socket_connections does not exist, creating...
2018-11-07 10:49:17,433 INFO    - - - Directory processes does not exist, creating...
2018-11-07 10:49:17,433 INFO    - - - Directory password_files does not exist, creating...
2018-11-07 10:49:17,433 INFO    - - - Directory scheduled_jobs does not exist, creating...
2018-11-07 10:49:17,434 INFO    - - - Directory x_window_config_files does not exist, creating...
2018-11-07 10:49:17,434 INFO    - - - Directory yum_repositories does not exist, creating...
2018-11-07 10:49:17,434 INFO    - - - Directory cached_yum_data_files does not exist, creating...
2018-11-07 10:49:17,434 INFO    - - - Directory installed_yum_packages does not exist, creating...
2018-11-07 10:49:17,434 INFO    - - - Directory startup_scripts does not exist, creating...
2018-11-07 10:49:17,434 INFO    - - - Directory open_files does not exist, creating...
2018-11-07 10:49:17,434 INFO    - - - Directory ssh_configuration does not exist, creating...
2018-11-07 10:49:17,435 INFO    - - - Directory user_commands does not exist, creating...
2018-11-07 10:49:17,435 INFO    - - - Directory process_tree does not exist, creating...
2018-11-07 10:49:17,435 INFO    - - - KERNEL_NAME_VERSION | command: uname -rs
2018-11-07 10:49:17,439 INFO    - - - Saving output to output/kernel_name_version/uname_-rs.txt
2018-11-07 10:49:17,439 WARNING - - - Unknown command or file -  [Errno 2] No such file or directory: 'output/kernel_name_version/uname_-rs.txt'
2018-11-07 10:49:17,440 INFO    - - - KERNEL MODULES | command: lsmod
2018-11-07 10:49:17,443 WARNING - - - Unknown command or file -  [Errno 2] No such file or directory: 'lsmod': 'lsmod'
2018-11-07 10:49:17,443 INFO    - - - NETWORK INTERFACES | command: ifconfig -a
2018-11-07 10:49:17,450 INFO    - - - Saving output to output/network_interfaces/ifconfig_-a.txt
2018-11-07 10:49:17,451 WARNING - - - Unknown command or file -  [Errno 2] No such file or directory: 'output/network_interfaces/ifconfig_-a.txt'
2018-11-07 10:49:17,451 INFO    - - - NETWORKING INFORMATION | command: find /etc/hosts -type f -exec cat {} +
2018-11-07 10:49:17,458 INFO    - - - Saving output to output/networking_information/find__etc_hosts_-type_f_-exec_cat_{}_+.txt
2018-11-07 10:49:17,458 WARNING - - - Unknown command or file -  [Errno 2] No such file or directory: 'output/networking_information/find__etc_hosts_-type_f_-exec_cat_{}_+.txt'
2018-11-07 10:49:17,458 INFO    - - - NETWORKING INFORMATION | command: find /etc/networks -type f -exec cat {} +
2018-11-07 10:49:17,465 INFO    - - - Saving output to output/networking_information/find__etc_networks_-type_f_-exec_cat_{}_+.txt
2018-11-07 10:49:17,465 WARNING - - - Unknown command or file -  [Errno 2] No such file or directory: 'output/networking_information/find__etc_networks_-type_f_-exec_cat_{}_+.txt'
2018-11-07 10:49:17,465 INFO    - - - NETWORKING INFORMATION | command: find /etc/protocols -type f -exec cat {} +
2018-11-07 10:49:17,472 INFO    - - - Saving output to output/networking_information/find__etc_protocols_-type_f_-exec_cat_{}_+.txt
2018-11-07 10:49:17,472 WARNING - - - Unknown command or file -  [Errno 2] No such file or directory: 'output/networking_information/find__etc_protocols_-type_f_-exec_cat_{}_+.txt'
2018-11-07 10:49:17,472 INFO    - - - NETWORKING INFORMATION | command: find /etc/ethers -type f -exec cat {} +
2018-11-07 10:49:17,477 INFO    - - - Saving output to output/networking_information/find__etc_ethers_-type_f_-exec_cat_{}_+.txt
2018-11-07 10:49:17,477 WARNING - - - Unknown command or file -  [Errno 2] No such file or directory: 'output/networking_information/find__etc_ethers_-type_f_-exec_cat_{}_+.txt'
2018-11-07 10:49:17,477 INFO    - - - NETWORKING INFORMATION | command: find /etc/netgroup -type f -exec cat {} +
2018-11-07 10:49:17,482 INFO    - - - Saving output to output/networking_information/find__etc_netgroup_-type_f_-exec_cat_{}_+.txt
2018-11-07 10:49:17,482 WARNING - - - Unknown command or file -  [Errno 2] No such file or directory: 'output/networking_information/find__etc_netgroup_-type_f_-exec_cat_{}_+.txt'
2018-11-07 10:49:17,482 INFO    - - - NETWORKING INFORMATION | command: find /etc/dhclients -type f -exec cat {} +
2018-11-07 10:49:17,486 INFO    - - - Saving output to output/networking_information/find__etc_dhclients_-type_f_-exec_cat_{}_+.txt
2018-11-07 10:49:17,487 WARNING - - - Unknown command or file -  [Errno 2] No such file or directory: 'output/networking_information/find__etc_dhclients_-type_f_-exec_cat_{}_+.txt'
2018-11-07 10:49:17,487 INFO    - - - HOSTNAME | command: hostname
2018-11-07 10:49:17,491 INFO    - - - Saving output to output/hostname/hostname.txt
2018-11-07 10:49:17,491 WARNING - - - Unknown command or file -  [Errno 2] No such file or directory: 'output/hostname/hostname.txt'
2018-11-07 10:49:17,491 INFO    - - - HOSTNAME | command: find /etc/hostname -type f -exec cat {} +
2018-11-07 10:49:17,496 INFO    - - - Saving output to output/hostname/find__etc_hostname_-type_f_-exec_cat_{}_+.txt
2018-11-07 10:49:17,496 WARNING - - - Unknown command or file -  [Errno 2] No such file or directory: 'output/hostname/find__etc_hostname_-type_f_-exec_cat_{}_+.txt'
2018-11-07 10:49:17,496 INFO    - - - LOGIN HISTORY | command: last -Faixw
2018-11-07 10:49:17,500 INFO    - - - Saving output to output/login_history/last_-Faixw.txt
2018-11-07 10:49:17,501 WARNING - - - Unknown command or file -  [Errno 2] No such file or directory: 'output/login_history/last_-Faixw.txt'
2018-11-07 10:49:17,501 INFO    - - - LOGIN HISTORY | command: find /etc/logs/auth.log -type f -exec cat {} +
2018-11-07 10:49:17,505 INFO    - - - Saving output to output/login_history/find__etc_logs_auth.log_-type_f_-exec_cat_{}_+.txt
2018-11-07 10:49:17,505 WARNING - - - Unknown command or file -  [Errno 2] No such file or directory: 'output/login_history/find__etc_logs_auth.log_-type_f_-exec_cat_{}_+.txt'
2018-11-07 10:49:17,506 INFO    - - - LOGIN HISTORY | command: find /etc/logs/secure -type f -exec cat {} +
2018-11-07 10:49:17,510 INFO    - - - Saving output to output/login_history/find__etc_logs_secure_-type_f_-exec_cat_{}_+.txt
2018-11-07 10:49:17,510 WARNING - - - Unknown command or file -  [Errno 2] No such file or directory: 'output/login_history/find__etc_logs_secure_-type_f_-exec_cat_{}_+.txt'
2018-11-07 10:49:17,510 INFO    - - - LOGIN HISTORY | command: find /etc/logs/audit.log -type f -exec cat {} +
2018-11-07 10:49:17,514 INFO    - - - Saving output to output/login_history/find__etc_logs_audit.log_-type_f_-exec_cat_{}_+.txt
2018-11-07 10:49:17,515 WARNING - - - Unknown command or file -  [Errno 2] No such file or directory: 'output/login_history/find__etc_logs_audit.log_-type_f_-exec_cat_{}_+.txt'
2018-11-07 10:49:17,515 INFO    - - - UNIX DISTRIBUTION | command: find /etc/*release -type f -exec cat {} +
2018-11-07 10:49:17,519 INFO    - - - Saving output to output/unix_distribution/find__etc_*release_-type_f_-exec_cat_{}_+.txt
2018-11-07 10:49:17,520 WARNING - - - Unknown command or file -  [Errno 2] No such file or directory: 'output/unix_distribution/find__etc_*release_-type_f_-exec_cat_{}_+.txt'
2018-11-07 10:49:17,520 INFO    - - - SOCKET CONNECTIONS | command: ss -p
2018-11-07 10:49:17,523 WARNING - - - Unknown command or file -  [Errno 2] No such file or directory: 'ss': 'ss'
2018-11-07 10:49:17,523 INFO    - - - SOCKET CONNECTIONS | command: ss -naop
2018-11-07 10:49:17,526 WARNING - - - Unknown command or file -  [Errno 2] No such file or directory: 'ss': 'ss'
2018-11-07 10:49:17,527 INFO    - - - PROCESSES | command: ps -eww
2018-11-07 10:49:17,580 INFO    - - - Saving output to output/processes/ps_-eww.txt
2018-11-07 10:49:17,580 WARNING - - - Unknown command or file -  [Errno 2] No such file or directory: 'output/processes/ps_-eww.txt'
2018-11-07 10:49:17,580 INFO    - - - PASSWORD FILES | command: find /etc/shadow -type f -exec cat {} +
2018-11-07 10:49:17,584 INFO    - - - Saving output to output/password_files/find__etc_shadow_-type_f_-exec_cat_{}_+.txt
2018-11-07 10:49:17,585 WARNING - - - Unknown command or file -  [Errno 2] No such file or directory: 'output/password_files/find__etc_shadow_-type_f_-exec_cat_{}_+.txt'
2018-11-07 10:49:17,585 INFO    - - - PASSWORD FILES | command: find /etc/passwd -type f -exec cat {} +
2018-11-07 10:49:17,592 INFO    - - - Saving output to output/password_files/find__etc_passwd_-type_f_-exec_cat_{}_+.txt
2018-11-07 10:49:17,592 WARNING - - - Unknown command or file -  [Errno 2] No such file or directory: 'output/password_files/find__etc_passwd_-type_f_-exec_cat_{}_+.txt'
2018-11-07 10:49:17,592 INFO    - - - SCHEDULED JOBS | command: find /etc/cron* -type f -exec cat {} +
2018-11-07 10:49:17,597 INFO    - - - Saving output to output/scheduled_jobs/find__etc_cron*_-type_f_-exec_cat_{}_+.txt
2018-11-07 10:49:17,597 WARNING - - - Unknown command or file -  [Errno 2] No such file or directory: 'output/scheduled_jobs/find__etc_cron*_-type_f_-exec_cat_{}_+.txt'
2018-11-07 10:49:17,597 INFO    - - - SCHEDULED JOBS | command: find /var/spool/cron/* -type f -exec cat {} +
2018-11-07 10:49:17,601 INFO    - - - Saving output to output/scheduled_jobs/find__var_spool_cron_*_-type_f_-exec_cat_{}_+.txt
2018-11-07 10:49:17,602 WARNING - - - Unknown command or file -  [Errno 2] No such file or directory: 'output/scheduled_jobs/find__var_spool_cron_*_-type_f_-exec_cat_{}_+.txt'
2018-11-07 10:49:17,602 INFO    - - - X WINDOW CONFIG FILES | command: find /etc/X11/* -type f -exec cat {} +
2018-11-07 10:49:17,606 INFO    - - - Saving output to output/x_window_config_files/find__etc_X11_*_-type_f_-exec_cat_{}_+.txt
2018-11-07 10:49:17,606 WARNING - - - Unknown command or file -  [Errno 2] No such file or directory: 'output/x_window_config_files/find__etc_X11_*_-type_f_-exec_cat_{}_+.txt'
2018-11-07 10:49:17,606 INFO    - - - YUM REPOSITORIES | command: find /etc/yum.repos.d/* -type f -exec cat {} +
2018-11-07 10:49:17,611 INFO    - - - Saving output to output/yum_repositories/find__etc_yum.repos.d_*_-type_f_-exec_cat_{}_+.txt
2018-11-07 10:49:17,611 WARNING - - - Unknown command or file -  [Errno 2] No such file or directory: 'output/yum_repositories/find__etc_yum.repos.d_*_-type_f_-exec_cat_{}_+.txt'
2018-11-07 10:49:17,611 INFO    - - - CACHED YUM DATA FILES | command: find /var/cache/yum -type f -exec ls {} +
2018-11-07 10:49:17,616 INFO    - - - Saving output to output/cached_yum_data_files/find__var_cache_yum_-type_f_-exec_ls_{}_+.txt
2018-11-07 10:49:17,616 WARNING - - - Unknown command or file -  [Errno 2] No such file or directory: 'output/cached_yum_data_files/find__var_cache_yum_-type_f_-exec_ls_{}_+.txt'
2018-11-07 10:49:17,616 INFO    - - - INSTALLED YUM PACKAGES | command: yum list installed
2018-11-07 10:49:17,620 WARNING - - - Unknown command or file -  [Errno 2] No such file or directory: 'yum': 'yum'
2018-11-07 10:49:17,620 INFO    - - - STARTUP SCRIPTS | command: find /etc/rc.d/* -type f -exec cat {} +
2018-11-07 10:49:17,624 INFO    - - - Saving output to output/startup_scripts/find__etc_rc.d_*_-type_f_-exec_cat_{}_+.txt
2018-11-07 10:49:17,625 WARNING - - - Unknown command or file -  [Errno 2] No such file or directory: 'output/startup_scripts/find__etc_rc.d_*_-type_f_-exec_cat_{}_+.txt'
2018-11-07 10:49:17,625 INFO    - - - STARTUP SCRIPTS | command: find /etc/init* -type f -exec cat {} +
2018-11-07 10:49:17,629 INFO    - - - Saving output to output/startup_scripts/find__etc_init*_-type_f_-exec_cat_{}_+.txt
2018-11-07 10:49:17,629 WARNING - - - Unknown command or file -  [Errno 2] No such file or directory: 'output/startup_scripts/find__etc_init*_-type_f_-exec_cat_{}_+.txt'
2018-11-07 10:49:17,629 INFO    - - - OPEN FILES | command: lsof -R
2018-11-07 10:49:42,275 INFO    - - - Saving output to output/open_files/lsof_-R.txt
2018-11-07 10:49:42,275 WARNING - - - Unknown command or file -  [Errno 2] No such file or directory: 'output/open_files/lsof_-R.txt'
2018-11-07 10:49:42,275 INFO    - - - SSH CONFIGURATION | command: find $HOME/.ssh -type f -exec cat {} +
2018-11-07 10:49:42,280 INFO    - - - Saving output to output/ssh_configuration/find_$HOME_.ssh_-type_f_-exec_cat_{}_+.txt
2018-11-07 10:49:42,280 WARNING - - - Unknown command or file -  [Errno 2] No such file or directory: 'output/ssh_configuration/find_$HOME_.ssh_-type_f_-exec_cat_{}_+.txt'
2018-11-07 10:49:42,280 INFO    - - - USER COMMANDS | command: find /usr/bin -type f -exec ls {} +
2018-11-07 10:49:42,299 INFO    - - - Saving output to output/user_commands/find__usr_bin_-type_f_-exec_ls_{}_+.txt
2018-11-07 10:49:42,300 WARNING - - - Unknown command or file -  [Errno 2] No such file or directory: 'output/user_commands/find__usr_bin_-type_f_-exec_ls_{}_+.txt'
2018-11-07 10:49:42,300 INFO    - - - USER COMMANDS | command: find /usr/local/bin -type f -exec ls {} +
2018-11-07 10:49:42,309 INFO    - - - Saving output to output/user_commands/find__usr_local_bin_-type_f_-exec_ls_{}_+.txt
2018-11-07 10:49:42,310 WARNING - - - Unknown command or file -  [Errno 2] No such file or directory: 'output/user_commands/find__usr_local_bin_-type_f_-exec_ls_{}_+.txt'
2018-11-07 10:49:42,310 INFO    - - - PROCESS TREE | command: pstree -alp
2018-11-07 10:49:42,313 WARNING - - - Unknown command or file -  [Errno 2] No such file or directory: 'pstree': 'pstree'
