2018-11-05 10:38:37,449 INFO    - - - Started execution
2018-11-05 10:38:37,449 INFO    - - - Checking effective user permissions
2018-11-05 10:38:37,450 INFO    - - - Confirmed superuser privileges, running...
2018-11-05 10:38:37,450 INFO    - - - KERNEL_NAME_VERSION | command: uname -rs
2018-11-05 10:38:37,454 INFO    - - - Saving output to kernel_name_version/uname_-rs.txt
2018-11-05 10:38:37,455 INFO    - - - Saved ./kernel_name_version/uname -rs successfully
2018-11-05 10:38:37,455 INFO    - - - KERNEL MODULES | command: lsmod
2018-11-05 10:38:37,458 WARNING - - - Unknown command or file -  [Errno 2] No such file or directory: 'lsmod': 'lsmod'
2018-11-05 10:38:37,458 INFO    - - - NETWORK INTERFACES | command: ifconfig -a
2018-11-05 10:38:37,465 INFO    - - - Saving output to network_interfaces/ifconfig_-a.txt
2018-11-05 10:38:37,465 WARNING - - - Unknown command or file -  [Errno 2] No such file or directory
2018-11-05 10:38:37,466 INFO    - - - NETWORKING INFORMATION | command: find /etc/hosts -type f -exec cat {} +
2018-11-05 10:38:37,473 INFO    - - - Saving output to networking_information/find__etc_hosts_-type_f_-exec_cat_{}_+.txt
2018-11-05 10:38:37,473 WARNING - - - Unknown command or file -  [Errno 2] No such file or directory
2018-11-05 10:38:37,473 INFO    - - - NETWORKING INFORMATION | command: find /etc/networks -type f -exec cat {} +
2018-11-05 10:38:37,480 INFO    - - - Saving output to networking_information/find__etc_networks_-type_f_-exec_cat_{}_+.txt
2018-11-05 10:38:37,480 WARNING - - - Unknown command or file -  [Errno 2] No such file or directory
2018-11-05 10:38:37,480 INFO    - - - NETWORKING INFORMATION | command: find /etc/protocols -type f -exec cat {} +
2018-11-05 10:38:37,488 INFO    - - - Saving output to networking_information/find__etc_protocols_-type_f_-exec_cat_{}_+.txt
2018-11-05 10:38:37,488 WARNING - - - Unknown command or file -  [Errno 2] No such file or directory
2018-11-05 10:38:37,488 INFO    - - - NETWORKING INFORMATION | command: find /etc/ethers -type f -exec cat {} +
2018-11-05 10:38:37,493 INFO    - - - Saving output to networking_information/find__etc_ethers_-type_f_-exec_cat_{}_+.txt
2018-11-05 10:38:37,493 WARNING - - - Unknown command or file -  [Errno 2] No such file or directory
2018-11-05 10:38:37,493 INFO    - - - NETWORKING INFORMATION | command: find /etc/netgroup -type f -exec cat {} +
2018-11-05 10:38:37,498 INFO    - - - Saving output to networking_information/find__etc_netgroup_-type_f_-exec_cat_{}_+.txt
2018-11-05 10:38:37,498 WARNING - - - Unknown command or file -  [Errno 2] No such file or directory
2018-11-05 10:38:37,498 INFO    - - - NETWORKING INFORMATION | command: find /etc/dhclients -type f -exec cat {} +
2018-11-05 10:38:37,503 INFO    - - - Saving output to networking_information/find__etc_dhclients_-type_f_-exec_cat_{}_+.txt
2018-11-05 10:38:37,503 WARNING - - - Unknown command or file -  [Errno 2] No such file or directory
2018-11-05 10:38:37,503 INFO    - - - HOSTNAME | command: hostname
2018-11-05 10:38:37,507 INFO    - - - Saving output to hostname/hostname.txt
2018-11-05 10:38:37,508 WARNING - - - Unknown command or file -  [Errno 2] No such file or directory
2018-11-05 10:38:37,508 INFO    - - - HOSTNAME | command: find /etc/hostname -type f -exec cat {} +
2018-11-05 10:38:37,512 INFO    - - - Saving output to hostname/find__etc_hostname_-type_f_-exec_cat_{}_+.txt
2018-11-05 10:38:37,513 WARNING - - - Unknown command or file -  [Errno 2] No such file or directory
2018-11-05 10:38:37,513 INFO    - - - LOGIN HISTORY | command: last -Faixw
2018-11-05 10:38:37,517 INFO    - - - Saving output to login_history/last_-Faixw.txt
2018-11-05 10:38:37,517 WARNING - - - Unknown command or file -  [Errno 2] No such file or directory
2018-11-05 10:38:37,517 INFO    - - - LOGIN HISTORY | command: find /etc/logs/auth.log -type f -exec cat {} +
2018-11-05 10:38:37,522 INFO    - - - Saving output to login_history/find__etc_logs_auth.log_-type_f_-exec_cat_{}_+.txt
2018-11-05 10:38:37,522 WARNING - - - Unknown command or file -  [Errno 2] No such file or directory
2018-11-05 10:38:37,522 INFO    - - - LOGIN HISTORY | command: find /etc/logs/secure -type f -exec cat {} +
2018-11-05 10:38:37,527 INFO    - - - Saving output to login_history/find__etc_logs_secure_-type_f_-exec_cat_{}_+.txt
2018-11-05 10:38:37,527 WARNING - - - Unknown command or file -  [Errno 2] No such file or directory
2018-11-05 10:38:37,527 INFO    - - - LOGIN HISTORY | command: find /etc/logs/audit.log -type f -exec cat {} +
2018-11-05 10:38:37,532 INFO    - - - Saving output to login_history/find__etc_logs_audit.log_-type_f_-exec_cat_{}_+.txt
2018-11-05 10:38:37,533 WARNING - - - Unknown command or file -  [Errno 2] No such file or directory
2018-11-05 10:38:37,533 INFO    - - - UNIX DISTRIBUTION | command: find /etc/*release -type f -exec cat {} +
2018-11-05 10:38:37,538 INFO    - - - Saving output to unix_distribution/find__etc_*release_-type_f_-exec_cat_{}_+.txt
2018-11-05 10:38:37,538 WARNING - - - Unknown command or file -  [Errno 2] No such file or directory
2018-11-05 10:38:37,538 INFO    - - - SOCKET CONNECTIONS | command: ss -p
2018-11-05 10:38:37,541 WARNING - - - Unknown command or file -  [Errno 2] No such file or directory: 'ss': 'ss'
2018-11-05 10:38:37,541 INFO    - - - SOCKET CONNECTIONS | command: ss -naop
2018-11-05 10:38:37,544 WARNING - - - Unknown command or file -  [Errno 2] No such file or directory: 'ss': 'ss'
2018-11-05 10:38:37,545 INFO    - - - PROCESSES | command: ps -eww
2018-11-05 10:38:37,596 INFO    - - - Saving output to processes/ps_-eww.txt
2018-11-05 10:38:37,596 WARNING - - - Unknown command or file -  [Errno 2] No such file or directory
2018-11-05 10:38:37,596 INFO    - - - PASSWORD FILES | command: find /etc/shadow -type f -exec cat {} +
2018-11-05 10:38:37,601 INFO    - - - Saving output to password_files/find__etc_shadow_-type_f_-exec_cat_{}_+.txt
2018-11-05 10:38:37,601 WARNING - - - Unknown command or file -  [Errno 2] No such file or directory
2018-11-05 10:38:37,601 INFO    - - - PASSWORD FILES | command: find /etc/passwd -type f -exec cat {} +
2018-11-05 10:38:37,608 INFO    - - - Saving output to password_files/find__etc_passwd_-type_f_-exec_cat_{}_+.txt
2018-11-05 10:38:37,608 WARNING - - - Unknown command or file -  [Errno 2] No such file or directory
2018-11-05 10:38:37,609 INFO    - - - SCHEDULED JOBS | command: find /etc/cron* -type f -exec cat {} +
2018-11-05 10:38:37,613 INFO    - - - Saving output to scheduled_jobs/find__etc_cron*_-type_f_-exec_cat_{}_+.txt
2018-11-05 10:38:37,614 WARNING - - - Unknown command or file -  [Errno 2] No such file or directory
2018-11-05 10:38:37,614 INFO    - - - SCHEDULED JOBS | command: find /var/spool/cron/* -type f -exec cat {} +
2018-11-05 10:38:37,618 INFO    - - - Saving output to scheduled_jobs/find__var_spool_cron_*_-type_f_-exec_cat_{}_+.txt
2018-11-05 10:38:37,618 WARNING - - - Unknown command or file -  [Errno 2] No such file or directory
2018-11-05 10:38:37,619 INFO    - - - X WINDOW CONFIG FILES | command: find /etc/X11/* -type f -exec cat {} +
2018-11-05 10:38:37,623 INFO    - - - Saving output to x_window_config_files/find__etc_X11_*_-type_f_-exec_cat_{}_+.txt
2018-11-05 10:38:37,623 WARNING - - - Unknown command or file -  [Errno 2] No such file or directory
2018-11-05 10:38:37,623 INFO    - - - YUM REPOSITORIES | command: find /etc/yum.repos.d/* -type f -exec cat {} +
2018-11-05 10:38:37,628 INFO    - - - Saving output to yum_repositories/find__etc_yum.repos.d_*_-type_f_-exec_cat_{}_+.txt
2018-11-05 10:38:37,628 WARNING - - - Unknown command or file -  [Errno 2] No such file or directory
2018-11-05 10:38:37,628 INFO    - - - CACHED YUM DATA FILES | command: find /var/cache/yum -type f -exec ls {} +
2018-11-05 10:38:37,633 INFO    - - - Saving output to cached_yum_data_files/find__var_cache_yum_-type_f_-exec_ls_{}_+.txt
2018-11-05 10:38:37,634 WARNING - - - Unknown command or file -  [Errno 2] No such file or directory
2018-11-05 10:38:37,634 INFO    - - - INSTALLED YUM PACKAGES | command: yum list installed
2018-11-05 10:38:37,637 WARNING - - - Unknown command or file -  [Errno 2] No such file or directory: 'yum': 'yum'
2018-11-05 10:38:37,637 INFO    - - - STARTUP SCRIPTS | command: find /etc/rc.d/* -type f -exec cat {} +
2018-11-05 10:38:37,642 INFO    - - - Saving output to startup_scripts/find__etc_rc.d_*_-type_f_-exec_cat_{}_+.txt
2018-11-05 10:38:37,642 WARNING - - - Unknown command or file -  [Errno 2] No such file or directory
2018-11-05 10:38:37,642 INFO    - - - STARTUP SCRIPTS | command: find /etc/init* -type f -exec cat {} +
2018-11-05 10:38:37,647 INFO    - - - Saving output to startup_scripts/find__etc_init*_-type_f_-exec_cat_{}_+.txt
2018-11-05 10:38:37,647 WARNING - - - Unknown command or file -  [Errno 2] No such file or directory
2018-11-05 10:38:37,648 INFO    - - - OPEN FILES | command: lsof -R
