2018-10-31 11:53:31,026 INFO    - - - Started execution
2018-10-31 11:53:31,027 INFO    - - - Checking effective user permissions
2018-10-31 11:53:31,027 INFO    - - - Confirmed superuser privileges, running...
2018-10-31 11:53:31,028 INFO    - - - KERNEL_NAME_VERSION | command: uname -rs
2018-10-31 11:53:33,590 INFO    - - - Saving output to kernel_name_version/uname_-rs.dat
2018-10-31 12:28:33,337 WARNING - - - Unknown command: kernel_name_version/uname_-rs.dat
2018-10-31 12:28:33,343 INFO    - - - KERNEL MODULES | command: lsmod
2018-10-31 12:28:33,359 WARNING - - - Unknown command: lsmod
2018-10-31 12:28:33,364 INFO    - - - NETWORK INTERFACES | command: ifconfig -a
2018-10-31 12:28:33,385 INFO    - - - Saving output to network_interfaces/ifconfig_-a.dat
2018-10-31 12:28:33,387 WARNING - - - Unknown command: network_interfaces/ifconfig_-a.dat
2018-10-31 12:28:33,389 INFO    - - - NETWORKING INFORMATION | command: find /etc/hosts -type f -exec cat {} +
2018-10-31 12:28:33,414 INFO    - - - Saving output to networking_information/find_//etc//hosts_-type_f_-exec_cat_{}_+.dat
2018-10-31 12:28:33,417 WARNING - - - Unknown command: networking_information/find_//etc//hosts_-type_f_-exec_cat_{}_+.dat
2018-10-31 12:28:33,419 INFO    - - - NETWORKING INFORMATION | command: find /etc/networks -type f -exec cat {} +
2018-10-31 12:28:33,439 INFO    - - - Saving output to networking_information/find_//etc//networks_-type_f_-exec_cat_{}_+.dat
2018-10-31 12:28:33,441 WARNING - - - Unknown command: networking_information/find_//etc//networks_-type_f_-exec_cat_{}_+.dat
2018-10-31 12:28:33,443 INFO    - - - NETWORKING INFORMATION | command: find /etc/protocols -type f -exec cat {} +
2018-10-31 12:28:33,464 INFO    - - - Saving output to networking_information/find_//etc//protocols_-type_f_-exec_cat_{}_+.dat
2018-10-31 12:28:33,466 WARNING - - - Unknown command: networking_information/find_//etc//protocols_-type_f_-exec_cat_{}_+.dat
2018-10-31 12:28:33,467 INFO    - - - NETWORKING INFORMATION | command: find /etc/ethers -type f -exec cat {} +
2018-10-31 12:28:33,497 INFO    - - - Saving output to networking_information/find_//etc//ethers_-type_f_-exec_cat_{}_+.dat
2018-10-31 12:28:33,499 WARNING - - - Unknown command: networking_information/find_//etc//ethers_-type_f_-exec_cat_{}_+.dat
2018-10-31 12:28:33,501 INFO    - - - NETWORKING INFORMATION | command: find /etc/netgroup -type f -exec cat {} +
2018-10-31 12:28:33,516 INFO    - - - Saving output to networking_information/find_//etc//netgroup_-type_f_-exec_cat_{}_+.dat
2018-10-31 12:28:33,518 WARNING - - - Unknown command: networking_information/find_//etc//netgroup_-type_f_-exec_cat_{}_+.dat
2018-10-31 12:28:33,520 INFO    - - - NETWORKING INFORMATION | command: find /etc/dhclients -type f -exec cat {} +
2018-10-31 12:28:33,537 INFO    - - - Saving output to networking_information/find_//etc//dhclients_-type_f_-exec_cat_{}_+.dat
2018-10-31 12:28:33,540 WARNING - - - Unknown command: networking_information/find_//etc//dhclients_-type_f_-exec_cat_{}_+.dat
2018-10-31 12:28:33,541 INFO    - - - HOSTNAME | command: hostname
2018-10-31 12:28:33,557 INFO    - - - Saving output to hostname/hostname.dat
2018-10-31 12:28:33,559 WARNING - - - Unknown command: hostname/hostname.dat
2018-10-31 12:28:33,560 INFO    - - - HOSTNAME | command: find /etc/hostname -type f -exec cat {} +
2018-10-31 12:28:33,580 INFO    - - - Saving output to hostname/find_//etc//hostname_-type_f_-exec_cat_{}_+.dat
2018-10-31 12:28:33,582 WARNING - - - Unknown command: hostname/find_//etc//hostname_-type_f_-exec_cat_{}_+.dat
2018-10-31 12:28:33,584 INFO    - - - LOGIN HISTORY | command: last -Faixw
2018-10-31 12:28:33,604 INFO    - - - Saving output to login_history/last_-Faixw.dat
2018-10-31 12:28:33,606 WARNING - - - Unknown command: login_history/last_-Faixw.dat
2018-10-31 12:28:33,608 INFO    - - - LOGIN HISTORY | command: find /etc/logs/auth.log -type f -exec cat {} +
2018-10-31 12:28:33,626 INFO    - - - Saving output to login_history/find_//etc//logs//auth.log_-type_f_-exec_cat_{}_+.dat
2018-10-31 12:28:33,630 WARNING - - - Unknown command: login_history/find_//etc//logs//auth.log_-type_f_-exec_cat_{}_+.dat
2018-10-31 12:28:33,632 INFO    - - - LOGIN HISTORY | command: find /etc/logs/secure -type f -exec cat {} +
2018-10-31 12:28:33,649 INFO    - - - Saving output to login_history/find_//etc//logs//secure_-type_f_-exec_cat_{}_+.dat
2018-10-31 12:28:33,651 WARNING - - - Unknown command: login_history/find_//etc//logs//secure_-type_f_-exec_cat_{}_+.dat
2018-10-31 12:28:33,653 INFO    - - - LOGIN HISTORY | command: find /etc/logs/audit.log -type f -exec cat {} +
2018-10-31 12:28:33,668 INFO    - - - Saving output to login_history/find_//etc//logs//audit.log_-type_f_-exec_cat_{}_+.dat
2018-10-31 12:28:33,670 WARNING - - - Unknown command: login_history/find_//etc//logs//audit.log_-type_f_-exec_cat_{}_+.dat
2018-10-31 12:28:33,671 INFO    - - - UNIX DISTRIBUTION | command: find /etc/*release -type f -exec cat {} +
2018-10-31 12:28:33,688 INFO    - - - Saving output to unix_distribution/find_//etc//*release_-type_f_-exec_cat_{}_+.dat
2018-10-31 12:28:33,690 WARNING - - - Unknown command: unix_distribution/find_//etc//*release_-type_f_-exec_cat_{}_+.dat
2018-10-31 12:28:33,691 INFO    - - - SOCKET CONNECTIONS | command: ss -p
2018-10-31 12:28:33,712 WARNING - - - Unknown command: ss
2018-10-31 12:28:33,715 INFO    - - - SOCKET CONNECTIONS | command: ss -naop
2018-10-31 12:28:33,733 WARNING - - - Unknown command: ss
2018-10-31 12:28:33,736 INFO    - - - PROCESSES | command: ps -eww
2018-10-31 12:28:33,805 INFO    - - - Saving output to processes/ps_-eww.dat
2018-10-31 12:28:33,807 WARNING - - - Unknown command: processes/ps_-eww.dat
2018-10-31 12:28:33,808 INFO    - - - PASSWORD FILES | command: find /etc/shadow -type f -exec cat {} +
2018-10-31 12:28:33,824 INFO    - - - Saving output to password_files/find_//etc//shadow_-type_f_-exec_cat_{}_+.dat
2018-10-31 12:28:33,827 WARNING - - - Unknown command: password_files/find_//etc//shadow_-type_f_-exec_cat_{}_+.dat
2018-10-31 12:28:33,829 INFO    - - - PASSWORD FILES | command: find /etc/passwd -type f -exec cat {} +
2018-10-31 12:28:33,856 INFO    - - - Saving output to password_files/find_//etc//passwd_-type_f_-exec_cat_{}_+.dat
2018-10-31 12:28:33,859 WARNING - - - Unknown command: password_files/find_//etc//passwd_-type_f_-exec_cat_{}_+.dat
2018-10-31 12:28:33,860 INFO    - - - SCHEDULED JOBS | command: find /etc/cron* -type f -exec cat {} +
2018-10-31 12:28:33,877 INFO    - - - Saving output to scheduled_jobs/find_//etc//cron*_-type_f_-exec_cat_{}_+.dat
2018-10-31 12:28:33,880 WARNING - - - Unknown command: scheduled_jobs/find_//etc//cron*_-type_f_-exec_cat_{}_+.dat
2018-10-31 12:28:33,881 INFO    - - - SCHEDULED JOBS | command: find /var/spool/cron/* -type f -exec cat {} +
2018-10-31 12:28:33,907 INFO    - - - Saving output to scheduled_jobs/find_//var//spool//cron//*_-type_f_-exec_cat_{}_+.dat
2018-10-31 12:28:33,909 WARNING - - - Unknown command: scheduled_jobs/find_//var//spool//cron//*_-type_f_-exec_cat_{}_+.dat
2018-10-31 12:28:33,910 INFO    - - - X WINDOW CONFIG FILES | command: find /etc/X11/* -type f -exec cat {} +
2018-10-31 12:28:33,933 INFO    - - - Saving output to x_window_config_files/find_//etc//X11//*_-type_f_-exec_cat_{}_+.dat
2018-10-31 12:28:33,935 WARNING - - - Unknown command: x_window_config_files/find_//etc//X11//*_-type_f_-exec_cat_{}_+.dat
2018-10-31 12:28:33,937 INFO    - - - YUM REPOSITORIES | command: find /etc/yum.repos.d/* -type f -exec cat {} +
2018-10-31 12:28:33,973 INFO    - - - Saving output to yum_repositories/find_//etc//yum.repos.d//*_-type_f_-exec_cat_{}_+.dat
2018-10-31 12:28:33,976 WARNING - - - Unknown command: yum_repositories/find_//etc//yum.repos.d//*_-type_f_-exec_cat_{}_+.dat
2018-10-31 12:28:33,978 INFO    - - - CACHED YUM DATA FILES | command: find /var/cache/yum -type f -exec ls {} +
2018-10-31 12:28:34,001 INFO    - - - Saving output to cached_yum_data_files/find_//var//cache//yum_-type_f_-exec_ls_{}_+.dat
2018-10-31 12:28:34,003 WARNING - - - Unknown command: cached_yum_data_files/find_//var//cache//yum_-type_f_-exec_ls_{}_+.dat
2018-10-31 12:28:34,005 INFO    - - - INSTALLED YUM PACKAGES | command: yum list installed
2018-10-31 12:28:34,026 WARNING - - - Unknown command: yum
2018-10-31 12:28:34,029 INFO    - - - STARTUP SCRIPTS | command: find /etc/rc.d/* -type f -exec cat {} +
2018-10-31 12:28:34,045 INFO    - - - Saving output to startup_scripts/find_//etc//rc.d//*_-type_f_-exec_cat_{}_+.dat
2018-10-31 12:28:34,048 WARNING - - - Unknown command: startup_scripts/find_//etc//rc.d//*_-type_f_-exec_cat_{}_+.dat
2018-10-31 12:28:34,050 INFO    - - - STARTUP SCRIPTS | command: find /etc/init* -type f -exec cat {} +
2018-10-31 12:28:34,074 INFO    - - - Saving output to startup_scripts/find_//etc//init*_-type_f_-exec_cat_{}_+.dat
2018-10-31 12:28:34,076 WARNING - - - Unknown command: startup_scripts/find_//etc//init*_-type_f_-exec_cat_{}_+.dat
2018-10-31 12:28:34,077 INFO    - - - OPEN FILES | command: lsof -R
2018-10-31 12:33:26,301 INFO    - - - Saving output to open_files/lsof_-R.dat
2018-10-31 12:33:26,302 WARNING - - - Unknown command: open_files/lsof_-R.dat
2018-10-31 12:33:26,303 INFO    - - - SSH CONFIGURATION | command: find $HOME/.ssh -type f -exec cat {} +
2018-10-31 12:33:26,311 INFO    - - - Saving output to ssh_configuration/find_$HOME//.ssh_-type_f_-exec_cat_{}_+.dat
2018-10-31 12:33:26,312 WARNING - - - Unknown command: ssh_configuration/find_$HOME//.ssh_-type_f_-exec_cat_{}_+.dat
2018-10-31 12:33:26,313 INFO    - - - USER COMMANDS | command: find /usr/bin -type f -exec ls {} +
2018-10-31 12:33:26,335 INFO    - - - Saving output to user_commands/find_//usr//bin_-type_f_-exec_ls_{}_+.dat
2018-10-31 12:33:26,336 WARNING - - - Unknown command: user_commands/find_//usr//bin_-type_f_-exec_ls_{}_+.dat
2018-10-31 12:33:26,337 INFO    - - - USER COMMANDS | command: find /usr/local/bin -type f -exec ls {} +
2018-10-31 12:33:26,350 INFO    - - - Saving output to user_commands/find_//usr//local//bin_-type_f_-exec_ls_{}_+.dat
2018-10-31 12:33:26,351 WARNING - - - Unknown command: user_commands/find_//usr//local//bin_-type_f_-exec_ls_{}_+.dat
2018-10-31 12:33:26,352 INFO    - - - PROCESS TREE | command: pstree -alp
2018-10-31 12:33:26,357 WARNING - - - Unknown command: pstree
